Test (2C): basic persistence ...
labgob warning: Decoding into a non-default variable/field int may not work
  ... Passed --   4.5  3   84   20930    6
Test (2C): more persistence ...
  ... Passed --  17.5  5  932  198754   16
Test (2C): partitioned leader and one follower crash, leader restarts ...
  ... Passed --   2.2  3   36    8860    4
Test (2C): Figure 8 ...
  ... Passed --  24.9  5  576  103447   33
Test (2C): unreliable agreement ...
  ... Passed --   5.8  5  220   74254  246
Test (2C): Figure 8 (unreliable) ...
  ... Passed --  34.7  5 2976 9837930  554
Test (2C): churn ...
  ... Passed --  16.2  5  636  305351  431
Test (2C): unreliable churn ...
  ... Passed --  16.4  5  744  331739  259
PASS
ok  	6.824/raft	122.260s
Test (2C): basic persistence ...
labgob warning: Decoding into a non-default variable/field int may not work
  ... Passed --   4.5  3   84   20930    6
Test (2C): more persistence ...
  ... Passed --  17.5  5  932  198762   16
Test (2C): partitioned leader and one follower crash, leader restarts ...
  ... Passed --   2.2  3   36    8860    4
Test (2C): Figure 8 ...
  ... Passed --  27.2  5  660  117109   15
Test (2C): unreliable agreement ...
  ... Passed --   5.7  5  216   73412  246
Test (2C): Figure 8 (unreliable) ...
  ... Passed --  35.3  5 3256 7839329  376
Test (2C): churn ...
  ... Passed --  16.5  5  664  607688  415
Test (2C): unreliable churn ...
  ... Passed --  16.2  5  868  571928  132
PASS
ok  	6.824/raft	125.102s
Test (2C): basic persistence ...
labgob warning: Decoding into a non-default variable/field int may not work
  ... Passed --   4.5  3   84   20986    6
Test (2C): more persistence ...
  ... Passed --  17.7  5  944  201862   16
Test (2C): partitioned leader and one follower crash, leader restarts ...
  ... Passed --   2.2  3   36    8860    4
Test (2C): Figure 8 ...
  ... Passed --  27.3  5  600  110983   16
Test (2C): unreliable agreement ...
  ... Passed --   5.8  5  220   74341  246
Test (2C): Figure 8 (unreliable) ...
  ... Passed --  38.7  5 3572 8226733  477
Test (2C): churn ...
  ... Passed --  16.3  5  636  386463  427
Test (2C): unreliable churn ...
  ... Passed --  16.3  5  704  235493  145
PASS
ok  	6.824/raft	128.700s
Test (2C): basic persistence ...
labgob warning: Decoding into a non-default variable/field int may not work
  ... Passed --   4.5  3   84   20926    6
Test (2C): more persistence ...
  ... Passed --  17.7  5  936  200696   16
Test (2C): partitioned leader and one follower crash, leader restarts ...
  ... Passed --   2.2  3   36    8860    4
Test (2C): Figure 8 ...
  ... Passed --  21.4  5  464   82902    3
Test (2C): unreliable agreement ...
  ... Passed --   5.8  5  220   74615  246
Test (2C): Figure 8 (unreliable) ...
  ... Passed --  36.6  5 3360 10763192  653
Test (2C): churn ...
  ... Passed --  16.3  5  644  492995  411
Test (2C): unreliable churn ...
  ... Passed --  16.3  5 1072  852631  127
PASS
ok  	6.824/raft	120.716s
Test (2C): basic persistence ...
labgob warning: Decoding into a non-default variable/field int may not work
  ... Passed --   4.2  3   84   21106    6
Test (2C): more persistence ...
  ... Passed --  16.6  5  912  194288   16
Test (2C): partitioned leader and one follower crash, leader restarts ...
  ... Passed --   1.9  3   36    8860    4
Test (2C): Figure 8 ...
  ... Passed --  30.3  5  756  158048   34
Test (2C): unreliable agreement ...
  ... Passed --   2.2  5  220   75494  246
Test (2C): Figure 8 (unreliable) ...
  ... Passed --  32.5  5 7440 10821310  372
Test (2C): churn ...
  ... Passed --  16.2  5 4060 20375555 2198
Test (2C): unreliable churn ...
  ... Passed --  16.2  5  952 1225294  422
PASS
ok  	6.824/raft	120.112s
Test (2C): basic persistence ...
labgob warning: Decoding into a non-default variable/field int may not work
  ... Passed --   4.2  3   84   21106    6
Test (2C): more persistence ...
  ... Passed --  16.6  5  904  193244   16
Test (2C): partitioned leader and one follower crash, leader restarts ...
  ... Passed --   1.9  3   36    8860    4
Test (2C): Figure 8 ...
  ... Passed --  36.0  5  856  176441   35
Test (2C): unreliable agreement ...
  ... Passed --   2.1  5  216   74823  246
Test (2C): Figure 8 (unreliable) ...
  ... Passed --  36.3  5 6040 7509959  169
Test (2C): churn ...
  ... Passed --  16.5  5 4172 4514972 2185
Test (2C): unreliable churn ...
  ... Passed --  16.4  5 1860 1193044  668
PASS
ok  	6.824/raft	130.066s
Test (2C): basic persistence ...
labgob warning: Decoding into a non-default variable/field int may not work
  ... Passed --   4.2  3   82   20552    6
Test (2C): more persistence ...
  ... Passed --  16.6  5  920  196812   16
Test (2C): partitioned leader and one follower crash, leader restarts ...
  ... Passed --   1.9  3   36    8860    4
Test (2C): Figure 8 ...
  ... Passed --  34.0  5  844  180210   40
Test (2C): unreliable agreement ...
  ... Passed --   2.1  5  216   74932  246
Test (2C): Figure 8 (unreliable) ...
  ... Passed --  34.4  5 6332 13484207  377
Test (2C): churn ...
  ... Passed --  16.5  5 4992 23471081 2962
Test (2C): unreliable churn ...
  ... Passed --  16.4  5 2316 1830369  925
PASS
ok  	6.824/raft	126.174s
Test (2C): basic persistence ...
labgob warning: Decoding into a non-default variable/field int may not work
  ... Passed --   4.2  3   84   21106    6
Test (2C): more persistence ...
  ... Passed --  16.6  5  912  194702   16
Test (2C): partitioned leader and one follower crash, leader restarts ...
  ... Passed --   1.9  3   36    8860    4
Test (2C): Figure 8 ...
  ... Passed --  34.9  5  840  178419   42
Test (2C): unreliable agreement ...
  ... Passed --   2.2  5  216   74656  246
Test (2C): Figure 8 (unreliable) ...
  ... Passed --  36.1  5 7296 14630593  146
Test (2C): churn ...
  ... Passed --  16.4  5 3684 15731309 2144
Test (2C): unreliable churn ...
  ... Passed --  16.2  5  568  304020  150
PASS
ok  	6.824/raft	128.489s
Test (2C): basic persistence ...
labgob warning: Decoding into a non-default variable/field int may not work
  ... Passed --   4.2  3   82   20552    6
Test (2C): more persistence ...
  ... Passed --  16.7  5  920  196210   16
Test (2C): partitioned leader and one follower crash, leader restarts ...
  ... Passed --   1.9  3   36    8860    4
Test (2C): Figure 8 ...
  ... Passed --  33.1  5  828  172589   34
Test (2C): unreliable agreement ...
  ... Passed --   2.2  5  220   75613  246
Test (2C): Figure 8 (unreliable) ...
  ... Passed --  35.4  5 6468 9951984   45
Test (2C): churn ...
  ... Passed --  16.2  5 4032 13009484 2280
Test (2C): unreliable churn ...
  ... Passed --  16.1  5  972  720982  286
PASS
ok  	6.824/raft	125.793s
Test (2C): basic persistence ...
labgob warning: Decoding into a non-default variable/field int may not work
  ... Passed --   4.2  3   82   20608    6
Test (2C): more persistence ...
  ... Passed --  16.7  5  916  195684   16
Test (2C): partitioned leader and one follower crash, leader restarts ...
  ... Passed --   1.9  3   36    8860    4
Test (2C): Figure 8 ...
  ... Passed --  37.8  5  968  206720   43
Test (2C): unreliable agreement ...
  ... Passed --   2.1  5  212   73497  246
Test (2C): Figure 8 (unreliable) ...
  ... Passed --  35.6  5 8068 26155523  155
Test (2C): churn ...
  ... Passed --  16.4  5 4280 13240526 2358
Test (2C): unreliable churn ...
  ... Passed --  16.4  5 1544 1458338  534
PASS
ok  	6.824/raft	131.145s
Test (2C): basic persistence ...
labgob warning: Decoding into a non-default variable/field int may not work
  ... Passed --   4.2  3   82   20608    6
Test (2C): more persistence ...
  ... Passed --  16.5  5  916  195110   16
Test (2C): partitioned leader and one follower crash, leader restarts ...
  ... Passed --   1.9  3   36    8860    4
Test (2C): Figure 8 ...
  ... Passed --  31.4  5  804  169551   39
Test (2C): unreliable agreement ...
  ... Passed --   2.1  5  216   74775  246
Test (2C): Figure 8 (unreliable) ...
  ... Passed --  33.0  5 6336 12699684  126
Test (2C): churn ...
  ... Passed --  16.2  5 3704 10291888 2173
Test (2C): unreliable churn ...
  ... Passed --  16.2  5 1496 1114181  556
PASS
ok  	6.824/raft	121.433s
