第 1 轮测试
-------------------------------------
*** Starting wc test.
--- wc test: PASS
*** Starting indexer test.
--- indexer test: PASS
*** Starting map parallelism test.
--- map parallelism test: PASS
*** Starting reduce parallelism test.
--- reduce parallelism test: PASS
*** Starting job count test.
--- job count test: PASS
*** Starting early exit test.
--- early exit test: PASS
*** Starting crash test.
--- crash test: PASS
*** PASSED ALL TESTS
第 2 轮测试
-------------------------------------
*** Starting wc test.
--- wc test: PASS
*** Starting indexer test.
--- indexer test: PASS
*** Starting map parallelism test.
--- map parallelism test: PASS
*** Starting reduce parallelism test.
--- reduce parallelism test: PASS
*** Starting job count test.
--- job count test: PASS
*** Starting early exit test.
--- early exit test: PASS
*** Starting crash test.
--- crash test: PASS
*** PASSED ALL TESTS
第 3 轮测试
-------------------------------------
*** Starting wc test.
--- wc test: PASS
*** Starting indexer test.
--- indexer test: PASS
*** Starting map parallelism test.
--- map parallelism test: PASS
*** Starting reduce parallelism test.
--- reduce parallelism test: PASS
*** Starting job count test.
--- job count test: PASS
*** Starting early exit test.
--- early exit test: PASS
*** Starting crash test.
--- crash test: PASS
*** PASSED ALL TESTS
第 4 轮测试
-------------------------------------
*** Starting wc test.
--- wc test: PASS
*** Starting indexer test.
--- indexer test: PASS
*** Starting map parallelism test.
--- map parallelism test: PASS
*** Starting reduce parallelism test.
--- reduce parallelism test: PASS
*** Starting job count test.
--- job count test: PASS
*** Starting early exit test.
--- early exit test: PASS
*** Starting crash test.
--- crash test: PASS
*** PASSED ALL TESTS
第 5 轮测试
-------------------------------------
*** Starting wc test.
--- wc test: PASS
*** Starting indexer test.
--- indexer test: PASS
*** Starting map parallelism test.
--- map parallelism test: PASS
*** Starting reduce parallelism test.
--- reduce parallelism test: PASS
*** Starting job count test.
--- job count test: PASS
*** Starting early exit test.
--- early exit test: PASS
*** Starting crash test.
--- crash test: PASS
*** PASSED ALL TESTS
第 6 轮测试
-------------------------------------
*** Starting wc test.
--- wc test: PASS
*** Starting indexer test.
--- indexer test: PASS
*** Starting map parallelism test.
--- map parallelism test: PASS
*** Starting reduce parallelism test.
--- reduce parallelism test: PASS
*** Starting job count test.
--- job count test: PASS
*** Starting early exit test.
--- early exit test: PASS
*** Starting crash test.
--- crash test: PASS
*** PASSED ALL TESTS
第 7 轮测试
-------------------------------------
*** Starting wc test.
--- wc test: PASS
*** Starting indexer test.
--- indexer test: PASS
*** Starting map parallelism test.
--- map parallelism test: PASS
*** Starting reduce parallelism test.
--- reduce parallelism test: PASS
*** Starting job count test.
--- job count test: PASS
*** Starting early exit test.
--- early exit test: PASS
*** Starting crash test.
--- crash test: PASS
*** PASSED ALL TESTS
第 8 轮测试
-------------------------------------
*** Starting wc test.
--- wc test: PASS
*** Starting indexer test.
--- indexer test: PASS
*** Starting map parallelism test.
--- map parallelism test: PASS
*** Starting reduce parallelism test.
--- reduce parallelism test: PASS
*** Starting job count test.
--- job count test: PASS
*** Starting early exit test.
--- early exit test: PASS
*** Starting crash test.
--- crash test: PASS
*** PASSED ALL TESTS
第 9 轮测试
-------------------------------------
*** Starting wc test.
--- wc test: PASS
*** Starting indexer test.
--- indexer test: PASS
*** Starting map parallelism test.
--- map parallelism test: PASS
*** Starting reduce parallelism test.
--- reduce parallelism test: PASS
*** Starting job count test.
--- job count test: PASS
*** Starting early exit test.
--- early exit test: PASS
*** Starting crash test.
--- crash test: PASS
*** PASSED ALL TESTS
第 10 轮测试
-------------------------------------
*** Starting wc test.
--- wc test: PASS
*** Starting indexer test.
--- indexer test: PASS
*** Starting map parallelism test.
--- map parallelism test: PASS
*** Starting reduce parallelism test.
--- reduce parallelism test: PASS
*** Starting job count test.
--- job count test: PASS
*** Starting early exit test.
--- early exit test: PASS
*** Starting crash test.
--- crash test: PASS
*** PASSED ALL TESTS
第 11 轮测试
-------------------------------------
*** Starting wc test.
--- wc test: PASS
*** Starting indexer test.
--- indexer test: PASS
*** Starting map parallelism test.
--- map parallelism test: PASS
*** Starting reduce parallelism test.
--- reduce parallelism test: PASS
*** Starting job count test.
--- job count test: PASS
*** Starting early exit test.
--- early exit test: PASS
*** Starting crash test.
--- crash test: PASS
*** PASSED ALL TESTS
第 12 轮测试
-------------------------------------
*** Starting wc test.
--- wc test: PASS
*** Starting indexer test.
--- indexer test: PASS
*** Starting map parallelism test.
--- map parallelism test: PASS
*** Starting reduce parallelism test.
--- reduce parallelism test: PASS
*** Starting job count test.
--- job count test: PASS
*** Starting early exit test.
--- early exit test: PASS
*** Starting crash test.
--- crash test: PASS
*** PASSED ALL TESTS
第 13 轮测试
-------------------------------------
*** Starting wc test.
--- wc test: PASS
*** Starting indexer test.
--- indexer test: PASS
*** Starting map parallelism test.
--- map parallelism test: PASS
*** Starting reduce parallelism test.
--- reduce parallelism test: PASS
*** Starting job count test.
--- job count test: PASS
*** Starting early exit test.
--- early exit test: PASS
*** Starting crash test.
--- crash test: PASS
*** PASSED ALL TESTS
第 14 轮测试
-------------------------------------
*** Starting wc test.
--- wc test: PASS
*** Starting indexer test.
--- indexer test: PASS
*** Starting map parallelism test.
--- map parallelism test: PASS
*** Starting reduce parallelism test.
--- reduce parallelism test: PASS
*** Starting job count test.
--- job count test: PASS
*** Starting early exit test.
--- early exit test: PASS
*** Starting crash test.
--- crash test: PASS
*** PASSED ALL TESTS
第 15 轮测试
-------------------------------------
*** Starting wc test.
--- wc test: PASS
*** Starting indexer test.
--- indexer test: PASS
*** Starting map parallelism test.
--- map parallelism test: PASS
*** Starting reduce parallelism test.
--- reduce parallelism test: PASS
*** Starting job count test.
--- job count test: PASS
*** Starting early exit test.
--- early exit test: PASS
*** Starting crash test.
--- crash test: PASS
*** PASSED ALL TESTS
第 16 轮测试
-------------------------------------
*** Starting wc test.
--- wc test: PASS
*** Starting indexer test.
--- indexer test: PASS
*** Starting map parallelism test.
--- map parallelism test: PASS
*** Starting reduce parallelism test.
--- reduce parallelism test: PASS
*** Starting job count test.
--- job count test: PASS
*** Starting early exit test.
--- early exit test: PASS
*** Starting crash test.
--- crash test: PASS
*** PASSED ALL TESTS
第 17 轮测试
-------------------------------------
*** Starting wc test.
--- wc test: PASS
*** Starting indexer test.
--- indexer test: PASS
*** Starting map parallelism test.
--- map parallelism test: PASS
*** Starting reduce parallelism test.
--- reduce parallelism test: PASS
*** Starting job count test.
--- job count test: PASS
*** Starting early exit test.
--- early exit test: PASS
*** Starting crash test.
--- crash test: PASS
*** PASSED ALL TESTS
第 18 轮测试
-------------------------------------
*** Starting wc test.
--- wc test: PASS
*** Starting indexer test.
--- indexer test: PASS
*** Starting map parallelism test.
--- map parallelism test: PASS
*** Starting reduce parallelism test.
--- reduce parallelism test: PASS
*** Starting job count test.
--- job count test: PASS
*** Starting early exit test.
--- early exit test: PASS
*** Starting crash test.
--- crash test: PASS
*** PASSED ALL TESTS
第 19 轮测试
-------------------------------------
*** Starting wc test.
--- wc test: PASS
*** Starting indexer test.
--- indexer test: PASS
*** Starting map parallelism test.
--- map parallelism test: PASS
*** Starting reduce parallelism test.
--- reduce parallelism test: PASS
*** Starting job count test.
--- job count test: PASS
*** Starting early exit test.
--- early exit test: PASS
*** Starting crash test.
--- crash test: PASS
*** PASSED ALL TESTS
第 20 轮测试
-------------------------------------
*** Starting wc test.
--- wc test: PASS
*** Starting indexer test.
--- indexer test: PASS
*** Starting map parallelism test.
--- map parallelism test: PASS
*** Starting reduce parallelism test.
--- reduce parallelism test: PASS
*** Starting job count test.
--- job count test: PASS
*** Starting early exit test.
--- early exit test: PASS
*** Starting crash test.
--- crash test: PASS
*** PASSED ALL TESTS
第 21 轮测试
-------------------------------------
*** Starting wc test.
--- wc test: PASS
*** Starting indexer test.
--- indexer test: PASS
*** Starting map parallelism test.
--- map parallelism test: PASS
*** Starting reduce parallelism test.
--- reduce parallelism test: PASS
*** Starting job count test.
--- job count test: PASS
*** Starting early exit test.
--- early exit test: PASS
*** Starting crash test.
--- crash test: PASS
*** PASSED ALL TESTS
第 22 轮测试
-------------------------------------
*** Starting wc test.
--- wc test: PASS
*** Starting indexer test.
--- indexer test: PASS
*** Starting map parallelism test.
--- map parallelism test: PASS
*** Starting reduce parallelism test.
--- reduce parallelism test: PASS
*** Starting job count test.
--- job count test: PASS
*** Starting early exit test.
--- early exit test: PASS
*** Starting crash test.
--- crash test: PASS
*** PASSED ALL TESTS
第 23 轮测试
-------------------------------------
*** Starting wc test.
--- wc test: PASS
*** Starting indexer test.
--- indexer test: PASS
*** Starting map parallelism test.
--- map parallelism test: PASS
*** Starting reduce parallelism test.
--- reduce parallelism test: PASS
*** Starting job count test.
--- job count test: PASS
*** Starting early exit test.
--- early exit test: PASS
*** Starting crash test.
--- crash test: PASS
*** PASSED ALL TESTS
第 24 轮测试
-------------------------------------
*** Starting wc test.
--- wc test: PASS
*** Starting indexer test.
--- indexer test: PASS
*** Starting map parallelism test.
--- map parallelism test: PASS
*** Starting reduce parallelism test.
--- reduce parallelism test: PASS
*** Starting job count test.
--- job count test: PASS
*** Starting early exit test.
--- early exit test: PASS
*** Starting crash test.
--- crash test: PASS
*** PASSED ALL TESTS
第 25 轮测试
-------------------------------------
*** Starting wc test.
--- wc test: PASS
*** Starting indexer test.
--- indexer test: PASS
*** Starting map parallelism test.
--- map parallelism test: PASS
*** Starting reduce parallelism test.
--- reduce parallelism test: PASS
*** Starting job count test.
--- job count test: PASS
*** Starting early exit test.
--- early exit test: PASS
*** Starting crash test.
--- crash test: PASS
*** PASSED ALL TESTS
第 26 轮测试
-------------------------------------
*** Starting wc test.
--- wc test: PASS
*** Starting indexer test.
--- indexer test: PASS
*** Starting map parallelism test.
--- map parallelism test: PASS
*** Starting reduce parallelism test.
--- reduce parallelism test: PASS
*** Starting job count test.
--- job count test: PASS
*** Starting early exit test.
--- early exit test: PASS
*** Starting crash test.
--- crash test: PASS
*** PASSED ALL TESTS
第 27 轮测试
-------------------------------------
*** Starting wc test.
--- wc test: PASS
*** Starting indexer test.
--- indexer test: PASS
*** Starting map parallelism test.
--- map parallelism test: PASS
*** Starting reduce parallelism test.
--- reduce parallelism test: PASS
*** Starting job count test.
--- job count test: PASS
*** Starting early exit test.
--- early exit test: PASS
*** Starting crash test.
--- crash test: PASS
*** PASSED ALL TESTS
第 28 轮测试
-------------------------------------
*** Starting wc test.
--- wc test: PASS
*** Starting indexer test.
--- indexer test: PASS
*** Starting map parallelism test.
--- map parallelism test: PASS
*** Starting reduce parallelism test.
--- reduce parallelism test: PASS
*** Starting job count test.
--- job count test: PASS
*** Starting early exit test.
--- early exit test: PASS
*** Starting crash test.
--- crash test: PASS
*** PASSED ALL TESTS
第 29 轮测试
-------------------------------------
*** Starting wc test.
--- wc test: PASS
*** Starting indexer test.
--- indexer test: PASS
*** Starting map parallelism test.
--- map parallelism test: PASS
*** Starting reduce parallelism test.
--- reduce parallelism test: PASS
*** Starting job count test.
--- job count test: PASS
*** Starting early exit test.
--- early exit test: PASS
*** Starting crash test.
--- crash test: PASS
*** PASSED ALL TESTS
第 30 轮测试
-------------------------------------
*** Starting wc test.
--- wc test: PASS
*** Starting indexer test.
--- indexer test: PASS
*** Starting map parallelism test.
--- map parallelism test: PASS
*** Starting reduce parallelism test.
--- reduce parallelism test: PASS
*** Starting job count test.
--- job count test: PASS
*** Starting early exit test.
--- early exit test: PASS
*** Starting crash test.
--- crash test: PASS
*** PASSED ALL TESTS
第 31 轮测试
-------------------------------------
*** Starting wc test.
--- wc test: PASS
*** Starting indexer test.
--- indexer test: PASS
*** Starting map parallelism test.
--- map parallelism test: PASS
*** Starting reduce parallelism test.
--- reduce parallelism test: PASS
*** Starting job count test.
--- job count test: PASS
*** Starting early exit test.
--- early exit test: PASS
*** Starting crash test.
--- crash test: PASS
*** PASSED ALL TESTS
第 32 轮测试
-------------------------------------
*** Starting wc test.
--- wc test: PASS
*** Starting indexer test.
--- indexer test: PASS
*** Starting map parallelism test.
--- map parallelism test: PASS
*** Starting reduce parallelism test.
--- reduce parallelism test: PASS
*** Starting job count test.
--- job count test: PASS
*** Starting early exit test.
--- early exit test: PASS
*** Starting crash test.
--- crash test: PASS
*** PASSED ALL TESTS
第 33 轮测试
-------------------------------------
*** Starting wc test.
--- wc test: PASS
*** Starting indexer test.
--- indexer test: PASS
*** Starting map parallelism test.
--- map parallelism test: PASS
*** Starting reduce parallelism test.
--- reduce parallelism test: PASS
*** Starting job count test.
--- job count test: PASS
*** Starting early exit test.
--- early exit test: PASS
*** Starting crash test.
--- crash test: PASS
*** PASSED ALL TESTS
第 34 轮测试
-------------------------------------
*** Starting wc test.
--- wc test: PASS
*** Starting indexer test.
--- indexer test: PASS
*** Starting map parallelism test.
--- map parallelism test: PASS
*** Starting reduce parallelism test.
--- reduce parallelism test: PASS
*** Starting job count test.
--- job count test: PASS
*** Starting early exit test.
--- early exit test: PASS
*** Starting crash test.
--- crash test: PASS
*** PASSED ALL TESTS
第 35 轮测试
-------------------------------------
*** Starting wc test.
--- wc test: PASS
*** Starting indexer test.
--- indexer test: PASS
*** Starting map parallelism test.
--- map parallelism test: PASS
*** Starting reduce parallelism test.
--- reduce parallelism test: PASS
*** Starting job count test.
--- job count test: PASS
*** Starting early exit test.
--- early exit test: PASS
*** Starting crash test.
--- crash test: PASS
*** PASSED ALL TESTS
第 36 轮测试
-------------------------------------
*** Starting wc test.
--- wc test: PASS
*** Starting indexer test.
--- indexer test: PASS
*** Starting map parallelism test.
--- map parallelism test: PASS
*** Starting reduce parallelism test.
--- reduce parallelism test: PASS
*** Starting job count test.
--- job count test: PASS
*** Starting early exit test.
--- early exit test: PASS
*** Starting crash test.
--- crash test: PASS
*** PASSED ALL TESTS
第 37 轮测试
-------------------------------------
*** Starting wc test.
--- wc test: PASS
*** Starting indexer test.
--- indexer test: PASS
*** Starting map parallelism test.
--- map parallelism test: PASS
*** Starting reduce parallelism test.
--- reduce parallelism test: PASS
*** Starting job count test.
--- job count test: PASS
*** Starting early exit test.
--- early exit test: PASS
*** Starting crash test.
--- crash test: PASS
*** PASSED ALL TESTS
第 38 轮测试
-------------------------------------
*** Starting wc test.
--- wc test: PASS
*** Starting indexer test.
--- indexer test: PASS
*** Starting map parallelism test.
--- map parallelism test: PASS
*** Starting reduce parallelism test.
--- reduce parallelism test: PASS
*** Starting job count test.
--- job count test: PASS
*** Starting early exit test.
--- early exit test: PASS
*** Starting crash test.
--- crash test: PASS
*** PASSED ALL TESTS
第 39 轮测试
-------------------------------------
*** Starting wc test.
--- wc test: PASS
*** Starting indexer test.
--- indexer test: PASS
*** Starting map parallelism test.
--- map parallelism test: PASS
*** Starting reduce parallelism test.
--- reduce parallelism test: PASS
*** Starting job count test.
--- job count test: PASS
*** Starting early exit test.
--- early exit test: PASS
*** Starting crash test.
--- crash test: PASS
*** PASSED ALL TESTS
第 40 轮测试
-------------------------------------
*** Starting wc test.
--- wc test: PASS
*** Starting indexer test.
--- indexer test: PASS
*** Starting map parallelism test.
--- map parallelism test: PASS
*** Starting reduce parallelism test.
--- reduce parallelism test: PASS
*** Starting job count test.
--- job count test: PASS
*** Starting early exit test.
--- early exit test: PASS
*** Starting crash test.
--- crash test: PASS
*** PASSED ALL TESTS
第 41 轮测试
-------------------------------------
*** Starting wc test.
--- wc test: PASS
*** Starting indexer test.
--- indexer test: PASS
*** Starting map parallelism test.
--- map parallelism test: PASS
*** Starting reduce parallelism test.
--- reduce parallelism test: PASS
*** Starting job count test.
--- job count test: PASS
*** Starting early exit test.
--- early exit test: PASS
*** Starting crash test.
--- crash test: PASS
*** PASSED ALL TESTS
第 42 轮测试
-------------------------------------
*** Starting wc test.
--- wc test: PASS
*** Starting indexer test.
--- indexer test: PASS
*** Starting map parallelism test.
--- map parallelism test: PASS
*** Starting reduce parallelism test.
--- reduce parallelism test: PASS
*** Starting job count test.
--- job count test: PASS
*** Starting early exit test.
--- early exit test: PASS
*** Starting crash test.
--- crash test: PASS
*** PASSED ALL TESTS
第 43 轮测试
-------------------------------------
*** Starting wc test.
--- wc test: PASS
*** Starting indexer test.
--- indexer test: PASS
*** Starting map parallelism test.
--- map parallelism test: PASS
*** Starting reduce parallelism test.
--- reduce parallelism test: PASS
*** Starting job count test.
--- job count test: PASS
*** Starting early exit test.
--- early exit test: PASS
*** Starting crash test.
--- crash test: PASS
*** PASSED ALL TESTS
第 44 轮测试
-------------------------------------
*** Starting wc test.
--- wc test: PASS
*** Starting indexer test.
--- indexer test: PASS
*** Starting map parallelism test.
--- map parallelism test: PASS
*** Starting reduce parallelism test.
--- reduce parallelism test: PASS
*** Starting job count test.
--- job count test: PASS
*** Starting early exit test.
--- early exit test: PASS
*** Starting crash test.
--- crash test: PASS
*** PASSED ALL TESTS
第 45 轮测试
-------------------------------------
*** Starting wc test.
--- wc test: PASS
*** Starting indexer test.
--- indexer test: PASS
*** Starting map parallelism test.
--- map parallelism test: PASS
*** Starting reduce parallelism test.
--- reduce parallelism test: PASS
*** Starting job count test.
--- job count test: PASS
*** Starting early exit test.
--- early exit test: PASS
*** Starting crash test.
--- crash test: PASS
*** PASSED ALL TESTS
第 46 轮测试
-------------------------------------
*** Starting wc test.
--- wc test: PASS
*** Starting indexer test.
--- indexer test: PASS
*** Starting map parallelism test.
--- map parallelism test: PASS
*** Starting reduce parallelism test.
--- reduce parallelism test: PASS
*** Starting job count test.
--- job count test: PASS
*** Starting early exit test.
--- early exit test: PASS
*** Starting crash test.
--- crash test: PASS
*** PASSED ALL TESTS
第 47 轮测试
-------------------------------------
*** Starting wc test.
--- wc test: PASS
*** Starting indexer test.
--- indexer test: PASS
*** Starting map parallelism test.
--- map parallelism test: PASS
*** Starting reduce parallelism test.
--- reduce parallelism test: PASS
*** Starting job count test.
--- job count test: PASS
*** Starting early exit test.
--- early exit test: PASS
*** Starting crash test.
unexpected EOF
--- crash test: PASS
*** PASSED ALL TESTS
第 48 轮测试
-------------------------------------
*** Starting wc test.
--- wc test: PASS
*** Starting indexer test.
--- indexer test: PASS
*** Starting map parallelism test.
--- map parallelism test: PASS
*** Starting reduce parallelism test.
--- reduce parallelism test: PASS
*** Starting job count test.
--- job count test: PASS
*** Starting early exit test.
--- early exit test: PASS
*** Starting crash test.
--- crash test: PASS
*** PASSED ALL TESTS
第 49 轮测试
-------------------------------------
*** Starting wc test.
--- wc test: PASS
*** Starting indexer test.
--- indexer test: PASS
*** Starting map parallelism test.
--- map parallelism test: PASS
*** Starting reduce parallelism test.
--- reduce parallelism test: PASS
*** Starting job count test.
--- job count test: PASS
*** Starting early exit test.
--- early exit test: PASS
*** Starting crash test.
--- crash test: PASS
*** PASSED ALL TESTS
第 50 轮测试
-------------------------------------
*** Starting wc test.
--- wc test: PASS
*** Starting indexer test.
--- indexer test: PASS
*** Starting map parallelism test.
--- map parallelism test: PASS
*** Starting reduce parallelism test.
--- reduce parallelism test: PASS
*** Starting job count test.
--- job count test: PASS
*** Starting early exit test.
--- early exit test: PASS
*** Starting crash test.
--- crash test: PASS
*** PASSED ALL TESTS
第 51 轮测试
-------------------------------------
*** Starting wc test.
--- wc test: PASS
*** Starting indexer test.
--- indexer test: PASS
*** Starting map parallelism test.
--- map parallelism test: PASS
*** Starting reduce parallelism test.
--- reduce parallelism test: PASS
*** Starting job count test.
--- job count test: PASS
*** Starting early exit test.
--- early exit test: PASS
*** Starting crash test.
--- crash test: PASS
*** PASSED ALL TESTS
第 52 轮测试
-------------------------------------
*** Starting wc test.
--- wc test: PASS
*** Starting indexer test.
--- indexer test: PASS
*** Starting map parallelism test.
--- map parallelism test: PASS
*** Starting reduce parallelism test.
--- reduce parallelism test: PASS
*** Starting job count test.
--- job count test: PASS
*** Starting early exit test.
--- early exit test: PASS
*** Starting crash test.
--- crash test: PASS
*** PASSED ALL TESTS
第 53 轮测试
-------------------------------------
*** Starting wc test.
--- wc test: PASS
*** Starting indexer test.
--- indexer test: PASS
*** Starting map parallelism test.
--- map parallelism test: PASS
*** Starting reduce parallelism test.
--- reduce parallelism test: PASS
*** Starting job count test.
--- job count test: PASS
*** Starting early exit test.
--- early exit test: PASS
*** Starting crash test.
--- crash test: PASS
*** PASSED ALL TESTS
第 54 轮测试
-------------------------------------
*** Starting wc test.
--- wc test: PASS
*** Starting indexer test.
--- indexer test: PASS
*** Starting map parallelism test.
--- map parallelism test: PASS
*** Starting reduce parallelism test.
--- reduce parallelism test: PASS
*** Starting job count test.
--- job count test: PASS
*** Starting early exit test.
--- early exit test: PASS
*** Starting crash test.
--- crash test: PASS
*** PASSED ALL TESTS
第 55 轮测试
-------------------------------------
*** Starting wc test.
--- wc test: PASS
*** Starting indexer test.
--- indexer test: PASS
*** Starting map parallelism test.
--- map parallelism test: PASS
*** Starting reduce parallelism test.
--- reduce parallelism test: PASS
*** Starting job count test.
--- job count test: PASS
*** Starting early exit test.
--- early exit test: PASS
*** Starting crash test.
--- crash test: PASS
*** PASSED ALL TESTS
第 56 轮测试
-------------------------------------
*** Starting wc test.
--- wc test: PASS
*** Starting indexer test.
--- indexer test: PASS
*** Starting map parallelism test.
--- map parallelism test: PASS
*** Starting reduce parallelism test.
--- reduce parallelism test: PASS
*** Starting job count test.
--- job count test: PASS
*** Starting early exit test.
--- early exit test: PASS
*** Starting crash test.
--- crash test: PASS
*** PASSED ALL TESTS
第 57 轮测试
-------------------------------------
*** Starting wc test.
--- wc test: PASS
*** Starting indexer test.
--- indexer test: PASS
*** Starting map parallelism test.
--- map parallelism test: PASS
*** Starting reduce parallelism test.
--- reduce parallelism test: PASS
*** Starting job count test.
--- job count test: PASS
*** Starting early exit test.
--- early exit test: PASS
*** Starting crash test.
--- crash test: PASS
*** PASSED ALL TESTS
第 58 轮测试
-------------------------------------
*** Starting wc test.
--- wc test: PASS
*** Starting indexer test.
--- indexer test: PASS
*** Starting map parallelism test.
--- map parallelism test: PASS
*** Starting reduce parallelism test.
--- reduce parallelism test: PASS
*** Starting job count test.
--- job count test: PASS
*** Starting early exit test.
--- early exit test: PASS
*** Starting crash test.
--- crash test: PASS
*** PASSED ALL TESTS
第 59 轮测试
-------------------------------------
*** Starting wc test.
--- wc test: PASS
*** Starting indexer test.
--- indexer test: PASS
*** Starting map parallelism test.
--- map parallelism test: PASS
*** Starting reduce parallelism test.
--- reduce parallelism test: PASS
*** Starting job count test.
--- job count test: PASS
*** Starting early exit test.
--- early exit test: PASS
*** Starting crash test.
--- crash test: PASS
*** PASSED ALL TESTS
第 60 轮测试
-------------------------------------
*** Starting wc test.
--- wc test: PASS
*** Starting indexer test.
--- indexer test: PASS
*** Starting map parallelism test.
--- map parallelism test: PASS
*** Starting reduce parallelism test.
--- reduce parallelism test: PASS
*** Starting job count test.
--- job count test: PASS
*** Starting early exit test.
--- early exit test: PASS
*** Starting crash test.
--- crash test: PASS
*** PASSED ALL TESTS
第 61 轮测试
-------------------------------------
*** Starting wc test.
--- wc test: PASS
*** Starting indexer test.
--- indexer test: PASS
*** Starting map parallelism test.
--- map parallelism test: PASS
*** Starting reduce parallelism test.
--- reduce parallelism test: PASS
*** Starting job count test.
--- job count test: PASS
*** Starting early exit test.
--- early exit test: PASS
*** Starting crash test.
--- crash test: PASS
*** PASSED ALL TESTS
第 62 轮测试
-------------------------------------
*** Starting wc test.
--- wc test: PASS
*** Starting indexer test.
--- indexer test: PASS
*** Starting map parallelism test.
--- map parallelism test: PASS
*** Starting reduce parallelism test.
--- reduce parallelism test: PASS
*** Starting job count test.
--- job count test: PASS
*** Starting early exit test.
--- early exit test: PASS
*** Starting crash test.
--- crash test: PASS
*** PASSED ALL TESTS
第 63 轮测试
-------------------------------------
*** Starting wc test.
--- wc test: PASS
*** Starting indexer test.
--- indexer test: PASS
*** Starting map parallelism test.
--- map parallelism test: PASS
*** Starting reduce parallelism test.
--- reduce parallelism test: PASS
*** Starting job count test.
--- job count test: PASS
*** Starting early exit test.
--- early exit test: PASS
*** Starting crash test.
--- crash test: PASS
*** PASSED ALL TESTS
第 64 轮测试
-------------------------------------
*** Starting wc test.
--- wc test: PASS
*** Starting indexer test.
--- indexer test: PASS
*** Starting map parallelism test.
--- map parallelism test: PASS
*** Starting reduce parallelism test.
--- reduce parallelism test: PASS
*** Starting job count test.
--- job count test: PASS
*** Starting early exit test.
--- early exit test: PASS
*** Starting crash test.
--- crash test: PASS
*** PASSED ALL TESTS
第 65 轮测试
-------------------------------------
*** Starting wc test.
--- wc test: PASS
*** Starting indexer test.
--- indexer test: PASS
*** Starting map parallelism test.
--- map parallelism test: PASS
*** Starting reduce parallelism test.
--- reduce parallelism test: PASS
*** Starting job count test.
--- job count test: PASS
*** Starting early exit test.
--- early exit test: PASS
*** Starting crash test.
--- crash test: PASS
*** PASSED ALL TESTS
第 66 轮测试
-------------------------------------
*** Starting wc test.
--- wc test: PASS
*** Starting indexer test.
--- indexer test: PASS
*** Starting map parallelism test.
--- map parallelism test: PASS
*** Starting reduce parallelism test.
--- reduce parallelism test: PASS
*** Starting job count test.
--- job count test: PASS
*** Starting early exit test.
--- early exit test: PASS
*** Starting crash test.
--- crash test: PASS
*** PASSED ALL TESTS
第 67 轮测试
-------------------------------------
*** Starting wc test.
--- wc test: PASS
*** Starting indexer test.
--- indexer test: PASS
*** Starting map parallelism test.
--- map parallelism test: PASS
*** Starting reduce parallelism test.
--- reduce parallelism test: PASS
*** Starting job count test.
--- job count test: PASS
*** Starting early exit test.
--- early exit test: PASS
*** Starting crash test.
--- crash test: PASS
*** PASSED ALL TESTS
第 68 轮测试
-------------------------------------
*** Starting wc test.
--- wc test: PASS
*** Starting indexer test.
--- indexer test: PASS
*** Starting map parallelism test.
--- map parallelism test: PASS
*** Starting reduce parallelism test.
--- reduce parallelism test: PASS
*** Starting job count test.
--- job count test: PASS
*** Starting early exit test.
--- early exit test: PASS
*** Starting crash test.
--- crash test: PASS
*** PASSED ALL TESTS
第 69 轮测试
-------------------------------------
*** Starting wc test.
--- wc test: PASS
*** Starting indexer test.
--- indexer test: PASS
*** Starting map parallelism test.
--- map parallelism test: PASS
*** Starting reduce parallelism test.
--- reduce parallelism test: PASS
*** Starting job count test.
--- job count test: PASS
*** Starting early exit test.
--- early exit test: PASS
*** Starting crash test.
--- crash test: PASS
*** PASSED ALL TESTS
第 70 轮测试
-------------------------------------
*** Starting wc test.
--- wc test: PASS
*** Starting indexer test.
--- indexer test: PASS
*** Starting map parallelism test.
--- map parallelism test: PASS
*** Starting reduce parallelism test.
--- reduce parallelism test: PASS
*** Starting job count test.
--- job count test: PASS
*** Starting early exit test.
--- early exit test: PASS
*** Starting crash test.
--- crash test: PASS
*** PASSED ALL TESTS
第 71 轮测试
-------------------------------------
*** Starting wc test.
--- wc test: PASS
*** Starting indexer test.
--- indexer test: PASS
*** Starting map parallelism test.
--- map parallelism test: PASS
*** Starting reduce parallelism test.
--- reduce parallelism test: PASS
*** Starting job count test.
--- job count test: PASS
*** Starting early exit test.
--- early exit test: PASS
*** Starting crash test.
--- crash test: PASS
*** PASSED ALL TESTS
第 72 轮测试
-------------------------------------
*** Starting wc test.
--- wc test: PASS
*** Starting indexer test.
--- indexer test: PASS
*** Starting map parallelism test.
--- map parallelism test: PASS
*** Starting reduce parallelism test.
--- reduce parallelism test: PASS
*** Starting job count test.
--- job count test: PASS
*** Starting early exit test.
--- early exit test: PASS
*** Starting crash test.
--- crash test: PASS
*** PASSED ALL TESTS
第 73 轮测试
-------------------------------------
*** Starting wc test.
--- wc test: PASS
*** Starting indexer test.
--- indexer test: PASS
*** Starting map parallelism test.
--- map parallelism test: PASS
*** Starting reduce parallelism test.
--- reduce parallelism test: PASS
*** Starting job count test.
--- job count test: PASS
*** Starting early exit test.
--- early exit test: PASS
*** Starting crash test.
--- crash test: PASS
*** PASSED ALL TESTS
第 74 轮测试
-------------------------------------
*** Starting wc test.
--- wc test: PASS
*** Starting indexer test.
--- indexer test: PASS
*** Starting map parallelism test.
--- map parallelism test: PASS
*** Starting reduce parallelism test.
--- reduce parallelism test: PASS
*** Starting job count test.
--- job count test: PASS
*** Starting early exit test.
--- early exit test: PASS
*** Starting crash test.
--- crash test: PASS
*** PASSED ALL TESTS
第 75 轮测试
-------------------------------------
*** Starting wc test.
--- wc test: PASS
*** Starting indexer test.
--- indexer test: PASS
*** Starting map parallelism test.
--- map parallelism test: PASS
*** Starting reduce parallelism test.
--- reduce parallelism test: PASS
*** Starting job count test.
--- job count test: PASS
*** Starting early exit test.
--- early exit test: PASS
*** Starting crash test.
--- crash test: PASS
*** PASSED ALL TESTS
第 76 轮测试
-------------------------------------
*** Starting wc test.
--- wc test: PASS
*** Starting indexer test.
--- indexer test: PASS
*** Starting map parallelism test.
--- map parallelism test: PASS
*** Starting reduce parallelism test.
--- reduce parallelism test: PASS
*** Starting job count test.
--- job count test: PASS
*** Starting early exit test.
--- early exit test: PASS
*** Starting crash test.
--- crash test: PASS
*** PASSED ALL TESTS
第 77 轮测试
-------------------------------------
*** Starting wc test.
--- wc test: PASS
*** Starting indexer test.
--- indexer test: PASS
*** Starting map parallelism test.
--- map parallelism test: PASS
*** Starting reduce parallelism test.
--- reduce parallelism test: PASS
*** Starting job count test.
--- job count test: PASS
*** Starting early exit test.
--- early exit test: PASS
*** Starting crash test.
--- crash test: PASS
*** PASSED ALL TESTS
第 78 轮测试
-------------------------------------
*** Starting wc test.
--- wc test: PASS
*** Starting indexer test.
--- indexer test: PASS
*** Starting map parallelism test.
--- map parallelism test: PASS
*** Starting reduce parallelism test.
--- reduce parallelism test: PASS
*** Starting job count test.
--- job count test: PASS
*** Starting early exit test.
--- early exit test: PASS
*** Starting crash test.
--- crash test: PASS
*** PASSED ALL TESTS
第 79 轮测试
-------------------------------------
*** Starting wc test.
--- wc test: PASS
*** Starting indexer test.
--- indexer test: PASS
*** Starting map parallelism test.
--- map parallelism test: PASS
*** Starting reduce parallelism test.
--- reduce parallelism test: PASS
*** Starting job count test.
--- job count test: PASS
*** Starting early exit test.
--- early exit test: PASS
*** Starting crash test.
--- crash test: PASS
*** PASSED ALL TESTS
第 80 轮测试
-------------------------------------
*** Starting wc test.
--- wc test: PASS
*** Starting indexer test.
--- indexer test: PASS
*** Starting map parallelism test.
--- map parallelism test: PASS
*** Starting reduce parallelism test.
--- reduce parallelism test: PASS
*** Starting job count test.
--- job count test: PASS
*** Starting early exit test.
--- early exit test: PASS
*** Starting crash test.
--- crash test: PASS
*** PASSED ALL TESTS
第 81 轮测试
-------------------------------------
*** Starting wc test.
--- wc test: PASS
*** Starting indexer test.
--- indexer test: PASS
*** Starting map parallelism test.
--- map parallelism test: PASS
*** Starting reduce parallelism test.
--- reduce parallelism test: PASS
*** Starting job count test.
--- job count test: PASS
*** Starting early exit test.
--- early exit test: PASS
*** Starting crash test.
--- crash test: PASS
*** PASSED ALL TESTS
第 82 轮测试
-------------------------------------
*** Starting wc test.
--- wc test: PASS
*** Starting indexer test.
--- indexer test: PASS
*** Starting map parallelism test.
--- map parallelism test: PASS
*** Starting reduce parallelism test.
--- reduce parallelism test: PASS
*** Starting job count test.
--- job count test: PASS
*** Starting early exit test.
--- early exit test: PASS
*** Starting crash test.
--- crash test: PASS
*** PASSED ALL TESTS
第 83 轮测试
-------------------------------------
*** Starting wc test.
--- wc test: PASS
*** Starting indexer test.
--- indexer test: PASS
*** Starting map parallelism test.
--- map parallelism test: PASS
*** Starting reduce parallelism test.
--- reduce parallelism test: PASS
*** Starting job count test.
--- job count test: PASS
*** Starting early exit test.
--- early exit test: PASS
*** Starting crash test.
--- crash test: PASS
*** PASSED ALL TESTS
第 84 轮测试
-------------------------------------
*** Starting wc test.
--- wc test: PASS
*** Starting indexer test.
--- indexer test: PASS
*** Starting map parallelism test.
--- map parallelism test: PASS
*** Starting reduce parallelism test.
--- reduce parallelism test: PASS
*** Starting job count test.
--- job count test: PASS
*** Starting early exit test.
--- early exit test: PASS
*** Starting crash test.
--- crash test: PASS
*** PASSED ALL TESTS
第 85 轮测试
-------------------------------------
*** Starting wc test.
--- wc test: PASS
*** Starting indexer test.
--- indexer test: PASS
*** Starting map parallelism test.
--- map parallelism test: PASS
*** Starting reduce parallelism test.
--- reduce parallelism test: PASS
*** Starting job count test.
--- job count test: PASS
*** Starting early exit test.
--- early exit test: PASS
*** Starting crash test.
--- crash test: PASS
*** PASSED ALL TESTS
第 86 轮测试
-------------------------------------
*** Starting wc test.
--- wc test: PASS
*** Starting indexer test.
--- indexer test: PASS
*** Starting map parallelism test.
--- map parallelism test: PASS
*** Starting reduce parallelism test.
--- reduce parallelism test: PASS
*** Starting job count test.
--- job count test: PASS
*** Starting early exit test.
--- early exit test: PASS
*** Starting crash test.
--- crash test: PASS
*** PASSED ALL TESTS
第 87 轮测试
-------------------------------------
*** Starting wc test.
--- wc test: PASS
*** Starting indexer test.
--- indexer test: PASS
*** Starting map parallelism test.
--- map parallelism test: PASS
*** Starting reduce parallelism test.
--- reduce parallelism test: PASS
*** Starting job count test.
--- job count test: PASS
*** Starting early exit test.
--- early exit test: PASS
*** Starting crash test.
--- crash test: PASS
*** PASSED ALL TESTS
第 88 轮测试
-------------------------------------
*** Starting wc test.
--- wc test: PASS
*** Starting indexer test.
--- indexer test: PASS
*** Starting map parallelism test.
--- map parallelism test: PASS
*** Starting reduce parallelism test.
--- reduce parallelism test: PASS
*** Starting job count test.
--- job count test: PASS
*** Starting early exit test.
--- early exit test: PASS
*** Starting crash test.
--- crash test: PASS
*** PASSED ALL TESTS
第 89 轮测试
-------------------------------------
*** Starting wc test.
--- wc test: PASS
*** Starting indexer test.
--- indexer test: PASS
*** Starting map parallelism test.
--- map parallelism test: PASS
*** Starting reduce parallelism test.
--- reduce parallelism test: PASS
*** Starting job count test.
--- job count test: PASS
*** Starting early exit test.
--- early exit test: PASS
*** Starting crash test.
--- crash test: PASS
*** PASSED ALL TESTS
第 90 轮测试
-------------------------------------
*** Starting wc test.
--- wc test: PASS
*** Starting indexer test.
--- indexer test: PASS
*** Starting map parallelism test.
--- map parallelism test: PASS
*** Starting reduce parallelism test.
--- reduce parallelism test: PASS
*** Starting job count test.
--- job count test: PASS
*** Starting early exit test.
--- early exit test: PASS
*** Starting crash test.
--- crash test: PASS
*** PASSED ALL TESTS
第 91 轮测试
-------------------------------------
*** Starting wc test.
--- wc test: PASS
*** Starting indexer test.
--- indexer test: PASS
*** Starting map parallelism test.
--- map parallelism test: PASS
*** Starting reduce parallelism test.
--- reduce parallelism test: PASS
*** Starting job count test.
--- job count test: PASS
*** Starting early exit test.
--- early exit test: PASS
*** Starting crash test.
--- crash test: PASS
*** PASSED ALL TESTS
第 92 轮测试
-------------------------------------
*** Starting wc test.
--- wc test: PASS
*** Starting indexer test.
--- indexer test: PASS
*** Starting map parallelism test.
--- map parallelism test: PASS
*** Starting reduce parallelism test.
--- reduce parallelism test: PASS
*** Starting job count test.
--- job count test: PASS
*** Starting early exit test.
--- early exit test: PASS
*** Starting crash test.
--- crash test: PASS
*** PASSED ALL TESTS
第 93 轮测试
-------------------------------------
*** Starting wc test.
--- wc test: PASS
*** Starting indexer test.
--- indexer test: PASS
*** Starting map parallelism test.
--- map parallelism test: PASS
*** Starting reduce parallelism test.
--- reduce parallelism test: PASS
*** Starting job count test.
--- job count test: PASS
*** Starting early exit test.
--- early exit test: PASS
*** Starting crash test.
--- crash test: PASS
*** PASSED ALL TESTS
第 94 轮测试
-------------------------------------
*** Starting wc test.
--- wc test: PASS
*** Starting indexer test.
--- indexer test: PASS
*** Starting map parallelism test.
--- map parallelism test: PASS
*** Starting reduce parallelism test.
--- reduce parallelism test: PASS
*** Starting job count test.
--- job count test: PASS
*** Starting early exit test.
--- early exit test: PASS
*** Starting crash test.
--- crash test: PASS
*** PASSED ALL TESTS
第 95 轮测试
-------------------------------------
*** Starting wc test.
--- wc test: PASS
*** Starting indexer test.
--- indexer test: PASS
*** Starting map parallelism test.
--- map parallelism test: PASS
*** Starting reduce parallelism test.
--- reduce parallelism test: PASS
*** Starting job count test.
--- job count test: PASS
*** Starting early exit test.
--- early exit test: PASS
*** Starting crash test.
--- crash test: PASS
*** PASSED ALL TESTS
第 96 轮测试
-------------------------------------
*** Starting wc test.
--- wc test: PASS
*** Starting indexer test.
--- indexer test: PASS
*** Starting map parallelism test.
--- map parallelism test: PASS
*** Starting reduce parallelism test.
--- reduce parallelism test: PASS
*** Starting job count test.
--- job count test: PASS
*** Starting early exit test.
--- early exit test: PASS
*** Starting crash test.
--- crash test: PASS
*** PASSED ALL TESTS
第 97 轮测试
-------------------------------------
*** Starting wc test.
--- wc test: PASS
*** Starting indexer test.
--- indexer test: PASS
*** Starting map parallelism test.
--- map parallelism test: PASS
*** Starting reduce parallelism test.
--- reduce parallelism test: PASS
*** Starting job count test.
--- job count test: PASS
*** Starting early exit test.
--- early exit test: PASS
*** Starting crash test.
--- crash test: PASS
*** PASSED ALL TESTS
第 98 轮测试
-------------------------------------
*** Starting wc test.
--- wc test: PASS
*** Starting indexer test.
--- indexer test: PASS
*** Starting map parallelism test.
--- map parallelism test: PASS
*** Starting reduce parallelism test.
--- reduce parallelism test: PASS
*** Starting job count test.
--- job count test: PASS
*** Starting early exit test.
--- early exit test: PASS
*** Starting crash test.
--- crash test: PASS
*** PASSED ALL TESTS
第 99 轮测试
-------------------------------------
*** Starting wc test.
--- wc test: PASS
*** Starting indexer test.
--- indexer test: PASS
*** Starting map parallelism test.
--- map parallelism test: PASS
*** Starting reduce parallelism test.
--- reduce parallelism test: PASS
*** Starting job count test.
--- job count test: PASS
*** Starting early exit test.
--- early exit test: PASS
*** Starting crash test.
--- crash test: PASS
*** PASSED ALL TESTS
第 100 轮测试
-------------------------------------
*** Starting wc test.
--- wc test: PASS
*** Starting indexer test.
--- indexer test: PASS
*** Starting map parallelism test.
--- map parallelism test: PASS
*** Starting reduce parallelism test.
--- reduce parallelism test: PASS
*** Starting job count test.
--- job count test: PASS
*** Starting early exit test.
--- early exit test: PASS
*** Starting crash test.
--- crash test: PASS
*** PASSED ALL TESTS
*** PASSED ALL 100 TESTING TRIALS
