第 1 轮测试
-------------------------------------
Test: Basic leave/join ...
  ... Passed
Test: Historical queries ...
  ... Passed
Test: Move ...
  ... Passed
Test: Concurrent leave/join ...
  ... Passed
Test: Minimal transfers after joins ...
  ... Passed
Test: Minimal transfers after leaves ...
  ... Passed
Test: Multi-group join/leave ...
  ... Passed
Test: Concurrent multi leave/join ...
  ... Passed
Test: Minimal transfers after multijoins ...
  ... Passed
Test: Minimal transfers after multileaves ...
  ... Passed
Test: Check Same config on servers ...
  ... Passed
PASS
ok  	6.824/shardctrler	2.527s
第 2 轮测试
-------------------------------------
Test: Basic leave/join ...
  ... Passed
Test: Historical queries ...
  ... Passed
Test: Move ...
  ... Passed
Test: Concurrent leave/join ...
  ... Passed
Test: Minimal transfers after joins ...
  ... Passed
Test: Minimal transfers after leaves ...
  ... Passed
Test: Multi-group join/leave ...
  ... Passed
Test: Concurrent multi leave/join ...
  ... Passed
Test: Minimal transfers after multijoins ...
  ... Passed
Test: Minimal transfers after multileaves ...
  ... Passed
Test: Check Same config on servers ...
  ... Passed
PASS
ok  	6.824/shardctrler	2.627s
第 3 轮测试
-------------------------------------
Test: Basic leave/join ...
  ... Passed
Test: Historical queries ...
  ... Passed
Test: Move ...
  ... Passed
Test: Concurrent leave/join ...
  ... Passed
Test: Minimal transfers after joins ...
  ... Passed
Test: Minimal transfers after leaves ...
  ... Passed
Test: Multi-group join/leave ...
  ... Passed
Test: Concurrent multi leave/join ...
  ... Passed
Test: Minimal transfers after multijoins ...
  ... Passed
Test: Minimal transfers after multileaves ...
  ... Passed
Test: Check Same config on servers ...
  ... Passed
PASS
ok  	6.824/shardctrler	2.517s
第 4 轮测试
-------------------------------------
Test: Basic leave/join ...
  ... Passed
Test: Historical queries ...
  ... Passed
Test: Move ...
  ... Passed
Test: Concurrent leave/join ...
  ... Passed
Test: Minimal transfers after joins ...
  ... Passed
Test: Minimal transfers after leaves ...
  ... Passed
Test: Multi-group join/leave ...
  ... Passed
Test: Concurrent multi leave/join ...
  ... Passed
Test: Minimal transfers after multijoins ...
  ... Passed
Test: Minimal transfers after multileaves ...
  ... Passed
Test: Check Same config on servers ...
  ... Passed
PASS
ok  	6.824/shardctrler	2.637s
第 5 轮测试
-------------------------------------
Test: Basic leave/join ...
  ... Passed
Test: Historical queries ...
  ... Passed
Test: Move ...
  ... Passed
Test: Concurrent leave/join ...
  ... Passed
Test: Minimal transfers after joins ...
  ... Passed
Test: Minimal transfers after leaves ...
  ... Passed
Test: Multi-group join/leave ...
  ... Passed
Test: Concurrent multi leave/join ...
  ... Passed
Test: Minimal transfers after multijoins ...
  ... Passed
Test: Minimal transfers after multileaves ...
  ... Passed
Test: Check Same config on servers ...
  ... Passed
PASS
ok  	6.824/shardctrler	2.493s
第 6 轮测试
-------------------------------------
Test: Basic leave/join ...
  ... Passed
Test: Historical queries ...
  ... Passed
Test: Move ...
  ... Passed
Test: Concurrent leave/join ...
  ... Passed
Test: Minimal transfers after joins ...
  ... Passed
Test: Minimal transfers after leaves ...
  ... Passed
Test: Multi-group join/leave ...
  ... Passed
Test: Concurrent multi leave/join ...
  ... Passed
Test: Minimal transfers after multijoins ...
  ... Passed
Test: Minimal transfers after multileaves ...
  ... Passed
Test: Check Same config on servers ...
  ... Passed
PASS
ok  	6.824/shardctrler	2.644s
第 7 轮测试
-------------------------------------
Test: Basic leave/join ...
  ... Passed
Test: Historical queries ...
  ... Passed
Test: Move ...
  ... Passed
Test: Concurrent leave/join ...
  ... Passed
Test: Minimal transfers after joins ...
  ... Passed
Test: Minimal transfers after leaves ...
  ... Passed
Test: Multi-group join/leave ...
  ... Passed
Test: Concurrent multi leave/join ...
  ... Passed
Test: Minimal transfers after multijoins ...
  ... Passed
Test: Minimal transfers after multileaves ...
  ... Passed
Test: Check Same config on servers ...
  ... Passed
PASS
ok  	6.824/shardctrler	2.586s
第 8 轮测试
-------------------------------------
Test: Basic leave/join ...
  ... Passed
Test: Historical queries ...
  ... Passed
Test: Move ...
  ... Passed
Test: Concurrent leave/join ...
  ... Passed
Test: Minimal transfers after joins ...
  ... Passed
Test: Minimal transfers after leaves ...
  ... Passed
Test: Multi-group join/leave ...
  ... Passed
Test: Concurrent multi leave/join ...
  ... Passed
Test: Minimal transfers after multijoins ...
  ... Passed
Test: Minimal transfers after multileaves ...
  ... Passed
Test: Check Same config on servers ...
  ... Passed
PASS
ok  	6.824/shardctrler	2.634s
第 9 轮测试
-------------------------------------
Test: Basic leave/join ...
  ... Passed
Test: Historical queries ...
  ... Passed
Test: Move ...
  ... Passed
Test: Concurrent leave/join ...
  ... Passed
Test: Minimal transfers after joins ...
  ... Passed
Test: Minimal transfers after leaves ...
  ... Passed
Test: Multi-group join/leave ...
  ... Passed
Test: Concurrent multi leave/join ...
  ... Passed
Test: Minimal transfers after multijoins ...
  ... Passed
Test: Minimal transfers after multileaves ...
  ... Passed
Test: Check Same config on servers ...
  ... Passed
PASS
ok  	6.824/shardctrler	2.511s
第 10 轮测试
-------------------------------------
Test: Basic leave/join ...
  ... Passed
Test: Historical queries ...
  ... Passed
Test: Move ...
  ... Passed
Test: Concurrent leave/join ...
  ... Passed
Test: Minimal transfers after joins ...
  ... Passed
Test: Minimal transfers after leaves ...
  ... Passed
Test: Multi-group join/leave ...
  ... Passed
Test: Concurrent multi leave/join ...
  ... Passed
Test: Minimal transfers after multijoins ...
  ... Passed
Test: Minimal transfers after multileaves ...
  ... Passed
Test: Check Same config on servers ...
  ... Passed
PASS
ok  	6.824/shardctrler	2.504s
第 11 轮测试
-------------------------------------
Test: Basic leave/join ...
  ... Passed
Test: Historical queries ...
  ... Passed
Test: Move ...
  ... Passed
Test: Concurrent leave/join ...
  ... Passed
Test: Minimal transfers after joins ...
  ... Passed
Test: Minimal transfers after leaves ...
  ... Passed
Test: Multi-group join/leave ...
  ... Passed
Test: Concurrent multi leave/join ...
  ... Passed
Test: Minimal transfers after multijoins ...
  ... Passed
Test: Minimal transfers after multileaves ...
  ... Passed
Test: Check Same config on servers ...
  ... Passed
PASS
ok  	6.824/shardctrler	2.519s
第 12 轮测试
-------------------------------------
Test: Basic leave/join ...
  ... Passed
Test: Historical queries ...
  ... Passed
Test: Move ...
  ... Passed
Test: Concurrent leave/join ...
  ... Passed
Test: Minimal transfers after joins ...
  ... Passed
Test: Minimal transfers after leaves ...
  ... Passed
Test: Multi-group join/leave ...
  ... Passed
Test: Concurrent multi leave/join ...
  ... Passed
Test: Minimal transfers after multijoins ...
  ... Passed
Test: Minimal transfers after multileaves ...
  ... Passed
Test: Check Same config on servers ...
  ... Passed
PASS
ok  	6.824/shardctrler	2.515s
第 13 轮测试
-------------------------------------
Test: Basic leave/join ...
  ... Passed
Test: Historical queries ...
  ... Passed
Test: Move ...
  ... Passed
Test: Concurrent leave/join ...
  ... Passed
Test: Minimal transfers after joins ...
  ... Passed
Test: Minimal transfers after leaves ...
  ... Passed
Test: Multi-group join/leave ...
  ... Passed
Test: Concurrent multi leave/join ...
  ... Passed
Test: Minimal transfers after multijoins ...
  ... Passed
Test: Minimal transfers after multileaves ...
  ... Passed
Test: Check Same config on servers ...
  ... Passed
PASS
ok  	6.824/shardctrler	2.505s
第 14 轮测试
-------------------------------------
Test: Basic leave/join ...
  ... Passed
Test: Historical queries ...
  ... Passed
Test: Move ...
  ... Passed
Test: Concurrent leave/join ...
  ... Passed
Test: Minimal transfers after joins ...
  ... Passed
Test: Minimal transfers after leaves ...
  ... Passed
Test: Multi-group join/leave ...
  ... Passed
Test: Concurrent multi leave/join ...
  ... Passed
Test: Minimal transfers after multijoins ...
  ... Passed
Test: Minimal transfers after multileaves ...
  ... Passed
Test: Check Same config on servers ...
  ... Passed
PASS
ok  	6.824/shardctrler	2.511s
第 15 轮测试
-------------------------------------
Test: Basic leave/join ...
  ... Passed
Test: Historical queries ...
  ... Passed
Test: Move ...
  ... Passed
Test: Concurrent leave/join ...
  ... Passed
Test: Minimal transfers after joins ...
  ... Passed
Test: Minimal transfers after leaves ...
  ... Passed
Test: Multi-group join/leave ...
  ... Passed
Test: Concurrent multi leave/join ...
  ... Passed
Test: Minimal transfers after multijoins ...
  ... Passed
Test: Minimal transfers after multileaves ...
  ... Passed
Test: Check Same config on servers ...
  ... Passed
PASS
ok  	6.824/shardctrler	2.513s
第 16 轮测试
-------------------------------------
Test: Basic leave/join ...
  ... Passed
Test: Historical queries ...
  ... Passed
Test: Move ...
  ... Passed
Test: Concurrent leave/join ...
  ... Passed
Test: Minimal transfers after joins ...
  ... Passed
Test: Minimal transfers after leaves ...
  ... Passed
Test: Multi-group join/leave ...
  ... Passed
Test: Concurrent multi leave/join ...
  ... Passed
Test: Minimal transfers after multijoins ...
  ... Passed
Test: Minimal transfers after multileaves ...
  ... Passed
Test: Check Same config on servers ...
  ... Passed
PASS
ok  	6.824/shardctrler	2.509s
第 17 轮测试
-------------------------------------
Test: Basic leave/join ...
  ... Passed
Test: Historical queries ...
  ... Passed
Test: Move ...
  ... Passed
Test: Concurrent leave/join ...
  ... Passed
Test: Minimal transfers after joins ...
  ... Passed
Test: Minimal transfers after leaves ...
  ... Passed
Test: Multi-group join/leave ...
  ... Passed
Test: Concurrent multi leave/join ...
  ... Passed
Test: Minimal transfers after multijoins ...
  ... Passed
Test: Minimal transfers after multileaves ...
  ... Passed
Test: Check Same config on servers ...
  ... Passed
PASS
ok  	6.824/shardctrler	2.519s
第 18 轮测试
-------------------------------------
Test: Basic leave/join ...
  ... Passed
Test: Historical queries ...
  ... Passed
Test: Move ...
  ... Passed
Test: Concurrent leave/join ...
  ... Passed
Test: Minimal transfers after joins ...
  ... Passed
Test: Minimal transfers after leaves ...
  ... Passed
Test: Multi-group join/leave ...
  ... Passed
Test: Concurrent multi leave/join ...
  ... Passed
Test: Minimal transfers after multijoins ...
  ... Passed
Test: Minimal transfers after multileaves ...
  ... Passed
Test: Check Same config on servers ...
  ... Passed
PASS
ok  	6.824/shardctrler	2.519s
第 19 轮测试
-------------------------------------
Test: Basic leave/join ...
  ... Passed
Test: Historical queries ...
  ... Passed
Test: Move ...
  ... Passed
Test: Concurrent leave/join ...
  ... Passed
Test: Minimal transfers after joins ...
  ... Passed
Test: Minimal transfers after leaves ...
  ... Passed
Test: Multi-group join/leave ...
  ... Passed
Test: Concurrent multi leave/join ...
  ... Passed
Test: Minimal transfers after multijoins ...
  ... Passed
Test: Minimal transfers after multileaves ...
  ... Passed
Test: Check Same config on servers ...
  ... Passed
PASS
ok  	6.824/shardctrler	2.493s
第 20 轮测试
-------------------------------------
Test: Basic leave/join ...
  ... Passed
Test: Historical queries ...
  ... Passed
Test: Move ...
  ... Passed
Test: Concurrent leave/join ...
  ... Passed
Test: Minimal transfers after joins ...
  ... Passed
Test: Minimal transfers after leaves ...
  ... Passed
Test: Multi-group join/leave ...
  ... Passed
Test: Concurrent multi leave/join ...
  ... Passed
Test: Minimal transfers after multijoins ...
  ... Passed
Test: Minimal transfers after multileaves ...
  ... Passed
Test: Check Same config on servers ...
  ... Passed
PASS
ok  	6.824/shardctrler	2.619s
第 21 轮测试
-------------------------------------
Test: Basic leave/join ...
  ... Passed
Test: Historical queries ...
  ... Passed
Test: Move ...
  ... Passed
Test: Concurrent leave/join ...
  ... Passed
Test: Minimal transfers after joins ...
  ... Passed
Test: Minimal transfers after leaves ...
  ... Passed
Test: Multi-group join/leave ...
  ... Passed
Test: Concurrent multi leave/join ...
  ... Passed
Test: Minimal transfers after multijoins ...
  ... Passed
Test: Minimal transfers after multileaves ...
  ... Passed
Test: Check Same config on servers ...
  ... Passed
PASS
ok  	6.824/shardctrler	2.515s
第 22 轮测试
-------------------------------------
Test: Basic leave/join ...
  ... Passed
Test: Historical queries ...
  ... Passed
Test: Move ...
  ... Passed
Test: Concurrent leave/join ...
  ... Passed
Test: Minimal transfers after joins ...
  ... Passed
Test: Minimal transfers after leaves ...
  ... Passed
Test: Multi-group join/leave ...
  ... Passed
Test: Concurrent multi leave/join ...
  ... Passed
Test: Minimal transfers after multijoins ...
  ... Passed
Test: Minimal transfers after multileaves ...
  ... Passed
Test: Check Same config on servers ...
  ... Passed
PASS
ok  	6.824/shardctrler	2.521s
第 23 轮测试
-------------------------------------
Test: Basic leave/join ...
  ... Passed
Test: Historical queries ...
  ... Passed
Test: Move ...
  ... Passed
Test: Concurrent leave/join ...
  ... Passed
Test: Minimal transfers after joins ...
  ... Passed
Test: Minimal transfers after leaves ...
  ... Passed
Test: Multi-group join/leave ...
  ... Passed
Test: Concurrent multi leave/join ...
  ... Passed
Test: Minimal transfers after multijoins ...
  ... Passed
Test: Minimal transfers after multileaves ...
  ... Passed
Test: Check Same config on servers ...
  ... Passed
PASS
ok  	6.824/shardctrler	2.541s
第 24 轮测试
-------------------------------------
Test: Basic leave/join ...
  ... Passed
Test: Historical queries ...
  ... Passed
Test: Move ...
  ... Passed
Test: Concurrent leave/join ...
  ... Passed
Test: Minimal transfers after joins ...
  ... Passed
Test: Minimal transfers after leaves ...
  ... Passed
Test: Multi-group join/leave ...
  ... Passed
Test: Concurrent multi leave/join ...
  ... Passed
Test: Minimal transfers after multijoins ...
  ... Passed
Test: Minimal transfers after multileaves ...
  ... Passed
Test: Check Same config on servers ...
  ... Passed
PASS
ok  	6.824/shardctrler	2.525s
第 25 轮测试
-------------------------------------
Test: Basic leave/join ...
  ... Passed
Test: Historical queries ...
  ... Passed
Test: Move ...
  ... Passed
Test: Concurrent leave/join ...
  ... Passed
Test: Minimal transfers after joins ...
  ... Passed
Test: Minimal transfers after leaves ...
  ... Passed
Test: Multi-group join/leave ...
  ... Passed
Test: Concurrent multi leave/join ...
  ... Passed
Test: Minimal transfers after multijoins ...
  ... Passed
Test: Minimal transfers after multileaves ...
  ... Passed
Test: Check Same config on servers ...
  ... Passed
PASS
ok  	6.824/shardctrler	2.518s
第 26 轮测试
-------------------------------------
Test: Basic leave/join ...
  ... Passed
Test: Historical queries ...
  ... Passed
Test: Move ...
  ... Passed
Test: Concurrent leave/join ...
  ... Passed
Test: Minimal transfers after joins ...
  ... Passed
Test: Minimal transfers after leaves ...
  ... Passed
Test: Multi-group join/leave ...
  ... Passed
Test: Concurrent multi leave/join ...
  ... Passed
Test: Minimal transfers after multijoins ...
  ... Passed
Test: Minimal transfers after multileaves ...
  ... Passed
Test: Check Same config on servers ...
  ... Passed
PASS
ok  	6.824/shardctrler	2.524s
第 27 轮测试
-------------------------------------
Test: Basic leave/join ...
  ... Passed
Test: Historical queries ...
  ... Passed
Test: Move ...
  ... Passed
Test: Concurrent leave/join ...
  ... Passed
Test: Minimal transfers after joins ...
  ... Passed
Test: Minimal transfers after leaves ...
  ... Passed
Test: Multi-group join/leave ...
  ... Passed
Test: Concurrent multi leave/join ...
  ... Passed
Test: Minimal transfers after multijoins ...
  ... Passed
Test: Minimal transfers after multileaves ...
  ... Passed
Test: Check Same config on servers ...
  ... Passed
PASS
ok  	6.824/shardctrler	2.520s
第 28 轮测试
-------------------------------------
Test: Basic leave/join ...
  ... Passed
Test: Historical queries ...
  ... Passed
Test: Move ...
  ... Passed
Test: Concurrent leave/join ...
  ... Passed
Test: Minimal transfers after joins ...
  ... Passed
Test: Minimal transfers after leaves ...
  ... Passed
Test: Multi-group join/leave ...
  ... Passed
Test: Concurrent multi leave/join ...
  ... Passed
Test: Minimal transfers after multijoins ...
  ... Passed
Test: Minimal transfers after multileaves ...
  ... Passed
Test: Check Same config on servers ...
  ... Passed
PASS
ok  	6.824/shardctrler	2.548s
第 29 轮测试
-------------------------------------
Test: Basic leave/join ...
  ... Passed
Test: Historical queries ...
  ... Passed
Test: Move ...
  ... Passed
Test: Concurrent leave/join ...
  ... Passed
Test: Minimal transfers after joins ...
  ... Passed
Test: Minimal transfers after leaves ...
  ... Passed
Test: Multi-group join/leave ...
  ... Passed
Test: Concurrent multi leave/join ...
  ... Passed
Test: Minimal transfers after multijoins ...
  ... Passed
Test: Minimal transfers after multileaves ...
  ... Passed
Test: Check Same config on servers ...
  ... Passed
PASS
ok  	6.824/shardctrler	2.531s
第 30 轮测试
-------------------------------------
Test: Basic leave/join ...
  ... Passed
Test: Historical queries ...
  ... Passed
Test: Move ...
  ... Passed
Test: Concurrent leave/join ...
  ... Passed
Test: Minimal transfers after joins ...
  ... Passed
Test: Minimal transfers after leaves ...
  ... Passed
Test: Multi-group join/leave ...
  ... Passed
Test: Concurrent multi leave/join ...
  ... Passed
Test: Minimal transfers after multijoins ...
  ... Passed
Test: Minimal transfers after multileaves ...
  ... Passed
Test: Check Same config on servers ...
  ... Passed
PASS
ok  	6.824/shardctrler	2.526s
第 31 轮测试
-------------------------------------
Test: Basic leave/join ...
  ... Passed
Test: Historical queries ...
  ... Passed
Test: Move ...
  ... Passed
Test: Concurrent leave/join ...
  ... Passed
Test: Minimal transfers after joins ...
  ... Passed
Test: Minimal transfers after leaves ...
  ... Passed
Test: Multi-group join/leave ...
  ... Passed
Test: Concurrent multi leave/join ...
  ... Passed
Test: Minimal transfers after multijoins ...
  ... Passed
Test: Minimal transfers after multileaves ...
  ... Passed
Test: Check Same config on servers ...
  ... Passed
PASS
ok  	6.824/shardctrler	2.529s
第 32 轮测试
-------------------------------------
Test: Basic leave/join ...
  ... Passed
Test: Historical queries ...
  ... Passed
Test: Move ...
  ... Passed
Test: Concurrent leave/join ...
  ... Passed
Test: Minimal transfers after joins ...
  ... Passed
Test: Minimal transfers after leaves ...
  ... Passed
Test: Multi-group join/leave ...
  ... Passed
Test: Concurrent multi leave/join ...
  ... Passed
Test: Minimal transfers after multijoins ...
  ... Passed
Test: Minimal transfers after multileaves ...
  ... Passed
Test: Check Same config on servers ...
  ... Passed
PASS
ok  	6.824/shardctrler	2.540s
第 33 轮测试
-------------------------------------
Test: Basic leave/join ...
  ... Passed
Test: Historical queries ...
  ... Passed
Test: Move ...
  ... Passed
Test: Concurrent leave/join ...
  ... Passed
Test: Minimal transfers after joins ...
  ... Passed
Test: Minimal transfers after leaves ...
  ... Passed
Test: Multi-group join/leave ...
  ... Passed
Test: Concurrent multi leave/join ...
  ... Passed
Test: Minimal transfers after multijoins ...
  ... Passed
Test: Minimal transfers after multileaves ...
  ... Passed
Test: Check Same config on servers ...
  ... Passed
PASS
ok  	6.824/shardctrler	2.526s
第 34 轮测试
-------------------------------------
Test: Basic leave/join ...
  ... Passed
Test: Historical queries ...
  ... Passed
Test: Move ...
  ... Passed
Test: Concurrent leave/join ...
  ... Passed
Test: Minimal transfers after joins ...
  ... Passed
Test: Minimal transfers after leaves ...
  ... Passed
Test: Multi-group join/leave ...
  ... Passed
Test: Concurrent multi leave/join ...
  ... Passed
Test: Minimal transfers after multijoins ...
  ... Passed
Test: Minimal transfers after multileaves ...
  ... Passed
Test: Check Same config on servers ...
  ... Passed
PASS
ok  	6.824/shardctrler	2.522s
第 35 轮测试
-------------------------------------
Test: Basic leave/join ...
  ... Passed
Test: Historical queries ...
  ... Passed
Test: Move ...
  ... Passed
Test: Concurrent leave/join ...
  ... Passed
Test: Minimal transfers after joins ...
  ... Passed
Test: Minimal transfers after leaves ...
  ... Passed
Test: Multi-group join/leave ...
  ... Passed
Test: Concurrent multi leave/join ...
  ... Passed
Test: Minimal transfers after multijoins ...
  ... Passed
Test: Minimal transfers after multileaves ...
  ... Passed
Test: Check Same config on servers ...
  ... Passed
PASS
ok  	6.824/shardctrler	2.607s
第 36 轮测试
-------------------------------------
Test: Basic leave/join ...
  ... Passed
Test: Historical queries ...
  ... Passed
Test: Move ...
  ... Passed
Test: Concurrent leave/join ...
  ... Passed
Test: Minimal transfers after joins ...
  ... Passed
Test: Minimal transfers after leaves ...
  ... Passed
Test: Multi-group join/leave ...
  ... Passed
Test: Concurrent multi leave/join ...
  ... Passed
Test: Minimal transfers after multijoins ...
  ... Passed
Test: Minimal transfers after multileaves ...
  ... Passed
Test: Check Same config on servers ...
  ... Passed
PASS
ok  	6.824/shardctrler	2.514s
第 37 轮测试
-------------------------------------
Test: Basic leave/join ...
  ... Passed
Test: Historical queries ...
  ... Passed
Test: Move ...
  ... Passed
Test: Concurrent leave/join ...
  ... Passed
Test: Minimal transfers after joins ...
  ... Passed
Test: Minimal transfers after leaves ...
  ... Passed
Test: Multi-group join/leave ...
  ... Passed
Test: Concurrent multi leave/join ...
  ... Passed
Test: Minimal transfers after multijoins ...
  ... Passed
Test: Minimal transfers after multileaves ...
  ... Passed
Test: Check Same config on servers ...
  ... Passed
PASS
ok  	6.824/shardctrler	2.430s
第 38 轮测试
-------------------------------------
Test: Basic leave/join ...
  ... Passed
Test: Historical queries ...
  ... Passed
Test: Move ...
  ... Passed
Test: Concurrent leave/join ...
  ... Passed
Test: Minimal transfers after joins ...
  ... Passed
Test: Minimal transfers after leaves ...
  ... Passed
Test: Multi-group join/leave ...
  ... Passed
Test: Concurrent multi leave/join ...
  ... Passed
Test: Minimal transfers after multijoins ...
  ... Passed
Test: Minimal transfers after multileaves ...
  ... Passed
Test: Check Same config on servers ...
  ... Passed
PASS
ok  	6.824/shardctrler	2.530s
第 39 轮测试
-------------------------------------
Test: Basic leave/join ...
  ... Passed
Test: Historical queries ...
  ... Passed
Test: Move ...
  ... Passed
Test: Concurrent leave/join ...
  ... Passed
Test: Minimal transfers after joins ...
  ... Passed
Test: Minimal transfers after leaves ...
  ... Passed
Test: Multi-group join/leave ...
  ... Passed
Test: Concurrent multi leave/join ...
  ... Passed
Test: Minimal transfers after multijoins ...
  ... Passed
Test: Minimal transfers after multileaves ...
  ... Passed
Test: Check Same config on servers ...
  ... Passed
PASS
ok  	6.824/shardctrler	2.524s
第 40 轮测试
-------------------------------------
Test: Basic leave/join ...
  ... Passed
Test: Historical queries ...
  ... Passed
Test: Move ...
  ... Passed
Test: Concurrent leave/join ...
  ... Passed
Test: Minimal transfers after joins ...
  ... Passed
Test: Minimal transfers after leaves ...
  ... Passed
Test: Multi-group join/leave ...
  ... Passed
Test: Concurrent multi leave/join ...
  ... Passed
Test: Minimal transfers after multijoins ...
  ... Passed
Test: Minimal transfers after multileaves ...
  ... Passed
Test: Check Same config on servers ...
  ... Passed
PASS
ok  	6.824/shardctrler	2.504s
第 41 轮测试
-------------------------------------
Test: Basic leave/join ...
  ... Passed
Test: Historical queries ...
  ... Passed
Test: Move ...
  ... Passed
Test: Concurrent leave/join ...
  ... Passed
Test: Minimal transfers after joins ...
  ... Passed
Test: Minimal transfers after leaves ...
  ... Passed
Test: Multi-group join/leave ...
  ... Passed
Test: Concurrent multi leave/join ...
  ... Passed
Test: Minimal transfers after multijoins ...
  ... Passed
Test: Minimal transfers after multileaves ...
  ... Passed
Test: Check Same config on servers ...
  ... Passed
PASS
ok  	6.824/shardctrler	2.527s
第 42 轮测试
-------------------------------------
Test: Basic leave/join ...
  ... Passed
Test: Historical queries ...
  ... Passed
Test: Move ...
  ... Passed
Test: Concurrent leave/join ...
  ... Passed
Test: Minimal transfers after joins ...
  ... Passed
Test: Minimal transfers after leaves ...
  ... Passed
Test: Multi-group join/leave ...
  ... Passed
Test: Concurrent multi leave/join ...
  ... Passed
Test: Minimal transfers after multijoins ...
  ... Passed
Test: Minimal transfers after multileaves ...
  ... Passed
Test: Check Same config on servers ...
  ... Passed
PASS
ok  	6.824/shardctrler	2.522s
第 43 轮测试
-------------------------------------
Test: Basic leave/join ...
  ... Passed
Test: Historical queries ...
  ... Passed
Test: Move ...
  ... Passed
Test: Concurrent leave/join ...
  ... Passed
Test: Minimal transfers after joins ...
  ... Passed
Test: Minimal transfers after leaves ...
  ... Passed
Test: Multi-group join/leave ...
  ... Passed
Test: Concurrent multi leave/join ...
  ... Passed
Test: Minimal transfers after multijoins ...
  ... Passed
Test: Minimal transfers after multileaves ...
  ... Passed
Test: Check Same config on servers ...
  ... Passed
PASS
ok  	6.824/shardctrler	2.527s
第 44 轮测试
-------------------------------------
Test: Basic leave/join ...
  ... Passed
Test: Historical queries ...
  ... Passed
Test: Move ...
  ... Passed
Test: Concurrent leave/join ...
  ... Passed
Test: Minimal transfers after joins ...
  ... Passed
Test: Minimal transfers after leaves ...
  ... Passed
Test: Multi-group join/leave ...
  ... Passed
Test: Concurrent multi leave/join ...
  ... Passed
Test: Minimal transfers after multijoins ...
  ... Passed
Test: Minimal transfers after multileaves ...
  ... Passed
Test: Check Same config on servers ...
  ... Passed
PASS
ok  	6.824/shardctrler	2.505s
第 45 轮测试
-------------------------------------
Test: Basic leave/join ...
  ... Passed
Test: Historical queries ...
  ... Passed
Test: Move ...
  ... Passed
Test: Concurrent leave/join ...
  ... Passed
Test: Minimal transfers after joins ...
  ... Passed
Test: Minimal transfers after leaves ...
  ... Passed
Test: Multi-group join/leave ...
  ... Passed
Test: Concurrent multi leave/join ...
  ... Passed
Test: Minimal transfers after multijoins ...
  ... Passed
Test: Minimal transfers after multileaves ...
  ... Passed
Test: Check Same config on servers ...
  ... Passed
PASS
ok  	6.824/shardctrler	2.522s
第 46 轮测试
-------------------------------------
Test: Basic leave/join ...
  ... Passed
Test: Historical queries ...
  ... Passed
Test: Move ...
  ... Passed
Test: Concurrent leave/join ...
  ... Passed
Test: Minimal transfers after joins ...
  ... Passed
Test: Minimal transfers after leaves ...
  ... Passed
Test: Multi-group join/leave ...
  ... Passed
Test: Concurrent multi leave/join ...
  ... Passed
Test: Minimal transfers after multijoins ...
  ... Passed
Test: Minimal transfers after multileaves ...
  ... Passed
Test: Check Same config on servers ...
  ... Passed
PASS
ok  	6.824/shardctrler	2.526s
第 47 轮测试
-------------------------------------
Test: Basic leave/join ...
  ... Passed
Test: Historical queries ...
  ... Passed
Test: Move ...
  ... Passed
Test: Concurrent leave/join ...
  ... Passed
Test: Minimal transfers after joins ...
  ... Passed
Test: Minimal transfers after leaves ...
  ... Passed
Test: Multi-group join/leave ...
  ... Passed
Test: Concurrent multi leave/join ...
  ... Passed
Test: Minimal transfers after multijoins ...
  ... Passed
Test: Minimal transfers after multileaves ...
  ... Passed
Test: Check Same config on servers ...
  ... Passed
PASS
ok  	6.824/shardctrler	2.505s
第 48 轮测试
-------------------------------------
Test: Basic leave/join ...
  ... Passed
Test: Historical queries ...
  ... Passed
Test: Move ...
  ... Passed
Test: Concurrent leave/join ...
  ... Passed
Test: Minimal transfers after joins ...
  ... Passed
Test: Minimal transfers after leaves ...
  ... Passed
Test: Multi-group join/leave ...
  ... Passed
Test: Concurrent multi leave/join ...
  ... Passed
Test: Minimal transfers after multijoins ...
  ... Passed
Test: Minimal transfers after multileaves ...
  ... Passed
Test: Check Same config on servers ...
  ... Passed
PASS
ok  	6.824/shardctrler	2.530s
第 49 轮测试
-------------------------------------
Test: Basic leave/join ...
  ... Passed
Test: Historical queries ...
  ... Passed
Test: Move ...
  ... Passed
Test: Concurrent leave/join ...
  ... Passed
Test: Minimal transfers after joins ...
  ... Passed
Test: Minimal transfers after leaves ...
  ... Passed
Test: Multi-group join/leave ...
  ... Passed
Test: Concurrent multi leave/join ...
  ... Passed
Test: Minimal transfers after multijoins ...
  ... Passed
Test: Minimal transfers after multileaves ...
  ... Passed
Test: Check Same config on servers ...
  ... Passed
PASS
ok  	6.824/shardctrler	2.520s
第 50 轮测试
-------------------------------------
Test: Basic leave/join ...
  ... Passed
Test: Historical queries ...
  ... Passed
Test: Move ...
  ... Passed
Test: Concurrent leave/join ...
  ... Passed
Test: Minimal transfers after joins ...
  ... Passed
Test: Minimal transfers after leaves ...
  ... Passed
Test: Multi-group join/leave ...
  ... Passed
Test: Concurrent multi leave/join ...
  ... Passed
Test: Minimal transfers after multijoins ...
  ... Passed
Test: Minimal transfers after multileaves ...
  ... Passed
Test: Check Same config on servers ...
  ... Passed
PASS
ok  	6.824/shardctrler	2.526s
第 51 轮测试
-------------------------------------
Test: Basic leave/join ...
  ... Passed
Test: Historical queries ...
  ... Passed
Test: Move ...
  ... Passed
Test: Concurrent leave/join ...
  ... Passed
Test: Minimal transfers after joins ...
  ... Passed
Test: Minimal transfers after leaves ...
  ... Passed
Test: Multi-group join/leave ...
  ... Passed
Test: Concurrent multi leave/join ...
  ... Passed
Test: Minimal transfers after multijoins ...
  ... Passed
Test: Minimal transfers after multileaves ...
  ... Passed
Test: Check Same config on servers ...
  ... Passed
PASS
ok  	6.824/shardctrler	2.521s
第 52 轮测试
-------------------------------------
Test: Basic leave/join ...
  ... Passed
Test: Historical queries ...
  ... Passed
Test: Move ...
  ... Passed
Test: Concurrent leave/join ...
  ... Passed
Test: Minimal transfers after joins ...
  ... Passed
Test: Minimal transfers after leaves ...
  ... Passed
Test: Multi-group join/leave ...
  ... Passed
Test: Concurrent multi leave/join ...
  ... Passed
Test: Minimal transfers after multijoins ...
  ... Passed
Test: Minimal transfers after multileaves ...
  ... Passed
Test: Check Same config on servers ...
  ... Passed
PASS
ok  	6.824/shardctrler	2.519s
第 53 轮测试
-------------------------------------
Test: Basic leave/join ...
  ... Passed
Test: Historical queries ...
  ... Passed
Test: Move ...
  ... Passed
Test: Concurrent leave/join ...
  ... Passed
Test: Minimal transfers after joins ...
  ... Passed
Test: Minimal transfers after leaves ...
  ... Passed
Test: Multi-group join/leave ...
  ... Passed
Test: Concurrent multi leave/join ...
  ... Passed
Test: Minimal transfers after multijoins ...
  ... Passed
Test: Minimal transfers after multileaves ...
  ... Passed
Test: Check Same config on servers ...
  ... Passed
PASS
ok  	6.824/shardctrler	2.524s
第 54 轮测试
-------------------------------------
Test: Basic leave/join ...
  ... Passed
Test: Historical queries ...
  ... Passed
Test: Move ...
  ... Passed
Test: Concurrent leave/join ...
  ... Passed
Test: Minimal transfers after joins ...
  ... Passed
Test: Minimal transfers after leaves ...
  ... Passed
Test: Multi-group join/leave ...
  ... Passed
Test: Concurrent multi leave/join ...
  ... Passed
Test: Minimal transfers after multijoins ...
  ... Passed
Test: Minimal transfers after multileaves ...
  ... Passed
Test: Check Same config on servers ...
  ... Passed
PASS
ok  	6.824/shardctrler	2.530s
第 55 轮测试
-------------------------------------
Test: Basic leave/join ...
  ... Passed
Test: Historical queries ...
  ... Passed
Test: Move ...
  ... Passed
Test: Concurrent leave/join ...
  ... Passed
Test: Minimal transfers after joins ...
  ... Passed
Test: Minimal transfers after leaves ...
  ... Passed
Test: Multi-group join/leave ...
  ... Passed
Test: Concurrent multi leave/join ...
  ... Passed
Test: Minimal transfers after multijoins ...
  ... Passed
Test: Minimal transfers after multileaves ...
  ... Passed
Test: Check Same config on servers ...
  ... Passed
PASS
ok  	6.824/shardctrler	2.524s
第 56 轮测试
-------------------------------------
Test: Basic leave/join ...
  ... Passed
Test: Historical queries ...
  ... Passed
Test: Move ...
  ... Passed
Test: Concurrent leave/join ...
  ... Passed
Test: Minimal transfers after joins ...
  ... Passed
Test: Minimal transfers after leaves ...
  ... Passed
Test: Multi-group join/leave ...
  ... Passed
Test: Concurrent multi leave/join ...
  ... Passed
Test: Minimal transfers after multijoins ...
  ... Passed
Test: Minimal transfers after multileaves ...
  ... Passed
Test: Check Same config on servers ...
  ... Passed
PASS
ok  	6.824/shardctrler	2.531s
第 57 轮测试
-------------------------------------
Test: Basic leave/join ...
  ... Passed
Test: Historical queries ...
  ... Passed
Test: Move ...
  ... Passed
Test: Concurrent leave/join ...
  ... Passed
Test: Minimal transfers after joins ...
  ... Passed
Test: Minimal transfers after leaves ...
  ... Passed
Test: Multi-group join/leave ...
  ... Passed
Test: Concurrent multi leave/join ...
  ... Passed
Test: Minimal transfers after multijoins ...
  ... Passed
Test: Minimal transfers after multileaves ...
  ... Passed
Test: Check Same config on servers ...
  ... Passed
PASS
ok  	6.824/shardctrler	2.431s
第 58 轮测试
-------------------------------------
Test: Basic leave/join ...
  ... Passed
Test: Historical queries ...
  ... Passed
Test: Move ...
  ... Passed
Test: Concurrent leave/join ...
  ... Passed
Test: Minimal transfers after joins ...
  ... Passed
Test: Minimal transfers after leaves ...
  ... Passed
Test: Multi-group join/leave ...
  ... Passed
Test: Concurrent multi leave/join ...
  ... Passed
Test: Minimal transfers after multijoins ...
  ... Passed
Test: Minimal transfers after multileaves ...
  ... Passed
Test: Check Same config on servers ...
  ... Passed
PASS
ok  	6.824/shardctrler	2.521s
第 59 轮测试
-------------------------------------
Test: Basic leave/join ...
  ... Passed
Test: Historical queries ...
  ... Passed
Test: Move ...
  ... Passed
Test: Concurrent leave/join ...
  ... Passed
Test: Minimal transfers after joins ...
  ... Passed
Test: Minimal transfers after leaves ...
  ... Passed
Test: Multi-group join/leave ...
  ... Passed
Test: Concurrent multi leave/join ...
  ... Passed
Test: Minimal transfers after multijoins ...
  ... Passed
Test: Minimal transfers after multileaves ...
  ... Passed
Test: Check Same config on servers ...
  ... Passed
PASS
ok  	6.824/shardctrler	2.509s
第 60 轮测试
-------------------------------------
Test: Basic leave/join ...
  ... Passed
Test: Historical queries ...
  ... Passed
Test: Move ...
  ... Passed
Test: Concurrent leave/join ...
  ... Passed
Test: Minimal transfers after joins ...
  ... Passed
Test: Minimal transfers after leaves ...
  ... Passed
Test: Multi-group join/leave ...
  ... Passed
Test: Concurrent multi leave/join ...
  ... Passed
Test: Minimal transfers after multijoins ...
  ... Passed
Test: Minimal transfers after multileaves ...
  ... Passed
Test: Check Same config on servers ...
  ... Passed
PASS
ok  	6.824/shardctrler	2.519s
第 61 轮测试
-------------------------------------
Test: Basic leave/join ...
  ... Passed
Test: Historical queries ...
  ... Passed
Test: Move ...
  ... Passed
Test: Concurrent leave/join ...
  ... Passed
Test: Minimal transfers after joins ...
  ... Passed
Test: Minimal transfers after leaves ...
  ... Passed
Test: Multi-group join/leave ...
  ... Passed
Test: Concurrent multi leave/join ...
  ... Passed
Test: Minimal transfers after multijoins ...
  ... Passed
Test: Minimal transfers after multileaves ...
  ... Passed
Test: Check Same config on servers ...
  ... Passed
PASS
ok  	6.824/shardctrler	2.509s
第 62 轮测试
-------------------------------------
Test: Basic leave/join ...
  ... Passed
Test: Historical queries ...
  ... Passed
Test: Move ...
  ... Passed
Test: Concurrent leave/join ...
  ... Passed
Test: Minimal transfers after joins ...
  ... Passed
Test: Minimal transfers after leaves ...
  ... Passed
Test: Multi-group join/leave ...
  ... Passed
Test: Concurrent multi leave/join ...
  ... Passed
Test: Minimal transfers after multijoins ...
  ... Passed
Test: Minimal transfers after multileaves ...
  ... Passed
Test: Check Same config on servers ...
  ... Passed
PASS
ok  	6.824/shardctrler	2.596s
第 63 轮测试
-------------------------------------
Test: Basic leave/join ...
  ... Passed
Test: Historical queries ...
  ... Passed
Test: Move ...
  ... Passed
Test: Concurrent leave/join ...
  ... Passed
Test: Minimal transfers after joins ...
  ... Passed
Test: Minimal transfers after leaves ...
  ... Passed
Test: Multi-group join/leave ...
  ... Passed
Test: Concurrent multi leave/join ...
  ... Passed
Test: Minimal transfers after multijoins ...
  ... Passed
Test: Minimal transfers after multileaves ...
  ... Passed
Test: Check Same config on servers ...
  ... Passed
PASS
ok  	6.824/shardctrler	2.625s
第 64 轮测试
-------------------------------------
Test: Basic leave/join ...
  ... Passed
Test: Historical queries ...
  ... Passed
Test: Move ...
  ... Passed
Test: Concurrent leave/join ...
  ... Passed
Test: Minimal transfers after joins ...
  ... Passed
Test: Minimal transfers after leaves ...
  ... Passed
Test: Multi-group join/leave ...
  ... Passed
Test: Concurrent multi leave/join ...
  ... Passed
Test: Minimal transfers after multijoins ...
  ... Passed
Test: Minimal transfers after multileaves ...
  ... Passed
Test: Check Same config on servers ...
  ... Passed
PASS
ok  	6.824/shardctrler	2.514s
第 65 轮测试
-------------------------------------
Test: Basic leave/join ...
  ... Passed
Test: Historical queries ...
  ... Passed
Test: Move ...
  ... Passed
Test: Concurrent leave/join ...
  ... Passed
Test: Minimal transfers after joins ...
  ... Passed
Test: Minimal transfers after leaves ...
  ... Passed
Test: Multi-group join/leave ...
  ... Passed
Test: Concurrent multi leave/join ...
  ... Passed
Test: Minimal transfers after multijoins ...
  ... Passed
Test: Minimal transfers after multileaves ...
  ... Passed
Test: Check Same config on servers ...
  ... Passed
PASS
ok  	6.824/shardctrler	2.519s
第 66 轮测试
-------------------------------------
Test: Basic leave/join ...
  ... Passed
Test: Historical queries ...
  ... Passed
Test: Move ...
  ... Passed
Test: Concurrent leave/join ...
  ... Passed
Test: Minimal transfers after joins ...
  ... Passed
Test: Minimal transfers after leaves ...
  ... Passed
Test: Multi-group join/leave ...
  ... Passed
Test: Concurrent multi leave/join ...
  ... Passed
Test: Minimal transfers after multijoins ...
  ... Passed
Test: Minimal transfers after multileaves ...
  ... Passed
Test: Check Same config on servers ...
  ... Passed
PASS
ok  	6.824/shardctrler	2.611s
第 67 轮测试
-------------------------------------
Test: Basic leave/join ...
  ... Passed
Test: Historical queries ...
  ... Passed
Test: Move ...
  ... Passed
Test: Concurrent leave/join ...
  ... Passed
Test: Minimal transfers after joins ...
  ... Passed
Test: Minimal transfers after leaves ...
  ... Passed
Test: Multi-group join/leave ...
  ... Passed
Test: Concurrent multi leave/join ...
  ... Passed
Test: Minimal transfers after multijoins ...
  ... Passed
Test: Minimal transfers after multileaves ...
  ... Passed
Test: Check Same config on servers ...
  ... Passed
PASS
ok  	6.824/shardctrler	2.522s
第 68 轮测试
-------------------------------------
Test: Basic leave/join ...
  ... Passed
Test: Historical queries ...
  ... Passed
Test: Move ...
  ... Passed
Test: Concurrent leave/join ...
  ... Passed
Test: Minimal transfers after joins ...
  ... Passed
Test: Minimal transfers after leaves ...
  ... Passed
Test: Multi-group join/leave ...
  ... Passed
Test: Concurrent multi leave/join ...
  ... Passed
Test: Minimal transfers after multijoins ...
  ... Passed
Test: Minimal transfers after multileaves ...
  ... Passed
Test: Check Same config on servers ...
  ... Passed
PASS
ok  	6.824/shardctrler	2.523s
第 69 轮测试
-------------------------------------
Test: Basic leave/join ...
  ... Passed
Test: Historical queries ...
  ... Passed
Test: Move ...
  ... Passed
Test: Concurrent leave/join ...
  ... Passed
Test: Minimal transfers after joins ...
  ... Passed
Test: Minimal transfers after leaves ...
  ... Passed
Test: Multi-group join/leave ...
  ... Passed
Test: Concurrent multi leave/join ...
  ... Passed
Test: Minimal transfers after multijoins ...
  ... Passed
Test: Minimal transfers after multileaves ...
  ... Passed
Test: Check Same config on servers ...
  ... Passed
PASS
ok  	6.824/shardctrler	2.525s
第 70 轮测试
-------------------------------------
Test: Basic leave/join ...
  ... Passed
Test: Historical queries ...
  ... Passed
Test: Move ...
  ... Passed
Test: Concurrent leave/join ...
  ... Passed
Test: Minimal transfers after joins ...
  ... Passed
Test: Minimal transfers after leaves ...
  ... Passed
Test: Multi-group join/leave ...
  ... Passed
Test: Concurrent multi leave/join ...
  ... Passed
Test: Minimal transfers after multijoins ...
  ... Passed
Test: Minimal transfers after multileaves ...
  ... Passed
Test: Check Same config on servers ...
  ... Passed
PASS
ok  	6.824/shardctrler	2.528s
第 71 轮测试
-------------------------------------
Test: Basic leave/join ...
  ... Passed
Test: Historical queries ...
  ... Passed
Test: Move ...
  ... Passed
Test: Concurrent leave/join ...
  ... Passed
Test: Minimal transfers after joins ...
  ... Passed
Test: Minimal transfers after leaves ...
  ... Passed
Test: Multi-group join/leave ...
  ... Passed
Test: Concurrent multi leave/join ...
  ... Passed
Test: Minimal transfers after multijoins ...
  ... Passed
Test: Minimal transfers after multileaves ...
  ... Passed
Test: Check Same config on servers ...
  ... Passed
PASS
ok  	6.824/shardctrler	2.521s
第 72 轮测试
-------------------------------------
Test: Basic leave/join ...
  ... Passed
Test: Historical queries ...
  ... Passed
Test: Move ...
  ... Passed
Test: Concurrent leave/join ...
  ... Passed
Test: Minimal transfers after joins ...
  ... Passed
Test: Minimal transfers after leaves ...
  ... Passed
Test: Multi-group join/leave ...
  ... Passed
Test: Concurrent multi leave/join ...
  ... Passed
Test: Minimal transfers after multijoins ...
  ... Passed
Test: Minimal transfers after multileaves ...
  ... Passed
Test: Check Same config on servers ...
  ... Passed
PASS
ok  	6.824/shardctrler	2.524s
第 73 轮测试
-------------------------------------
Test: Basic leave/join ...
  ... Passed
Test: Historical queries ...
  ... Passed
Test: Move ...
  ... Passed
Test: Concurrent leave/join ...
  ... Passed
Test: Minimal transfers after joins ...
  ... Passed
Test: Minimal transfers after leaves ...
  ... Passed
Test: Multi-group join/leave ...
  ... Passed
Test: Concurrent multi leave/join ...
  ... Passed
Test: Minimal transfers after multijoins ...
  ... Passed
Test: Minimal transfers after multileaves ...
  ... Passed
Test: Check Same config on servers ...
  ... Passed
PASS
ok  	6.824/shardctrler	2.525s
第 74 轮测试
-------------------------------------
Test: Basic leave/join ...
  ... Passed
Test: Historical queries ...
  ... Passed
Test: Move ...
  ... Passed
Test: Concurrent leave/join ...
  ... Passed
Test: Minimal transfers after joins ...
  ... Passed
Test: Minimal transfers after leaves ...
  ... Passed
Test: Multi-group join/leave ...
  ... Passed
Test: Concurrent multi leave/join ...
  ... Passed
Test: Minimal transfers after multijoins ...
  ... Passed
Test: Minimal transfers after multileaves ...
  ... Passed
Test: Check Same config on servers ...
  ... Passed
PASS
ok  	6.824/shardctrler	2.521s
第 75 轮测试
-------------------------------------
Test: Basic leave/join ...
  ... Passed
Test: Historical queries ...
  ... Passed
Test: Move ...
  ... Passed
Test: Concurrent leave/join ...
  ... Passed
Test: Minimal transfers after joins ...
  ... Passed
Test: Minimal transfers after leaves ...
  ... Passed
Test: Multi-group join/leave ...
  ... Passed
Test: Concurrent multi leave/join ...
  ... Passed
Test: Minimal transfers after multijoins ...
  ... Passed
Test: Minimal transfers after multileaves ...
  ... Passed
Test: Check Same config on servers ...
  ... Passed
PASS
ok  	6.824/shardctrler	2.523s
第 76 轮测试
-------------------------------------
Test: Basic leave/join ...
  ... Passed
Test: Historical queries ...
  ... Passed
Test: Move ...
  ... Passed
Test: Concurrent leave/join ...
  ... Passed
Test: Minimal transfers after joins ...
  ... Passed
Test: Minimal transfers after leaves ...
  ... Passed
Test: Multi-group join/leave ...
  ... Passed
Test: Concurrent multi leave/join ...
  ... Passed
Test: Minimal transfers after multijoins ...
  ... Passed
Test: Minimal transfers after multileaves ...
  ... Passed
Test: Check Same config on servers ...
  ... Passed
PASS
ok  	6.824/shardctrler	2.444s
第 77 轮测试
-------------------------------------
Test: Basic leave/join ...
  ... Passed
Test: Historical queries ...
  ... Passed
Test: Move ...
  ... Passed
Test: Concurrent leave/join ...
  ... Passed
Test: Minimal transfers after joins ...
  ... Passed
Test: Minimal transfers after leaves ...
  ... Passed
Test: Multi-group join/leave ...
  ... Passed
Test: Concurrent multi leave/join ...
  ... Passed
Test: Minimal transfers after multijoins ...
  ... Passed
Test: Minimal transfers after multileaves ...
  ... Passed
Test: Check Same config on servers ...
  ... Passed
PASS
ok  	6.824/shardctrler	2.526s
第 78 轮测试
-------------------------------------
Test: Basic leave/join ...
  ... Passed
Test: Historical queries ...
  ... Passed
Test: Move ...
  ... Passed
Test: Concurrent leave/join ...
  ... Passed
Test: Minimal transfers after joins ...
  ... Passed
Test: Minimal transfers after leaves ...
  ... Passed
Test: Multi-group join/leave ...
  ... Passed
Test: Concurrent multi leave/join ...
  ... Passed
Test: Minimal transfers after multijoins ...
  ... Passed
Test: Minimal transfers after multileaves ...
  ... Passed
Test: Check Same config on servers ...
  ... Passed
PASS
ok  	6.824/shardctrler	2.503s
第 79 轮测试
-------------------------------------
Test: Basic leave/join ...
  ... Passed
Test: Historical queries ...
  ... Passed
Test: Move ...
  ... Passed
Test: Concurrent leave/join ...
  ... Passed
Test: Minimal transfers after joins ...
  ... Passed
Test: Minimal transfers after leaves ...
  ... Passed
Test: Multi-group join/leave ...
  ... Passed
Test: Concurrent multi leave/join ...
  ... Passed
Test: Minimal transfers after multijoins ...
  ... Passed
Test: Minimal transfers after multileaves ...
  ... Passed
Test: Check Same config on servers ...
  ... Passed
PASS
ok  	6.824/shardctrler	2.529s
第 80 轮测试
-------------------------------------
Test: Basic leave/join ...
  ... Passed
Test: Historical queries ...
  ... Passed
Test: Move ...
  ... Passed
Test: Concurrent leave/join ...
  ... Passed
Test: Minimal transfers after joins ...
  ... Passed
Test: Minimal transfers after leaves ...
  ... Passed
Test: Multi-group join/leave ...
  ... Passed
Test: Concurrent multi leave/join ...
  ... Passed
Test: Minimal transfers after multijoins ...
  ... Passed
Test: Minimal transfers after multileaves ...
  ... Passed
Test: Check Same config on servers ...
  ... Passed
PASS
ok  	6.824/shardctrler	2.527s
第 81 轮测试
-------------------------------------
Test: Basic leave/join ...
  ... Passed
Test: Historical queries ...
  ... Passed
Test: Move ...
  ... Passed
Test: Concurrent leave/join ...
  ... Passed
Test: Minimal transfers after joins ...
  ... Passed
Test: Minimal transfers after leaves ...
  ... Passed
Test: Multi-group join/leave ...
  ... Passed
Test: Concurrent multi leave/join ...
  ... Passed
Test: Minimal transfers after multijoins ...
  ... Passed
Test: Minimal transfers after multileaves ...
  ... Passed
Test: Check Same config on servers ...
  ... Passed
PASS
ok  	6.824/shardctrler	2.517s
第 82 轮测试
-------------------------------------
Test: Basic leave/join ...
  ... Passed
Test: Historical queries ...
  ... Passed
Test: Move ...
  ... Passed
Test: Concurrent leave/join ...
  ... Passed
Test: Minimal transfers after joins ...
  ... Passed
Test: Minimal transfers after leaves ...
  ... Passed
Test: Multi-group join/leave ...
  ... Passed
Test: Concurrent multi leave/join ...
  ... Passed
Test: Minimal transfers after multijoins ...
  ... Passed
Test: Minimal transfers after multileaves ...
  ... Passed
Test: Check Same config on servers ...
  ... Passed
PASS
ok  	6.824/shardctrler	2.507s
第 83 轮测试
-------------------------------------
Test: Basic leave/join ...
  ... Passed
Test: Historical queries ...
  ... Passed
Test: Move ...
  ... Passed
Test: Concurrent leave/join ...
  ... Passed
Test: Minimal transfers after joins ...
  ... Passed
Test: Minimal transfers after leaves ...
  ... Passed
Test: Multi-group join/leave ...
  ... Passed
Test: Concurrent multi leave/join ...
  ... Passed
Test: Minimal transfers after multijoins ...
  ... Passed
Test: Minimal transfers after multileaves ...
  ... Passed
Test: Check Same config on servers ...
  ... Passed
PASS
ok  	6.824/shardctrler	2.527s
第 84 轮测试
-------------------------------------
Test: Basic leave/join ...
  ... Passed
Test: Historical queries ...
  ... Passed
Test: Move ...
  ... Passed
Test: Concurrent leave/join ...
  ... Passed
Test: Minimal transfers after joins ...
  ... Passed
Test: Minimal transfers after leaves ...
  ... Passed
Test: Multi-group join/leave ...
  ... Passed
Test: Concurrent multi leave/join ...
  ... Passed
Test: Minimal transfers after multijoins ...
  ... Passed
Test: Minimal transfers after multileaves ...
  ... Passed
Test: Check Same config on servers ...
  ... Passed
PASS
ok  	6.824/shardctrler	2.522s
第 85 轮测试
-------------------------------------
Test: Basic leave/join ...
  ... Passed
Test: Historical queries ...
  ... Passed
Test: Move ...
  ... Passed
Test: Concurrent leave/join ...
  ... Passed
Test: Minimal transfers after joins ...
  ... Passed
Test: Minimal transfers after leaves ...
  ... Passed
Test: Multi-group join/leave ...
  ... Passed
Test: Concurrent multi leave/join ...
  ... Passed
Test: Minimal transfers after multijoins ...
  ... Passed
Test: Minimal transfers after multileaves ...
  ... Passed
Test: Check Same config on servers ...
  ... Passed
PASS
ok  	6.824/shardctrler	2.516s
第 86 轮测试
-------------------------------------
Test: Basic leave/join ...
  ... Passed
Test: Historical queries ...
  ... Passed
Test: Move ...
  ... Passed
Test: Concurrent leave/join ...
  ... Passed
Test: Minimal transfers after joins ...
  ... Passed
Test: Minimal transfers after leaves ...
  ... Passed
Test: Multi-group join/leave ...
  ... Passed
Test: Concurrent multi leave/join ...
  ... Passed
Test: Minimal transfers after multijoins ...
  ... Passed
Test: Minimal transfers after multileaves ...
  ... Passed
Test: Check Same config on servers ...
  ... Passed
PASS
ok  	6.824/shardctrler	2.529s
第 87 轮测试
-------------------------------------
Test: Basic leave/join ...
  ... Passed
Test: Historical queries ...
  ... Passed
Test: Move ...
  ... Passed
Test: Concurrent leave/join ...
  ... Passed
Test: Minimal transfers after joins ...
  ... Passed
Test: Minimal transfers after leaves ...
  ... Passed
Test: Multi-group join/leave ...
  ... Passed
Test: Concurrent multi leave/join ...
  ... Passed
Test: Minimal transfers after multijoins ...
  ... Passed
Test: Minimal transfers after multileaves ...
  ... Passed
Test: Check Same config on servers ...
  ... Passed
PASS
ok  	6.824/shardctrler	2.518s
第 88 轮测试
-------------------------------------
Test: Basic leave/join ...
  ... Passed
Test: Historical queries ...
  ... Passed
Test: Move ...
  ... Passed
Test: Concurrent leave/join ...
  ... Passed
Test: Minimal transfers after joins ...
  ... Passed
Test: Minimal transfers after leaves ...
  ... Passed
Test: Multi-group join/leave ...
  ... Passed
Test: Concurrent multi leave/join ...
  ... Passed
Test: Minimal transfers after multijoins ...
  ... Passed
Test: Minimal transfers after multileaves ...
  ... Passed
Test: Check Same config on servers ...
  ... Passed
PASS
ok  	6.824/shardctrler	2.524s
第 89 轮测试
-------------------------------------
Test: Basic leave/join ...
  ... Passed
Test: Historical queries ...
  ... Passed
Test: Move ...
  ... Passed
Test: Concurrent leave/join ...
  ... Passed
Test: Minimal transfers after joins ...
  ... Passed
Test: Minimal transfers after leaves ...
  ... Passed
Test: Multi-group join/leave ...
  ... Passed
Test: Concurrent multi leave/join ...
  ... Passed
Test: Minimal transfers after multijoins ...
  ... Passed
Test: Minimal transfers after multileaves ...
  ... Passed
Test: Check Same config on servers ...
  ... Passed
PASS
ok  	6.824/shardctrler	2.524s
第 90 轮测试
-------------------------------------
Test: Basic leave/join ...
  ... Passed
Test: Historical queries ...
  ... Passed
Test: Move ...
  ... Passed
Test: Concurrent leave/join ...
  ... Passed
Test: Minimal transfers after joins ...
  ... Passed
Test: Minimal transfers after leaves ...
  ... Passed
Test: Multi-group join/leave ...
  ... Passed
Test: Concurrent multi leave/join ...
  ... Passed
Test: Minimal transfers after multijoins ...
  ... Passed
Test: Minimal transfers after multileaves ...
  ... Passed
Test: Check Same config on servers ...
  ... Passed
PASS
ok  	6.824/shardctrler	2.573s
第 91 轮测试
-------------------------------------
Test: Basic leave/join ...
  ... Passed
Test: Historical queries ...
  ... Passed
Test: Move ...
  ... Passed
Test: Concurrent leave/join ...
  ... Passed
Test: Minimal transfers after joins ...
  ... Passed
Test: Minimal transfers after leaves ...
  ... Passed
Test: Multi-group join/leave ...
  ... Passed
Test: Concurrent multi leave/join ...
  ... Passed
Test: Minimal transfers after multijoins ...
  ... Passed
Test: Minimal transfers after multileaves ...
  ... Passed
Test: Check Same config on servers ...
  ... Passed
PASS
ok  	6.824/shardctrler	2.513s
第 92 轮测试
-------------------------------------
Test: Basic leave/join ...
  ... Passed
Test: Historical queries ...
  ... Passed
Test: Move ...
  ... Passed
Test: Concurrent leave/join ...
  ... Passed
Test: Minimal transfers after joins ...
  ... Passed
Test: Minimal transfers after leaves ...
  ... Passed
Test: Multi-group join/leave ...
  ... Passed
Test: Concurrent multi leave/join ...
  ... Passed
Test: Minimal transfers after multijoins ...
  ... Passed
Test: Minimal transfers after multileaves ...
  ... Passed
Test: Check Same config on servers ...
  ... Passed
PASS
ok  	6.824/shardctrler	2.525s
第 93 轮测试
-------------------------------------
Test: Basic leave/join ...
  ... Passed
Test: Historical queries ...
  ... Passed
Test: Move ...
  ... Passed
Test: Concurrent leave/join ...
  ... Passed
Test: Minimal transfers after joins ...
  ... Passed
Test: Minimal transfers after leaves ...
  ... Passed
Test: Multi-group join/leave ...
  ... Passed
Test: Concurrent multi leave/join ...
  ... Passed
Test: Minimal transfers after multijoins ...
  ... Passed
Test: Minimal transfers after multileaves ...
  ... Passed
Test: Check Same config on servers ...
  ... Passed
PASS
ok  	6.824/shardctrler	2.523s
第 94 轮测试
-------------------------------------
Test: Basic leave/join ...
  ... Passed
Test: Historical queries ...
  ... Passed
Test: Move ...
  ... Passed
Test: Concurrent leave/join ...
  ... Passed
Test: Minimal transfers after joins ...
  ... Passed
Test: Minimal transfers after leaves ...
  ... Passed
Test: Multi-group join/leave ...
  ... Passed
Test: Concurrent multi leave/join ...
  ... Passed
Test: Minimal transfers after multijoins ...
  ... Passed
Test: Minimal transfers after multileaves ...
  ... Passed
Test: Check Same config on servers ...
  ... Passed
PASS
ok  	6.824/shardctrler	2.502s
第 95 轮测试
-------------------------------------
Test: Basic leave/join ...
  ... Passed
Test: Historical queries ...
  ... Passed
Test: Move ...
  ... Passed
Test: Concurrent leave/join ...
  ... Passed
Test: Minimal transfers after joins ...
  ... Passed
Test: Minimal transfers after leaves ...
  ... Passed
Test: Multi-group join/leave ...
  ... Passed
Test: Concurrent multi leave/join ...
  ... Passed
Test: Minimal transfers after multijoins ...
  ... Passed
Test: Minimal transfers after multileaves ...
  ... Passed
Test: Check Same config on servers ...
  ... Passed
PASS
ok  	6.824/shardctrler	2.522s
第 96 轮测试
-------------------------------------
Test: Basic leave/join ...
  ... Passed
Test: Historical queries ...
  ... Passed
Test: Move ...
  ... Passed
Test: Concurrent leave/join ...
  ... Passed
Test: Minimal transfers after joins ...
  ... Passed
Test: Minimal transfers after leaves ...
  ... Passed
Test: Multi-group join/leave ...
  ... Passed
Test: Concurrent multi leave/join ...
  ... Passed
Test: Minimal transfers after multijoins ...
  ... Passed
Test: Minimal transfers after multileaves ...
  ... Passed
Test: Check Same config on servers ...
  ... Passed
PASS
ok  	6.824/shardctrler	2.517s
第 97 轮测试
-------------------------------------
Test: Basic leave/join ...
  ... Passed
Test: Historical queries ...
  ... Passed
Test: Move ...
  ... Passed
Test: Concurrent leave/join ...
  ... Passed
Test: Minimal transfers after joins ...
  ... Passed
Test: Minimal transfers after leaves ...
  ... Passed
Test: Multi-group join/leave ...
  ... Passed
Test: Concurrent multi leave/join ...
  ... Passed
Test: Minimal transfers after multijoins ...
  ... Passed
Test: Minimal transfers after multileaves ...
  ... Passed
Test: Check Same config on servers ...
  ... Passed
PASS
ok  	6.824/shardctrler	2.521s
第 98 轮测试
-------------------------------------
Test: Basic leave/join ...
  ... Passed
Test: Historical queries ...
  ... Passed
Test: Move ...
  ... Passed
Test: Concurrent leave/join ...
  ... Passed
Test: Minimal transfers after joins ...
  ... Passed
Test: Minimal transfers after leaves ...
  ... Passed
Test: Multi-group join/leave ...
  ... Passed
Test: Concurrent multi leave/join ...
  ... Passed
Test: Minimal transfers after multijoins ...
  ... Passed
Test: Minimal transfers after multileaves ...
  ... Passed
Test: Check Same config on servers ...
  ... Passed
PASS
ok  	6.824/shardctrler	2.522s
第 99 轮测试
-------------------------------------
Test: Basic leave/join ...
  ... Passed
Test: Historical queries ...
  ... Passed
Test: Move ...
  ... Passed
Test: Concurrent leave/join ...
  ... Passed
Test: Minimal transfers after joins ...
  ... Passed
Test: Minimal transfers after leaves ...
  ... Passed
Test: Multi-group join/leave ...
  ... Passed
Test: Concurrent multi leave/join ...
  ... Passed
Test: Minimal transfers after multijoins ...
  ... Passed
Test: Minimal transfers after multileaves ...
  ... Passed
Test: Check Same config on servers ...
  ... Passed
PASS
ok  	6.824/shardctrler	2.625s
第 100 轮测试
-------------------------------------
Test: Basic leave/join ...
  ... Passed
Test: Historical queries ...
  ... Passed
Test: Move ...
  ... Passed
Test: Concurrent leave/join ...
  ... Passed
Test: Minimal transfers after joins ...
  ... Passed
Test: Minimal transfers after leaves ...
  ... Passed
Test: Multi-group join/leave ...
  ... Passed
Test: Concurrent multi leave/join ...
  ... Passed
Test: Minimal transfers after multijoins ...
  ... Passed
Test: Minimal transfers after multileaves ...
  ... Passed
Test: Check Same config on servers ...
  ... Passed
PASS
ok  	6.824/shardctrler	2.515s
