第 1 轮测试
-------------------------------------
Test: one client (3A) ...
  ... Passed --  15.6  5  8350 1655
Test: ops complete fast enough (3A) ...
  ... Passed --   7.0  3  3006    0
Test: many clients (3A) ...
  ... Passed --  15.7  5  8638 3921
Test: unreliable net, many clients (3A) ...
  ... Passed --  16.9  5  5118  988
Test: concurrent append to same key, unreliable (3A) ...
  ... Passed --   3.2  3   229   52
Test: progress in majority (3A) ...
  ... Passed --   1.7  5   131    2
Test: no progress in minority (3A) ...
  ... Passed --   1.0  5   107    3
Test: completion after heal (3A) ...
  ... Passed --   1.0  5    60    3
Test: partitions, one client (3A) ...
  ... Passed --  22.7  5 14956 1624
Test: partitions, many clients (3A) ...
  ... Passed --  22.2  5 34269 4060
Test: restarts, one client (3A) ...
  ... Passed --  20.2  5 26046 1825
Test: restarts, many clients (3A) ...
  ... Passed --  20.4  5 76582 4086
Test: unreliable net, restarts, many clients (3A) ...
  ... Passed --  21.1  5  5993  954
Test: restarts, partitions, many clients (3A) ...
  ... Passed --  27.5  5 28750 4527
Test: unreliable net, restarts, partitions, many clients (3A) ...
  ... Passed --  27.8  5  4500  619
Test: unreliable net, restarts, partitions, random keys, many clients (3A) ...
  ... Passed --  38.2  7 11069 1464
PASS
ok  	6.824/kvraft	263.849s
第 2 轮测试
-------------------------------------
Test: one client (3A) ...
  ... Passed --  15.6  5  8555 1696
Test: ops complete fast enough (3A) ...
  ... Passed --   7.1  3  3006    0
Test: many clients (3A) ...
  ... Passed --  15.7  5  8535 3865
Test: unreliable net, many clients (3A) ...
  ... Passed --  16.8  5  5283  973
Test: concurrent append to same key, unreliable (3A) ...
  ... Passed --   3.3  3   244   52
Test: progress in majority (3A) ...
  ... Passed --   1.7  5   141    2
Test: no progress in minority (3A) ...
  ... Passed --   1.0  5   107    3
Test: completion after heal (3A) ...
  ... Passed --   1.0  5    63    3
Test: partitions, one client (3A) ...
  ... Passed --  23.0  5  9164 1677
Test: partitions, many clients (3A) ...
  ... Passed --  22.1  5 10961 4139
Test: restarts, one client (3A) ...
  ... Passed --  20.2  5 26442 1805
Test: restarts, many clients (3A) ...
  ... Passed --  20.3  5 77497 4104
Test: unreliable net, restarts, many clients (3A) ...
  ... Passed --  21.1  5  5899  951
Test: restarts, partitions, many clients (3A) ...
  ... Passed --  27.3  5 30337 4403
Test: unreliable net, restarts, partitions, many clients (3A) ...
  ... Passed --  27.7  5  5948  688
Test: unreliable net, restarts, partitions, random keys, many clients (3A) ...
  ... Passed --  38.9  7 11019 1476
PASS
ok  	6.824/kvraft	264.605s
第 3 轮测试
-------------------------------------
Test: one client (3A) ...
  ... Passed --  15.6  5  8510 1686
Test: ops complete fast enough (3A) ...
  ... Passed --   6.8  3  3006    0
Test: many clients (3A) ...
  ... Passed --  15.7  5  8485 3862
Test: unreliable net, many clients (3A) ...
  ... Passed --  16.7  5  5279  968
Test: concurrent append to same key, unreliable (3A) ...
  ... Passed --   3.3  3   219   52
Test: progress in majority (3A) ...
  ... Passed --   1.7  5   126    2
Test: no progress in minority (3A) ...
  ... Passed --   1.0  5   112    3
Test: completion after heal (3A) ...
  ... Passed --   1.0  5    58    3
Test: partitions, one client (3A) ...
  ... Passed --  22.7  5 13516 1513
Test: partitions, many clients (3A) ...
  ... Passed --  23.1  5  9438 4077
Test: restarts, one client (3A) ...
  ... Passed --  20.2  5 26341 1806
Test: restarts, many clients (3A) ...
  ... Passed --  20.4  5 71582 4040
Test: unreliable net, restarts, many clients (3A) ...
  ... Passed --  21.2  5  6060  979
Test: restarts, partitions, many clients (3A) ...
  ... Passed --  26.4  5 27195 4079
Test: unreliable net, restarts, partitions, many clients (3A) ...
  ... Passed --  26.8  5  5044  605
Test: unreliable net, restarts, partitions, random keys, many clients (3A) ...
  ... Passed --  38.6  7 11030 1459
PASS
ok  	6.824/kvraft	262.733s
第 4 轮测试
-------------------------------------
Test: one client (3A) ...
  ... Passed --  15.6  5  8421 1669
Test: ops complete fast enough (3A) ...
  ... Passed --   6.9  3  3006    0
Test: many clients (3A) ...
  ... Passed --  15.8  5  8517 3869
Test: unreliable net, many clients (3A) ...
  ... Passed --  16.4  5  5163  961
Test: concurrent append to same key, unreliable (3A) ...
  ... Passed --   3.3  3   233   52
Test: progress in majority (3A) ...
  ... Passed --   1.7  5   130    2
Test: no progress in minority (3A) ...
  ... Passed --   1.0  5   107    3
Test: completion after heal (3A) ...
  ... Passed --   1.0  5    58    3
Test: partitions, one client (3A) ...
  ... Passed --  23.0  5  9809 1673
Test: partitions, many clients (3A) ...
  ... Passed --  23.8  5 31782 3933
Test: restarts, one client (3A) ...
  ... Passed --  20.2  5 26506 1805
Test: restarts, many clients (3A) ...
  ... Passed --  20.4  5 76565 4054
Test: unreliable net, restarts, many clients (3A) ...
  ... Passed --  20.9  5  6026  940
Test: restarts, partitions, many clients (3A) ...
  ... Passed --  27.4  5 28315 4427
Test: unreliable net, restarts, partitions, many clients (3A) ...
  ... Passed --  27.7  5  5542  764
Test: unreliable net, restarts, partitions, random keys, many clients (3A) ...
  ... Passed --  38.8  7 11092 1462
PASS
ok  	6.824/kvraft	265.467s
第 5 轮测试
-------------------------------------
Test: one client (3A) ...
  ... Passed --  15.6  5  8424 1670
Test: ops complete fast enough (3A) ...
  ... Passed --   6.9  3  3006    0
Test: many clients (3A) ...
  ... Passed --  15.8  5  8473 3842
Test: unreliable net, many clients (3A) ...
  ... Passed --  16.4  5  5141  961
Test: concurrent append to same key, unreliable (3A) ...
  ... Passed --   3.3  3   230   52
Test: progress in majority (3A) ...
  ... Passed --   1.7  5   130    2
Test: no progress in minority (3A) ...
  ... Passed --   1.0  5   107    3
Test: completion after heal (3A) ...
  ... Passed --   1.0  5    58    3
Test: partitions, one client (3A) ...
  ... Passed --  23.0  5  8598 1562
Test: partitions, many clients (3A) ...
  ... Passed --  23.1  5  9397 4033
Test: restarts, one client (3A) ...
  ... Passed --  20.1  5 26560 1829
Test: restarts, many clients (3A) ...
  ... Passed --  20.4  5 77346 4042
Test: unreliable net, restarts, many clients (3A) ...
  ... Passed --  21.0  5  6070  970
Test: restarts, partitions, many clients (3A) ...
  ... Passed --  27.2  5 28285 4268
Test: unreliable net, restarts, partitions, many clients (3A) ...
  ... Passed --  28.9  5  4943  732
Test: unreliable net, restarts, partitions, random keys, many clients (3A) ...
  ... Passed --  38.4  7 10841 1527
PASS
ok  	6.824/kvraft	265.329s
第 6 轮测试
-------------------------------------
Test: one client (3A) ...
  ... Passed --  15.6  5  8308 1647
Test: ops complete fast enough (3A) ...
  ... Passed --   7.0  3  3006    0
Test: many clients (3A) ...
  ... Passed --  15.7  5  8566 3887
Test: unreliable net, many clients (3A) ...
  ... Passed --  16.7  5  5137  935
Test: concurrent append to same key, unreliable (3A) ...
  ... Passed --   3.5  3   242   52
Test: progress in majority (3A) ...
  ... Passed --   1.7  5   132    2
Test: no progress in minority (3A) ...
  ... Passed --   1.0  5   107    3
Test: completion after heal (3A) ...
  ... Passed --   1.0  5    60    3
Test: partitions, one client (3A) ...
  ... Passed --  23.3  5 14758 1598
Test: partitions, many clients (3A) ...
  ... Passed --  22.1  5 10966 4149
Test: restarts, one client (3A) ...
  ... Passed --  20.2  5 25562 1832
Test: restarts, many clients (3A) ...
  ... Passed --  20.3  5 77482 4052
Test: unreliable net, restarts, many clients (3A) ...
  ... Passed --  20.9  5  5934  993
Test: restarts, partitions, many clients (3A) ...
  ... Passed --  28.3  5 30972 4369
Test: unreliable net, restarts, partitions, many clients (3A) ...
  ... Passed --  27.6  5  5737  937
Test: unreliable net, restarts, partitions, random keys, many clients (3A) ...
  ... Passed --  38.1  7 11047 1461
PASS
ok  	6.824/kvraft	264.571s
第 7 轮测试
-------------------------------------
Test: one client (3A) ...
  ... Passed --  15.6  5  8532 1691
Test: ops complete fast enough (3A) ...
  ... Passed --   6.9  3  3006    0
Test: many clients (3A) ...
  ... Passed --  15.8  5  8627 3916
Test: unreliable net, many clients (3A) ...
  ... Passed --  16.7  5  5203  952
Test: concurrent append to same key, unreliable (3A) ...
  ... Passed --   3.3  3   237   52
Test: progress in majority (3A) ...
  ... Passed --   1.7  5   130    2
Test: no progress in minority (3A) ...
  ... Passed --   1.0  5   107    3
Test: completion after heal (3A) ...
  ... Passed --   1.0  5    58    3
Test: partitions, one client (3A) ...
  ... Passed --  23.3  5  9118 1622
Test: partitions, many clients (3A) ...
  ... Passed --  23.0  5 11238 4241
Test: restarts, one client (3A) ...
  ... Passed --  20.2  5 26716 1834
Test: restarts, many clients (3A) ...
  ... Passed --  20.2  5 66957 3927
Test: unreliable net, restarts, many clients (3A) ...
  ... Passed --  20.8  5  5794  967
Test: restarts, partitions, many clients (3A) ...
  ... Passed --  26.5  5 26326 3992
Test: unreliable net, restarts, partitions, many clients (3A) ...
  ... Passed --  27.9  5  5342  811
Test: unreliable net, restarts, partitions, random keys, many clients (3A) ...
  ... Passed --  38.4  7 10905 1536
PASS
ok  	6.824/kvraft	263.754s
第 8 轮测试
-------------------------------------
Test: one client (3A) ...
  ... Passed --  15.6  5  8263 1637
Test: ops complete fast enough (3A) ...
  ... Passed --   7.0  3  3006    0
Test: many clients (3A) ...
  ... Passed --  15.8  5  8273 3744
Test: unreliable net, many clients (3A) ...
  ... Passed --  16.7  5  5091  935
Test: concurrent append to same key, unreliable (3A) ...
  ... Passed --   3.4  3   254   52
Test: progress in majority (3A) ...
  ... Passed --   1.7  5   127    2
Test: no progress in minority (3A) ...
  ... Passed --   1.0  5   116    3
Test: completion after heal (3A) ...
  ... Passed --   1.0  5    57    3
Test: partitions, one client (3A) ...
  ... Passed --  22.9  5  9203 1715
Test: partitions, many clients (3A) ...
  ... Passed --  23.1  5 10691 3756
Test: restarts, one client (3A) ...
  ... Passed --  20.2  5 24464 1791
Test: restarts, many clients (3A) ...
  ... Passed --  20.4  5 72726 4028
Test: unreliable net, restarts, many clients (3A) ...
  ... Passed --  21.5  5  6000  979
Test: restarts, partitions, many clients (3A) ...
  ... Passed --  27.2  5 30611 4237
Test: unreliable net, restarts, partitions, many clients (3A) ...
  ... Passed --  26.8  5  5660  856
Test: unreliable net, restarts, partitions, random keys, many clients (3A) ...
  ... Passed --  38.1  7 10951 1508
PASS
ok  	6.824/kvraft	264.035s
第 9 轮测试
-------------------------------------
Test: one client (3A) ...
  ... Passed --  15.6  5  8479 1680
Test: ops complete fast enough (3A) ...
  ... Passed --   6.8  3  3006    0
Test: many clients (3A) ...
  ... Passed --  15.7  5  8677 3947
Test: unreliable net, many clients (3A) ...
  ... Passed --  16.4  5  5112  938
Test: concurrent append to same key, unreliable (3A) ...
  ... Passed --   3.2  3   221   52
Test: progress in majority (3A) ...
  ... Passed --   1.7  5   126    2
Test: no progress in minority (3A) ...
  ... Passed --   1.0  5   116    3
Test: completion after heal (3A) ...
  ... Passed --   1.0  5    58    3
Test: partitions, one client (3A) ...
  ... Passed --  23.1  5 15866 1684
Test: partitions, many clients (3A) ...
  ... Passed --  23.0  5  9857 4331
Test: restarts, one client (3A) ...
  ... Passed --  20.2  5 25912 1845
Test: restarts, many clients (3A) ...
  ... Passed --  20.3  5 77965 4119
Test: unreliable net, restarts, many clients (3A) ...
  ... Passed --  21.5  5  6104  961
Test: restarts, partitions, many clients (3A) ...
  ... Passed --  27.4  5 28631 4224
Test: unreliable net, restarts, partitions, many clients (3A) ...
  ... Passed --  26.8  5  5032  760
Test: unreliable net, restarts, partitions, random keys, many clients (3A) ...
  ... Passed --  38.1  7 11102 1550
PASS
ok  	6.824/kvraft	263.496s
第 10 轮测试
-------------------------------------
Test: one client (3A) ...
  ... Passed --  15.6  5  8337 1652
Test: ops complete fast enough (3A) ...
  ... Passed --   7.1  3  3006    0
Test: many clients (3A) ...
  ... Passed --  15.8  5  8461 3827
Test: unreliable net, many clients (3A) ...
  ... Passed --  16.6  5  5157  961
Test: concurrent append to same key, unreliable (3A) ...
  ... Passed --   3.4  3   224   52
Test: progress in majority (3A) ...
  ... Passed --   1.7  5   131    2
Test: no progress in minority (3A) ...
  ... Passed --   1.0  5   107    3
Test: completion after heal (3A) ...
  ... Passed --   1.0  5    60    3
Test: partitions, one client (3A) ...
  ... Passed --  23.4  5  8909 1636
Test: partitions, many clients (3A) ...
  ... Passed --  22.1  5  9712 4333
Test: restarts, one client (3A) ...
  ... Passed --  20.2  5 25907 1825
Test: restarts, many clients (3A) ...
  ... Passed --  20.3  5 73382 4112
Test: unreliable net, restarts, many clients (3A) ...
  ... Passed --  20.8  5  5885  983
Test: restarts, partitions, many clients (3A) ...
  ... Passed --  27.2  5 29506 4036
Test: unreliable net, restarts, partitions, many clients (3A) ...
  ... Passed --  27.6  5  6182  999
Test: unreliable net, restarts, partitions, random keys, many clients (3A) ...
  ... Passed --  38.2  7 11083 1523
PASS
ok  	6.824/kvraft	263.669s

