第 1 轮测试
-------------------------------------
Test: one client (3A) ...
  ... Passed --  15.6  5  8357 1656
Test: ops complete fast enough (3A) ...
  ... Passed --   7.1  3  3006    0
Test: many clients (3A) ...
  ... Passed --  15.7  5  8365 3793
Test: unreliable net, many clients (3A) ...
  ... Passed --  16.7  5  5132  961
Test: concurrent append to same key, unreliable (3A) ...
  ... Passed --   3.4  3   235   52
Test: progress in majority (3A) ...
  ... Passed --   1.7  5   141    2
Test: no progress in minority (3A) ...
  ... Passed --   1.0  5   107    3
Test: completion after heal (3A) ...
  ... Passed --   1.0  5    63    3
Test: partitions, one client (3A) ...
  ... Passed --  23.2  5  9407 1713
Test: partitions, many clients (3A) ...
  ... Passed --  23.8  5 11583 4138
Test: restarts, one client (3A) ...
  ... Passed --  20.2  5 27067 1834
Test: restarts, many clients (3A) ...
  ... Passed --  20.3  5 75876 4085
Test: unreliable net, restarts, many clients (3A) ...
  ... Passed --  20.9  5  5933  982
Test: restarts, partitions, many clients (3A) ...
  ... Passed --  27.3  5 27543 4139
Test: unreliable net, restarts, partitions, many clients (3A) ...
  ... Passed --  27.7  5  4626  570
Test: unreliable net, restarts, partitions, random keys, many clients (3A) ...
  ... Passed --  38.6  7 10941 1536
Test: InstallSnapshot RPC (3B) ...
  ... Passed --   3.0  3   279   63
Test: snapshot size is reasonable (3B) ...
  ... Passed --   4.7  3  2400  800
Test: ops complete fast enough (3B) ...
  ... Passed --   5.9  3  3006    0
Test: restarts, snapshots, one client (3B) ...
  ... Passed --  20.3  5 26371 2301
Test: restarts, snapshots, many clients (3B) ...
  ... Passed --  38.5  5 63948 9686
Test: unreliable net, snapshots, many clients (3B) ...
  ... Passed --  16.3  5  5076  948
Test: unreliable net, restarts, snapshots, many clients (3B) ...
  ... Passed --  21.2  5  5941 1001
Test: unreliable net, restarts, partitions, snapshots, many clients (3B) ...
  ... Passed --  27.0  5  4879  652
Test: unreliable net, restarts, partitions, snapshots, random keys, many clients (3B) ...
  ... Passed --  38.3  7 11358 1616
PASS
ok  	6.824/kvraft	442.531s
第 2 轮测试
-------------------------------------
Test: one client (3A) ...
  ... Passed --  15.6  5  8524 1689
Test: ops complete fast enough (3A) ...
  ... Passed --   6.9  3  3006    0
Test: many clients (3A) ...
  ... Passed --  15.7  5  8617 3912
Test: unreliable net, many clients (3A) ...
  ... Passed --  16.6  5  5163  952
Test: concurrent append to same key, unreliable (3A) ...
  ... Passed --   3.4  3   228   52
Test: progress in majority (3A) ...
  ... Passed --   1.7  5   126    2
Test: no progress in minority (3A) ...
  ... Passed --   1.0  5   116    3
Test: completion after heal (3A) ...
  ... Passed --   1.0  5    58    3
Test: partitions, one client (3A) ...
  ... Passed --  23.4  5  9244 1706
Test: partitions, many clients (3A) ...
  ... Passed --  23.1  5 11304 3660
Test: restarts, one client (3A) ...
  ... Passed --  20.1  5 26938 1831
Test: restarts, many clients (3A) ...
  ... Passed --  20.4  5 77008 4096
Test: unreliable net, restarts, many clients (3A) ...
  ... Passed --  21.2  5  6007  954
Test: restarts, partitions, many clients (3A) ...
  ... Passed --  27.1  5 28370 4167
Test: unreliable net, restarts, partitions, many clients (3A) ...
  ... Passed --  27.3  5  5794  875
Test: unreliable net, restarts, partitions, random keys, many clients (3A) ...
  ... Passed --  38.2  7 10902 1467
Test: InstallSnapshot RPC (3B) ...
  ... Passed --   3.0  3   409   63
Test: snapshot size is reasonable (3B) ...
  ... Passed --   4.7  3  2400  800
Test: ops complete fast enough (3B) ...
  ... Passed --   5.9  3  3006    0
Test: restarts, snapshots, one client (3B) ...
  ... Passed --  20.2  5 28116 2297
Test: restarts, snapshots, many clients (3B) ...
  ... Passed --  38.5  5 63475 9709
Test: unreliable net, snapshots, many clients (3B) ...
  ... Passed --  17.1  5  5178  944
Test: unreliable net, restarts, snapshots, many clients (3B) ...
  ... Passed --  21.2  5  6091  984
Test: unreliable net, restarts, partitions, snapshots, many clients (3B) ...
  ... Passed --  27.1  5  5328  766
Test: unreliable net, restarts, partitions, snapshots, random keys, many clients (3B) ...
  ... Passed --  38.7  7 11273 1513
PASS
ok  	6.824/kvraft	442.126s
第 3 轮测试
-------------------------------------
Test: one client (3A) ...
  ... Passed --  15.6  5  8506 1686
Test: ops complete fast enough (3A) ...
  ... Passed --   6.8  3  3006    0
Test: many clients (3A) ...
  ... Passed --  15.7  5  8624 3920
Test: unreliable net, many clients (3A) ...
  ... Passed --  16.6  5  5104  933
Test: concurrent append to same key, unreliable (3A) ...
  ... Passed --   3.3  3   240   52
Test: progress in majority (3A) ...
  ... Passed --   1.7  5   127    2
Test: no progress in minority (3A) ...
  ... Passed --   1.0  5   116    3
Test: completion after heal (3A) ...
  ... Passed --   1.0  5    57    3
Test: partitions, one client (3A) ...
  ... Passed --  23.0  5  8834 1620
Test: partitions, many clients (3A) ...
  ... Passed --  22.8  5 13093 4209
Test: restarts, one client (3A) ...
  ... Passed --  20.1  5 25942 1830
Test: restarts, many clients (3A) ...
  ... Passed --  20.4  5 75793 4077
Test: unreliable net, restarts, many clients (3A) ...
  ... Passed --  21.0  5  5841 1008
Test: restarts, partitions, many clients (3A) ...
  ... Passed --  28.3  5 28963 3981
Test: unreliable net, restarts, partitions, many clients (3A) ...
  ... Passed --  26.8  5  5520  783
Test: unreliable net, restarts, partitions, random keys, many clients (3A) ...
  ... Passed --  38.9  7 11211 1534
Test: InstallSnapshot RPC (3B) ...
  ... Passed --   3.0  3   279   63
Test: snapshot size is reasonable (3B) ...
  ... Passed --   4.7  3  2400  800
Test: ops complete fast enough (3B) ...
  ... Passed --   5.9  3  3006    0
Test: restarts, snapshots, one client (3B) ...
  ... Passed --  20.2  5 26987 2302
Test: restarts, snapshots, many clients (3B) ...
  ... Passed --  38.6  5 62483 9756
Test: unreliable net, snapshots, many clients (3B) ...
  ... Passed --  16.5  5  5210  961
Test: unreliable net, restarts, snapshots, many clients (3B) ...
  ... Passed --  21.0  5  5935  974
Test: unreliable net, restarts, partitions, snapshots, many clients (3B) ...
  ... Passed --  29.9  5  5954  917
Test: unreliable net, restarts, partitions, snapshots, random keys, many clients (3B) ...
  ... Passed --  38.1  7 10835 1518
PASS
ok  	6.824/kvraft	444.155s
第 4 轮测试
-------------------------------------
Test: one client (3A) ...
  ... Passed --  15.6  5  8574 1699
Test: ops complete fast enough (3A) ...
  ... Passed --   6.8  3  3006    0
Test: many clients (3A) ...
  ... Passed --  15.7  5  8695 3957
Test: unreliable net, many clients (3A) ...
  ... Passed --  16.4  5  5131 1000
Test: concurrent append to same key, unreliable (3A) ...
  ... Passed --   3.2  3   217   52
Test: progress in majority (3A) ...
  ... Passed --   1.7  5   131    2
Test: no progress in minority (3A) ...
  ... Passed --   1.0  5   107    3
Test: completion after heal (3A) ...
  ... Passed --   1.0  5    60    3
Test: partitions, one client (3A) ...
  ... Passed --  23.0  5  8409 1525
Test: partitions, many clients (3A) ...
  ... Passed --  21.9  5  9809 4232
Test: restarts, one client (3A) ...
  ... Passed --  20.2  5 25722 1842
Test: restarts, many clients (3A) ...
  ... Passed --  20.4  5 76194 4105
Test: unreliable net, restarts, many clients (3A) ...
  ... Passed --  21.2  5  5957  948
Test: restarts, partitions, many clients (3A) ...
  ... Passed --  29.3  5 28114 4167
Test: unreliable net, restarts, partitions, many clients (3A) ...
  ... Passed --  27.7  5  5129  736
Test: unreliable net, restarts, partitions, random keys, many clients (3A) ...
  ... Passed --  38.2  7 11071 1516
Test: InstallSnapshot RPC (3B) ...
  ... Passed --   3.0  3   277   63
Test: snapshot size is reasonable (3B) ...
  ... Passed --   4.6  3  2400  800
Test: ops complete fast enough (3B) ...
  ... Passed --   5.8  3  3006    0
Test: restarts, snapshots, one client (3B) ...
  ... Passed --  20.2  5 28192 2309
Test: restarts, snapshots, many clients (3B) ...
  ... Passed --  38.5  5 64599 9738
Test: unreliable net, snapshots, many clients (3B) ...
  ... Passed --  16.6  5  5121  962
Test: unreliable net, restarts, snapshots, many clients (3B) ...
  ... Passed --  21.1  5  6046  959
Test: unreliable net, restarts, partitions, snapshots, many clients (3B) ...
  ... Passed --  27.9  5  4340  558
Test: unreliable net, restarts, partitions, snapshots, random keys, many clients (3B) ...
  ... Passed --  38.4  7 11120 1542
PASS
ok  	6.824/kvraft	442.863s
第 5 轮测试
-------------------------------------
Test: one client (3A) ...
  ... Passed --  15.6  5  8567 1698
Test: ops complete fast enough (3A) ...
  ... Passed --   6.7  3  3006    0
Test: many clients (3A) ...
  ... Passed --  15.7  5  8714 3959
Test: unreliable net, many clients (3A) ...
  ... Passed --  16.4  5  5189  947
Test: concurrent append to same key, unreliable (3A) ...
  ... Passed --   3.8  3   256   52
Test: progress in majority (3A) ...
  ... Passed --   1.7  5   131    2
Test: no progress in minority (3A) ...
  ... Passed --   1.0  5   107    3
Test: completion after heal (3A) ...
  ... Passed --   1.0  5    60    3
Test: partitions, one client (3A) ...
  ... Passed --  23.1  5  8624 1581
Test: partitions, many clients (3A) ...
  ... Passed --  23.0  5 10109 4400
Test: restarts, one client (3A) ...
  ... Passed --  20.2  5 27127 1839
Test: restarts, many clients (3A) ...
  ... Passed --  20.4  5 74753 4107
Test: unreliable net, restarts, many clients (3A) ...
  ... Passed --  21.0  5  5965  957
Test: restarts, partitions, many clients (3A) ...
  ... Passed --  28.0  5 28089 4008
Test: unreliable net, restarts, partitions, many clients (3A) ...
  ... Passed --  27.8  5  5535  845
Test: unreliable net, restarts, partitions, random keys, many clients (3A) ...
  ... Passed --  37.9  7 11043 1552
Test: InstallSnapshot RPC (3B) ...
  ... Passed --   2.8  3   280   63
Test: snapshot size is reasonable (3B) ...
  ... Passed --   4.7  3  2400  800
Test: ops complete fast enough (3B) ...
  ... Passed --   5.9  3  3006    0
Test: restarts, snapshots, one client (3B) ...
  ... Passed --  20.2  5 28417 2314
Test: restarts, snapshots, many clients (3B) ...
  ... Passed --  38.6  5 64042 9743
Test: unreliable net, snapshots, many clients (3B) ...
  ... Passed --  16.4  5  5283  977
Test: unreliable net, restarts, snapshots, many clients (3B) ...
  ... Passed --  21.3  5  6129  966
Test: unreliable net, restarts, partitions, snapshots, many clients (3B) ...
  ... Passed --  27.9  5  5400  738
Test: unreliable net, restarts, partitions, snapshots, random keys, many clients (3B) ...
  ... Passed --  38.9  7 11358 1508
PASS
ok  	6.824/kvraft	443.012s
第 6 轮测试
-------------------------------------
Test: one client (3A) ...
  ... Passed --  15.6  5  8518 1688
Test: ops complete fast enough (3A) ...
  ... Passed --   6.8  3  3006    0
Test: many clients (3A) ...
  ... Passed --  15.8  5  8644 3927
Test: unreliable net, many clients (3A) ...
  ... Passed --  16.5  5  5168  970
Test: concurrent append to same key, unreliable (3A) ...
  ... Passed --   3.3  3   237   52
Test: progress in majority (3A) ...
  ... Passed --   1.7  5   141    2
Test: no progress in minority (3A) ...
  ... Passed --   1.0  5   107    3
Test: completion after heal (3A) ...
  ... Passed --   1.0  5    63    3
Test: partitions, one client (3A) ...
  ... Passed --  23.1  5  8783 1628
Test: partitions, many clients (3A) ...
  ... Passed --  22.9  5  9882 4312
Test: restarts, one client (3A) ...
  ... Passed --  20.1  5 25547 1836
Test: restarts, many clients (3A) ...
  ... Passed --  20.4  5 78377 4086
Test: unreliable net, restarts, many clients (3A) ...
  ... Passed --  21.2  5  6031  942
Test: restarts, partitions, many clients (3A) ...
  ... Passed --  27.2  5 27811 4014
Test: unreliable net, restarts, partitions, many clients (3A) ...
  ... Passed --  28.7  5  5347  718
Test: unreliable net, restarts, partitions, random keys, many clients (3A) ...
  ... Passed --  39.0  7 10745 1512
Test: InstallSnapshot RPC (3B) ...
  ... Passed --   3.0  3   278   63
Test: snapshot size is reasonable (3B) ...
  ... Passed --   4.7  3  2400  800
Test: ops complete fast enough (3B) ...
  ... Passed --   5.9  3  3006    0
Test: restarts, snapshots, one client (3B) ...
  ... Passed --  20.2  5 27757 2314
Test: restarts, snapshots, many clients (3B) ...
  ... Passed --  38.5  5 61796 9723
Test: unreliable net, snapshots, many clients (3B) ...
  ... Passed --  16.9  5  5190  965
Test: unreliable net, restarts, snapshots, many clients (3B) ...
  ... Passed --  21.3  5  5888  951
Test: unreliable net, restarts, partitions, snapshots, many clients (3B) ...
  ... Passed --  28.6  5  5328  752
Test: unreliable net, restarts, partitions, snapshots, random keys, many clients (3B) ...
  ... Passed --  38.5  7 11375 1505
PASS
ok  	6.824/kvraft	445.076s
第 7 轮测试
-------------------------------------
Test: one client (3A) ...
  ... Passed --  15.6  5  8548 1694
Test: ops complete fast enough (3A) ...
  ... Passed --   6.8  3  3006    0
Test: many clients (3A) ...
  ... Passed --  15.7  5  8672 3943
Test: unreliable net, many clients (3A) ...
  ... Passed --  16.6  5  5134  972
Test: concurrent append to same key, unreliable (3A) ...
  ... Passed --   3.5  3   216   52
Test: progress in majority (3A) ...
  ... Passed --   1.7  5   126    2
Test: no progress in minority (3A) ...
  ... Passed --   1.0  5   116    3
Test: completion after heal (3A) ...
  ... Passed --   1.0  5    58    3
Test: partitions, one client (3A) ...
  ... Passed --  23.5  5  9127 1690
Test: partitions, many clients (3A) ...
  ... Passed --  23.9  5 10114 4455
Test: restarts, one client (3A) ...
  ... Passed --  20.2  5 26887 1841
Test: restarts, many clients (3A) ...
  ... Passed --  20.4  5 75867 4108
Test: unreliable net, restarts, many clients (3A) ...
  ... Passed --  21.5  5  5946  971
Test: restarts, partitions, many clients (3A) ...
  ... Passed --  27.2  5 27717 4044
Test: unreliable net, restarts, partitions, many clients (3A) ...
  ... Passed --  27.8  5  5648  709
Test: unreliable net, restarts, partitions, random keys, many clients (3A) ...
  ... Passed --  38.1  7 11039 1471
Test: InstallSnapshot RPC (3B) ...
  ... Passed --   2.9  3  6355   63
Test: snapshot size is reasonable (3B) ...
  ... Passed --   4.7  3  2400  800
Test: ops complete fast enough (3B) ...
  ... Passed --   5.8  3  3006    0
Test: restarts, snapshots, one client (3B) ...
  ... Passed --  20.2  5 28836 2313
Test: restarts, snapshots, many clients (3B) ...
  ... Passed --  38.4  5 63416 9778
Test: unreliable net, snapshots, many clients (3B) ...
  ... Passed --  16.9  5  5142  962
Test: unreliable net, restarts, snapshots, many clients (3B) ...
  ... Passed --  21.2  5  5920  960
Test: unreliable net, restarts, partitions, snapshots, many clients (3B) ...
  ... Passed --  27.8  5  5839  943
Test: unreliable net, restarts, partitions, snapshots, random keys, many clients (3B) ...
  ... Passed --  38.8  7 11044 1542
PASS
ok  	6.824/kvraft	444.530s
第 8 轮测试
-------------------------------------
Test: one client (3A) ...
  ... Passed --  15.6  5  8551 1695
Test: ops complete fast enough (3A) ...
  ... Passed --   6.8  3  3006    0
Test: many clients (3A) ...
  ... Passed --  15.7  5  8692 3951
Test: unreliable net, many clients (3A) ...
  ... Passed --  16.2  5  5240  960
Test: concurrent append to same key, unreliable (3A) ...
  ... Passed --   3.2  3   214   52
Test: progress in majority (3A) ...
  ... Passed --   1.7  5   130    2
Test: no progress in minority (3A) ...
  ... Passed --   1.0  5   107    3
Test: completion after heal (3A) ...
  ... Passed --   1.0  5    58    3
Test: partitions, one client (3A) ...
  ... Passed --  23.3  5 14390 1705
Test: partitions, many clients (3A) ...
  ... Passed --  23.1  5  9413 3980
Test: restarts, one client (3A) ...
  ... Passed --  20.2  5 26955 1842
Test: restarts, many clients (3A) ...
  ... Passed --  20.3  5 78810 4100
Test: unreliable net, restarts, many clients (3A) ...
  ... Passed --  21.5  5  6042  963
Test: restarts, partitions, many clients (3A) ...
  ... Passed --  27.3  5 28553 4507
Test: unreliable net, restarts, partitions, many clients (3A) ...
  ... Passed --  26.9  5  5375  915
Test: unreliable net, restarts, partitions, random keys, many clients (3A) ...
  ... Passed --  38.7  7 11084 1510
Test: InstallSnapshot RPC (3B) ...
  ... Passed --   3.0  3   273   63
Test: snapshot size is reasonable (3B) ...
  ... Passed --   4.7  3  2400  800
Test: ops complete fast enough (3B) ...
  ... Passed --   5.9  3  3006    0
Test: restarts, snapshots, one client (3B) ...
  ... Passed --  20.2  5 28416 2311
Test: restarts, snapshots, many clients (3B) ...
  ... Passed --  38.6  5 63826 9770
Test: unreliable net, snapshots, many clients (3B) ...
  ... Passed --  16.7  5  5176  894
Test: unreliable net, restarts, snapshots, many clients (3B) ...
  ... Passed --  21.1  5  5971  964
Test: unreliable net, restarts, partitions, snapshots, many clients (3B) ...
  ... Passed --  28.7  5  4720  597
Test: unreliable net, restarts, partitions, snapshots, random keys, many clients (3B) ...
  ... Passed --  39.2  7 10964 1515
PASS
ok  	6.824/kvraft	443.722s
第 9 轮测试
-------------------------------------
Test: one client (3A) ...
  ... Passed --  15.6  5  8552 1695
Test: ops complete fast enough (3A) ...
  ... Passed --   6.8  3  3006    0
Test: many clients (3A) ...
  ... Passed --  15.7  5  8677 3942
Test: unreliable net, many clients (3A) ...
  ... Passed --  16.3  5  5037  958
Test: concurrent append to same key, unreliable (3A) ...
  ... Passed --   3.4  3   244   52
Test: progress in majority (3A) ...
  ... Passed --   1.7  5   126    2
Test: no progress in minority (3A) ...
  ... Passed --   1.0  5   116    3
Test: completion after heal (3A) ...
  ... Passed --   1.0  5    58    3
Test: partitions, one client (3A) ...
  ... Passed --  23.1  5  9086 1636
Test: partitions, many clients (3A) ...
  ... Passed --  23.8  5  9863 4284
Test: restarts, one client (3A) ...
  ... Passed --  20.2  5 25971 1838
Test: restarts, many clients (3A) ...
  ... Passed --  20.4  5 75620 4101
Test: unreliable net, restarts, many clients (3A) ...
  ... Passed --  21.0  5  6065  962
Test: restarts, partitions, many clients (3A) ...
  ... Passed --  28.3  5 28283 4155
Test: unreliable net, restarts, partitions, many clients (3A) ...
  ... Passed --  27.8  5  5625  865
Test: unreliable net, restarts, partitions, random keys, many clients (3A) ...
  ... Passed --  38.1  7 10813 1546
Test: InstallSnapshot RPC (3B) ...
  ... Passed --   3.0  3   274   63
Test: snapshot size is reasonable (3B) ...
  ... Passed --   4.7  3  2400  800
Test: ops complete fast enough (3B) ...
  ... Passed --   6.0  3  3006    0
Test: restarts, snapshots, one client (3B) ...
  ... Passed --  20.2  5 28392 2251
Test: restarts, snapshots, many clients (3B) ...
  ... Passed --  38.6  5 59631 9575
Test: unreliable net, snapshots, many clients (3B) ...
  ... Passed --  16.5  5  5232  957
Test: unreliable net, restarts, snapshots, many clients (3B) ...
  ... Passed --  21.1  5  6043  924
Test: unreliable net, restarts, partitions, snapshots, many clients (3B) ...
  ... Passed --  26.8  5  5879  801
Test: unreliable net, restarts, partitions, snapshots, random keys, many clients (3B) ...
  ... Passed --  38.2  7 11107 1572
PASS
ok  	6.824/kvraft	442.680s
第 10 轮测试
-------------------------------------
Test: one client (3A) ...
  ... Passed --  15.6  5  8411 1667
Test: ops complete fast enough (3A) ...
  ... Passed --   6.9  3  3006    0
Test: many clients (3A) ...
  ... Passed --  15.7  5  8619 3920
Test: unreliable net, many clients (3A) ...
  ... Passed --  16.6  5  5217  981
Test: concurrent append to same key, unreliable (3A) ...
  ... Passed --   3.2  3   226   52
Test: progress in majority (3A) ...
  ... Passed --   1.7  5   128    2
Test: no progress in minority (3A) ...
  ... Passed --   1.0  5   116    3
Test: completion after heal (3A) ...
  ... Passed --   1.0  5    57    3
Test: partitions, one client (3A) ...
  ... Passed --  23.0  5  9436 1737
Test: partitions, many clients (3A) ...
  ... Passed --  23.9  5 10340 4170
Test: restarts, one client (3A) ...
  ... Passed --  20.2  5 26297 1823
Test: restarts, many clients (3A) ...
  ... Passed --  20.4  5 73060 4099
Test: unreliable net, restarts, many clients (3A) ...
  ... Passed --  21.3  5  5779  928
Test: restarts, partitions, many clients (3A) ...
  ... Passed --  28.3  5 47226 4020
Test: unreliable net, restarts, partitions, many clients (3A) ...
  ... Passed --  29.1  5  6530  811
Test: unreliable net, restarts, partitions, random keys, many clients (3A) ...
  ... Passed --  38.5  7 11013 1530
Test: InstallSnapshot RPC (3B) ...
  ... Passed --   2.8  3   280   63
Test: snapshot size is reasonable (3B) ...
  ... Passed --   4.8  3  2400  800
Test: ops complete fast enough (3B) ...
  ... Passed --   6.0  3  3006    0
Test: restarts, snapshots, one client (3B) ...
  ... Passed --  20.2  5 26717 2221
Test: restarts, snapshots, many clients (3B) ...
  ... Passed --  38.6  5 61936 9564
Test: unreliable net, snapshots, many clients (3B) ...
  ... Passed --  17.0  5  5151  910
Test: unreliable net, restarts, snapshots, many clients (3B) ...
  ... Passed --  20.7  5  5938  918
Test: unreliable net, restarts, partitions, snapshots, many clients (3B) ...
  ... Passed --  27.1  5  5959  882
Test: unreliable net, restarts, partitions, snapshots, random keys, many clients (3B) ...
  ... Passed --  38.9  7 11262 1506
PASS
ok  	6.824/kvraft	445.848s
第 11 轮测试
-------------------------------------
Test: one client (3A) ...
  ... Passed --  15.6  5  8229 1630
Test: ops complete fast enough (3A) ...
  ... Passed --   7.2  3  3006    0
Test: many clients (3A) ...
  ... Passed --  15.8  5  7851 3540
Test: unreliable net, many clients (3A) ...
  ... Passed --  16.9  5  5104  939
Test: concurrent append to same key, unreliable (3A) ...
  ... Passed --   3.2  3   235   52
Test: progress in majority (3A) ...
  ... Passed --   1.7  5   127    2
Test: no progress in minority (3A) ...
  ... Passed --   1.0  5   116    3
Test: completion after heal (3A) ...
  ... Passed --   1.0  5    57    3
Test: partitions, one client (3A) ...
  ... Passed --  22.9  5  8892 1631
Test: partitions, many clients (3A) ...
  ... Passed --  22.9  5 11194 4115
Test: restarts, one client (3A) ...
  ... Passed --  20.2  5 25415 1767
Test: restarts, many clients (3A) ...
  ... Passed --  20.4  5 70850 3881
Test: unreliable net, restarts, many clients (3A) ...
  ... Passed --  21.0  5  5791  944
Test: restarts, partitions, many clients (3A) ...
  ... Passed --  27.2  5 27200 3929
Test: unreliable net, restarts, partitions, many clients (3A) ...
  ... Passed --  27.9  5  5567  733
Test: unreliable net, restarts, partitions, random keys, many clients (3A) ...
  ... Passed --  38.3  7 10842 1460
Test: InstallSnapshot RPC (3B) ...
  ... Passed --   3.0  3   285   63
Test: snapshot size is reasonable (3B) ...
  ... Passed --   4.8  3  2400  800
Test: ops complete fast enough (3B) ...
  ... Passed --   6.0  3  3006    0
Test: restarts, snapshots, one client (3B) ...
  ... Passed --  20.3  5 27236 2215
Test: restarts, snapshots, many clients (3B) ...
  ... Passed --  38.6  5 60006 9500
Test: unreliable net, snapshots, many clients (3B) ...
  ... Passed --  16.3  5  5287  925
Test: unreliable net, restarts, snapshots, many clients (3B) ...
  ... Passed --  20.9  5  5924  938
Test: unreliable net, restarts, partitions, snapshots, many clients (3B) ...
  ... Passed --  26.9  5  5635  796
Test: unreliable net, restarts, partitions, snapshots, random keys, many clients (3B) ...
  ... Passed --  38.3  7 11293 1506
PASS
ok  	6.824/kvraft	441.687s
第 12 轮测试
-------------------------------------
Test: one client (3A) ...
  ... Passed --  15.6  5  8124 1610
Test: ops complete fast enough (3A) ...
  ... Passed --   7.2  3  3006    0
Test: many clients (3A) ...
  ... Passed --  15.8  5  8162 3695
Test: unreliable net, many clients (3A) ...
  ... Passed --  16.5  5  5074  950
Test: concurrent append to same key, unreliable (3A) ...
  ... Passed --   3.2  3   215   52
Test: progress in majority (3A) ...
  ... Passed --   1.7  5   141    2
Test: no progress in minority (3A) ...
  ... Passed --   1.0  5   107    3
Test: completion after heal (3A) ...
  ... Passed --   1.0  5    63    3
Test: partitions, one client (3A) ...
  ... Passed --  23.0  5  9969 1648
Test: partitions, many clients (3A) ...
  ... Passed --  23.9  5  9689 4196
Test: restarts, one client (3A) ...
  ... Passed --  20.2  5 25521 1760
Test: restarts, many clients (3A) ...
  ... Passed --  20.4  5 69239 3899
Test: unreliable net, restarts, many clients (3A) ...
  ... Passed --  20.9  5  5801  997
Test: restarts, partitions, many clients (3A) ...
  ... Passed --  28.3  5 27452 4165
Test: unreliable net, restarts, partitions, many clients (3A) ...
  ... Passed --  27.6  5  5043  633
Test: unreliable net, restarts, partitions, random keys, many clients (3A) ...
  ... Passed --  38.4  7 10782 1536
Test: InstallSnapshot RPC (3B) ...
  ... Passed --   3.1  3   281   63
Test: snapshot size is reasonable (3B) ...
  ... Passed --   4.8  3  2400  800
Test: ops complete fast enough (3B) ...
  ... Passed --   6.1  3  3006    0
Test: restarts, snapshots, one client (3B) ...
  ... Passed --  20.4  5 26815 2207
Test: restarts, snapshots, many clients (3B) ...
  ... Passed --  38.6  5 60163 9510
Test: unreliable net, snapshots, many clients (3B) ...
  ... Passed --  16.8  5  5157  963
Test: unreliable net, restarts, snapshots, many clients (3B) ...
  ... Passed --  21.2  5  5853  963
Test: unreliable net, restarts, partitions, snapshots, many clients (3B) ...
  ... Passed --  27.6  5  6347  988
Test: unreliable net, restarts, partitions, snapshots, random keys, many clients (3B) ...
  ... Passed --  39.4  7 11495 1534
PASS
ok  	6.824/kvraft	445.754s
第 13 轮测试
-------------------------------------
Test: one client (3A) ...
  ... Passed --  15.6  5  8221 1629
Test: ops complete fast enough (3A) ...
  ... Passed --   7.2  3  3006    0
Test: many clients (3A) ...
  ... Passed --  15.7  5  8180 3696
Test: unreliable net, many clients (3A) ...
  ... Passed --  16.8  5  5201  951
Test: concurrent append to same key, unreliable (3A) ...
  ... Passed --   3.4  3   227   52
Test: progress in majority (3A) ...
  ... Passed --   1.8  5   144    2
Test: no progress in minority (3A) ...
  ... Passed --   1.0  5   118    3
Test: completion after heal (3A) ...
  ... Passed --   1.0  5    55    3
Test: partitions, one client (3A) ...
  ... Passed --  22.9  5  9579 1794
Test: partitions, many clients (3A) ...
  ... Passed --  23.0  5  9302 4050
Test: restarts, one client (3A) ...
  ... Passed --  20.1  5 25116 1767
Test: restarts, many clients (3A) ...
  ... Passed --  20.3  5 71562 3912
Test: unreliable net, restarts, many clients (3A) ...
  ... Passed --  21.1  5  5891  949
Test: restarts, partitions, many clients (3A) ...
  ... Passed --  26.5  5 28260 4277
Test: unreliable net, restarts, partitions, many clients (3A) ...
  ... Passed --  26.8  5  5335  710
Test: unreliable net, restarts, partitions, random keys, many clients (3A) ...
  ... Passed --  38.7  7 11050 1505
Test: InstallSnapshot RPC (3B) ...
  ... Passed --   2.7  3   276   63
Test: snapshot size is reasonable (3B) ...
  ... Passed --   4.8  3  2399  800
Test: ops complete fast enough (3B) ...
  ... Passed --   6.0  3  3006    0
Test: restarts, snapshots, one client (3B) ...
  ... Passed --  20.2  5 25976 2213
Test: restarts, snapshots, many clients (3B) ...
  ... Passed --  38.6  5 59668 9442
Test: unreliable net, snapshots, many clients (3B) ...
  ... Passed --  16.4  5  5220  954
Test: unreliable net, restarts, snapshots, many clients (3B) ...
  ... Passed --  21.0  5  6134  933
Test: unreliable net, restarts, partitions, snapshots, many clients (3B) ...
  ... Passed --  27.8  5  4881  717
Test: unreliable net, restarts, partitions, snapshots, random keys, many clients (3B) ...
  ... Passed --  38.0  7 11273 1587
PASS
ok  	6.824/kvraft	440.583s
第 14 轮测试
-------------------------------------
Test: one client (3A) ...
  ... Passed --  15.6  5  8242 1633
Test: ops complete fast enough (3A) ...
  ... Passed --   7.1  3  3006    0
Test: many clients (3A) ...
  ... Passed --  15.8  5  7706 3508
Test: unreliable net, many clients (3A) ...
  ... Passed --  16.8  5  5055  928
Test: concurrent append to same key, unreliable (3A) ...
  ... Passed --   4.0  3   295   52
Test: progress in majority (3A) ...
  ... Passed --   1.7  5   131    2
Test: no progress in minority (3A) ...
  ... Passed --   1.0  5   107    3
Test: completion after heal (3A) ...
  ... Passed --   1.0  5    60    3
Test: partitions, one client (3A) ...
  ... Passed --  23.4  5  8083 1479
Test: partitions, many clients (3A) ...
  ... Passed --  23.0  5  8040 3341
Test: restarts, one client (3A) ...
  ... Passed --  20.1  5 21917 1608
Test: restarts, many clients (3A) ...
  ... Passed --  20.3  5 49144 3250
Test: unreliable net, restarts, many clients (3A) ...
  ... Passed --  20.9  5  5808  941
Test: restarts, partitions, many clients (3A) ...
  ... Passed --  27.3  5 23359 3247
Test: unreliable net, restarts, partitions, many clients (3A) ...
  ... Passed --  27.0  5  5562  917
Test: unreliable net, restarts, partitions, random keys, many clients (3A) ...
  ... Passed --  38.4  7 10671 1427
Test: InstallSnapshot RPC (3B) ...
  ... Passed --   3.0  3   279   63
Test: snapshot size is reasonable (3B) ...
  ... Passed --   5.0  3  2400  800
Test: ops complete fast enough (3B) ...
  ... Passed --   6.3  3  3006    0
Test: restarts, snapshots, one client (3B) ...
  ... Passed --  20.2  5 23331 2130
Test: restarts, snapshots, many clients (3B) ...
  ... Passed --  38.6  5 51504 9146
Test: unreliable net, snapshots, many clients (3B) ...
  ... Passed --  16.8  5  5181  937
Test: unreliable net, restarts, snapshots, many clients (3B) ...
  ... Passed --  21.1  5  5781  933
Test: unreliable net, restarts, partitions, snapshots, many clients (3B) ...
  ... Passed --  27.0  5  5608  854
Test: unreliable net, restarts, partitions, snapshots, random keys, many clients (3B) ...
  ... Passed --  37.6  7 10801 1463
PASS
ok  	6.824/kvraft	442.337s
第 15 轮测试
-------------------------------------
Test: one client (3A) ...
  ... Passed --  15.6  5  7535 1491
Test: ops complete fast enough (3A) ...
  ... Passed --   7.7  3  3006    0
Test: many clients (3A) ...
  ... Passed --  15.8  5  7177 3203
Test: unreliable net, many clients (3A) ...
  ... Passed --  16.4  5  5021  943
Test: concurrent append to same key, unreliable (3A) ...
  ... Passed --   3.3  3   241   52
Test: progress in majority (3A) ...
  ... Passed --   1.7  5   130    2
Test: no progress in minority (3A) ...
  ... Passed --   1.0  5   107    3
Test: completion after heal (3A) ...
  ... Passed --   1.0  5    58    3
Test: partitions, one client (3A) ...
  ... Passed --  23.2  5  8267 1398
Test: partitions, many clients (3A) ...
  ... Passed --  22.0  5  7845 3299
Test: restarts, one client (3A) ...
  ... Passed --  20.2  5 22215 1620
Test: restarts, many clients (3A) ...
  ... Passed --  20.4  5 52403 3404
Test: unreliable net, restarts, many clients (3A) ...
  ... Passed --  21.0  5  5866  949
Test: restarts, partitions, many clients (3A) ...
  ... Passed --  26.4  5 24079 3777
Test: unreliable net, restarts, partitions, many clients (3A) ...
  ... Passed --  27.0  5  5662  920
Test: unreliable net, restarts, partitions, random keys, many clients (3A) ...
  ... Passed --  38.3  7 10918 1459
Test: InstallSnapshot RPC (3B) ...
  ... Passed --   2.7  3   276   63
Test: snapshot size is reasonable (3B) ...
  ... Passed --   4.8  3  2400  800
Test: ops complete fast enough (3B) ...
  ... Passed --   6.0  3  3006    0
Test: restarts, snapshots, one client (3B) ...
  ... Passed --  20.3  5 27701 2200
Test: restarts, snapshots, many clients (3B) ...
  ... Passed --  38.6  5 60131 9358
Test: unreliable net, snapshots, many clients (3B) ...
  ... Passed --  16.7  5  5066  908
Test: unreliable net, restarts, snapshots, many clients (3B) ...
  ... Passed --  21.3  5  5924  947
Test: unreliable net, restarts, partitions, snapshots, many clients (3B) ...
  ... Passed --  27.4  5  5091  594
Test: unreliable net, restarts, partitions, snapshots, random keys, many clients (3B) ...
  ... Passed --  39.0  7 11082 1559
PASS
ok  	6.824/kvraft	441.373s
第 16 轮测试
-------------------------------------
Test: one client (3A) ...
  ... Passed --  15.6  5  7427 1470
Test: ops complete fast enough (3A) ...
  ... Passed --   7.9  3  3006    0
Test: many clients (3A) ...
  ... Passed --  15.8  5  7052 3139
Test: unreliable net, many clients (3A) ...
  ... Passed --  16.8  5  5146  918
Test: concurrent append to same key, unreliable (3A) ...
  ... Passed --   3.3  3   231   52
Test: progress in majority (3A) ...
  ... Passed --   1.7  5   130    2
Test: no progress in minority (3A) ...
  ... Passed --   1.0  5   107    3
Test: completion after heal (3A) ...
  ... Passed --   1.0  5    58    3
Test: partitions, one client (3A) ...
  ... Passed --  22.7  5  8355 1549
Test: partitions, many clients (3A) ...
  ... Passed --  22.2  5  8022 3331
Test: restarts, one client (3A) ...
  ... Passed --  20.1  5 21272 1610
Test: restarts, many clients (3A) ...
  ... Passed --  20.1  5 53204 3374
Test: unreliable net, restarts, many clients (3A) ...
  ... Passed --  21.3  5  5893  922
Test: restarts, partitions, many clients (3A) ...
  ... Passed --  27.2  5 22826 3442
Test: unreliable net, restarts, partitions, many clients (3A) ...
  ... Passed --  28.9  5  5804  861
Test: unreliable net, restarts, partitions, random keys, many clients (3A) ...
  ... Passed --  38.7  7 10687 1472
Test: InstallSnapshot RPC (3B) ...
  ... Passed --   2.7  3   277   63
Test: snapshot size is reasonable (3B) ...
  ... Passed --   5.0  3  2400  800
Test: ops complete fast enough (3B) ...
  ... Passed --   6.2  3  3006    0
Test: restarts, snapshots, one client (3B) ...
  ... Passed --  20.3  5 24576 2139
Test: restarts, snapshots, many clients (3B) ...
  ... Passed --  38.5  5 51592 9060
Test: unreliable net, snapshots, many clients (3B) ...
  ... Passed --  16.8  5  5144  934
Test: unreliable net, restarts, snapshots, many clients (3B) ...
  ... Passed --  21.4  5  6012  921
Test: unreliable net, restarts, partitions, snapshots, many clients (3B) ...
  ... Passed --  28.2  5  5184  708
Test: unreliable net, restarts, partitions, snapshots, random keys, many clients (3B) ...
  ... Passed --  40.4  7 11331 1464
PASS
ok  	6.824/kvraft	447.026s
第 17 轮测试
-------------------------------------
Test: one client (3A) ...
  ... Passed --  15.6  5  7519 1488
Test: ops complete fast enough (3A) ...
  ... Passed --   7.7  3  3006    0
Test: many clients (3A) ...
  ... Passed --  15.8  5  7139 3192
Test: unreliable net, many clients (3A) ...
  ... Passed --  16.7  5  4989  961
Test: concurrent append to same key, unreliable (3A) ...
  ... Passed --   3.2  3   217   52
Test: progress in majority (3A) ...
  ... Passed --   1.7  5   127    2
Test: no progress in minority (3A) ...
  ... Passed --   1.0  5   116    3
Test: completion after heal (3A) ...
  ... Passed --   1.0  5    57    3
Test: partitions, one client (3A) ...
  ... Passed --  23.2  5  8771 1515
Test: partitions, many clients (3A) ...
  ... Passed --  22.1  5  8225 3611
Test: restarts, one client (3A) ...
  ... Passed --  20.2  5 21337 1613
Test: restarts, many clients (3A) ...
  ... Passed --  20.1  5 53223 3422
Test: unreliable net, restarts, many clients (3A) ...
  ... Passed --  21.3  5  5939  994
Test: restarts, partitions, many clients (3A) ...
  ... Passed --  26.4  5 25946 3669
Test: unreliable net, restarts, partitions, many clients (3A) ...
  ... Passed --  27.1  5  5535  888
Test: unreliable net, restarts, partitions, random keys, many clients (3A) ...
  ... Passed --  38.7  7 10520 1522
Test: InstallSnapshot RPC (3B) ...
  ... Passed --   2.6  3   273   63
Test: snapshot size is reasonable (3B) ...
  ... Passed --   5.0  3  2400  800
Test: ops complete fast enough (3B) ...
  ... Passed --   6.3  3  3006    0
Test: restarts, snapshots, one client (3B) ...
  ... Passed --  20.2  5 23712 2137
Test: restarts, snapshots, many clients (3B) ...
  ... Passed --  38.6  5 53259 9008
Test: unreliable net, snapshots, many clients (3B) ...
  ... Passed --  16.4  5  5048  932
Test: unreliable net, restarts, snapshots, many clients (3B) ...
  ... Passed --  22.1  5  6314  938
Test: unreliable net, restarts, partitions, snapshots, many clients (3B) ...
  ... Passed --  28.9  5  5291  740
Test: unreliable net, restarts, partitions, snapshots, random keys, many clients (3B) ...
  ... Passed --  38.9  7 11088 1511
PASS
ok  	6.824/kvraft	444.287s
第 18 轮测试
-------------------------------------
Test: one client (3A) ...
  ... Passed --  15.6  5  7487 1483
Test: ops complete fast enough (3A) ...
  ... Passed --   7.9  3  3006    0
Test: many clients (3A) ...
  ... Passed --  15.8  5  7101 3175
Test: unreliable net, many clients (3A) ...
  ... Passed --  16.8  5  4991  911
Test: concurrent append to same key, unreliable (3A) ...
  ... Passed --   4.3  3   298   52
Test: progress in majority (3A) ...
  ... Passed --   1.7  5   130    2
Test: no progress in minority (3A) ...
  ... Passed --   1.0  5   111    3
Test: completion after heal (3A) ...
  ... Passed --   1.0  5    54    3
Test: partitions, one client (3A) ...
  ... Passed --  23.2  5  7981 1473
Test: partitions, many clients (3A) ...
  ... Passed --  21.8  5  8004 3437
Test: restarts, one client (3A) ...
  ... Passed --  20.2  5 22897 1631
Test: restarts, many clients (3A) ...
  ... Passed --  20.3  5 54518 3344
Test: unreliable net, restarts, many clients (3A) ...
  ... Passed --  20.9  5  5875  930
Test: restarts, partitions, many clients (3A) ...
  ... Passed --  28.2  5 39667 3248
Test: unreliable net, restarts, partitions, many clients (3A) ...
  ... Passed --  26.7  5  5763  876
Test: unreliable net, restarts, partitions, random keys, many clients (3A) ...
  ... Passed --  38.5  7 10835 1530
Test: InstallSnapshot RPC (3B) ...
  ... Passed --   3.0  3   283   63
Test: snapshot size is reasonable (3B) ...
  ... Passed --   4.8  3  2400  800
Test: ops complete fast enough (3B) ...
  ... Passed --   6.1  3  3006    0
Test: restarts, snapshots, one client (3B) ...
  ... Passed --  20.3  5 27294 2212
Test: restarts, snapshots, many clients (3B) ...
  ... Passed --  38.5  5 63149 9740
Test: unreliable net, snapshots, many clients (3B) ...
  ... Passed --  16.6  5  5151 1003
Test: unreliable net, restarts, snapshots, many clients (3B) ...
  ... Passed --  21.3  5  5901  971
Test: unreliable net, restarts, partitions, snapshots, many clients (3B) ...
  ... Passed --  27.6  5  4803  670
Test: unreliable net, restarts, partitions, snapshots, random keys, many clients (3B) ...
  ... Passed --  38.2  7 11310 1572
PASS
ok  	6.824/kvraft	443.554s
第 19 轮测试
-------------------------------------
Test: one client (3A) ...
  ... Passed --  15.6  5  8441 1673
Test: ops complete fast enough (3A) ...
  ... Passed --   7.0  3  3006    0
Test: many clients (3A) ...
  ... Passed --  15.7  5  8545 3883
Test: unreliable net, many clients (3A) ...
  ... Passed --  16.8  5  5222 1007
Test: concurrent append to same key, unreliable (3A) ...
  ... Passed --   3.3  3   238   52
Test: progress in majority (3A) ...
  ... Passed --   1.7  5   128    2
Test: no progress in minority (3A) ...
  ... Passed --   1.0  5   116    3
Test: completion after heal (3A) ...
  ... Passed --   1.0  5    57    3
Test: partitions, one client (3A) ...
  ... Passed --  23.1  5  8810 1627
Test: partitions, many clients (3A) ...
  ... Passed --  24.1  5  9379 3977
Test: restarts, one client (3A) ...
  ... Passed --  20.1  5 26470 1815
Test: restarts, many clients (3A) ...
  ... Passed --  20.4  5 75858 4073
Test: unreliable net, restarts, many clients (3A) ...
  ... Passed --  21.1  5  6013  942
Test: restarts, partitions, many clients (3A) ...
  ... Passed --  27.1  5 28211 4472
Test: unreliable net, restarts, partitions, many clients (3A) ...
  ... Passed --  27.9  5  5278  739
Test: unreliable net, restarts, partitions, random keys, many clients (3A) ...
  ... Passed --  39.0  7 11074 1471
Test: InstallSnapshot RPC (3B) ...
  ... Passed --   3.0  3   275   63
Test: snapshot size is reasonable (3B) ...
  ... Passed --   4.8  3  2400  800
Test: ops complete fast enough (3B) ...
  ... Passed --   6.0  3  3006    0
Test: restarts, snapshots, one client (3B) ...
  ... Passed --  20.2  5 28602 2223
Test: restarts, snapshots, many clients (3B) ...
  ... Passed --  38.6  5 63248 9714
Test: unreliable net, snapshots, many clients (3B) ...
  ... Passed --  16.4  5  5195  970
Test: unreliable net, restarts, snapshots, many clients (3B) ...
  ... Passed --  21.0  5  5946  948
Test: unreliable net, restarts, partitions, snapshots, many clients (3B) ...
  ... Passed --  27.8  5  5854  585
Test: unreliable net, restarts, partitions, snapshots, random keys, many clients (3B) ...
  ... Passed --  38.5  7 11018 1476
PASS
ok  	6.824/kvraft	444.330s
第 20 轮测试
-------------------------------------
Test: one client (3A) ...
  ... Passed --  15.6  5  8447 1675
Test: ops complete fast enough (3A) ...
  ... Passed --   6.9  3  3006    0
Test: many clients (3A) ...
  ... Passed --  15.8  5  8589 3900
Test: unreliable net, many clients (3A) ...
  ... Passed --  17.1  5  5157  972
Test: concurrent append to same key, unreliable (3A) ...
  ... Passed --   3.4  3   238   52
Test: progress in majority (3A) ...
  ... Passed --   1.7  5   127    2
Test: no progress in minority (3A) ...
  ... Passed --   1.0  5   116    3
Test: completion after heal (3A) ...
  ... Passed --   1.0  5    57    3
Test: partitions, one client (3A) ...
  ... Passed --  23.3  5  8400 1500
Test: partitions, many clients (3A) ...
  ... Passed --  22.2  5 10537 4227
Test: restarts, one client (3A) ...
  ... Passed --  20.2  5 26821 1820
Test: restarts, many clients (3A) ...
  ... Passed --  20.4  5 76635 4066
Test: unreliable net, restarts, many clients (3A) ...
  ... Passed --  20.8  5  5925  976
Test: restarts, partitions, many clients (3A) ...
  ... Passed --  28.1  5 33400 3766
Test: unreliable net, restarts, partitions, many clients (3A) ...
  ... Passed --  27.9  5  5369  741
Test: unreliable net, restarts, partitions, random keys, many clients (3A) ...
  ... Passed --  39.6  7 11105 1491
Test: InstallSnapshot RPC (3B) ...
  ... Passed --   3.0  3   279   63
Test: snapshot size is reasonable (3B) ...
  ... Passed --   4.8  3  2400  800
Test: ops complete fast enough (3B) ...
  ... Passed --   6.0  3  3006    0
Test: restarts, snapshots, one client (3B) ...
  ... Passed --  20.2  5 26417 2215
Test: restarts, snapshots, many clients (3B) ...
  ... Passed --  38.6  5 64162 9729
Test: unreliable net, snapshots, many clients (3B) ...
  ... Passed --  16.8  5  5195  910
Test: unreliable net, restarts, snapshots, many clients (3B) ...
  ... Passed --  21.5  5  6121  926
Test: unreliable net, restarts, partitions, snapshots, many clients (3B) ...
  ... Passed --  27.9  5  4560  609
Test: unreliable net, restarts, partitions, snapshots, random keys, many clients (3B) ...
  ... Passed --  39.3  7 11675 1588
PASS
ok  	6.824/kvraft	446.324s
