第 1 轮测试
-------------------------------------
Test: static shards ...
  ... Passed
Test: join then leave ...
  ... Passed
Test: snapshots, join, and leave ...
  ... Passed
Test: servers miss configuration changes...
  ... Passed
Test: concurrent puts and configuration changes...
  ... Passed
Test: more concurrent puts and configuration changes...
  ... Passed
Test: concurrent configuration change and restart...
  ... Passed
Test: unreliable 1...
  ... Passed
Test: unreliable 2...
  ... Passed
Test: unreliable 3...
  ... Passed
Test: shard deletion (challenge 1) ...
  ... Passed
Test: unaffected shard access (challenge 2) ...
  ... Passed
Test: partial migration shard access (challenge 2) ...
  ... Passed
PASS
ok  	6.824/shardkv	195.337s
第 2 轮测试
-------------------------------------
Test: static shards ...
  ... Passed
Test: join then leave ...
  ... Passed
Test: snapshots, join, and leave ...
  ... Passed
Test: servers miss configuration changes...
  ... Passed
Test: concurrent puts and configuration changes...
  ... Passed
Test: more concurrent puts and configuration changes...
  ... Passed
Test: concurrent configuration change and restart...
  ... Passed
Test: unreliable 1...
  ... Passed
Test: unreliable 2...
  ... Passed
Test: unreliable 3...
  ... Passed
Test: shard deletion (challenge 1) ...
  ... Passed
Test: unaffected shard access (challenge 2) ...
  ... Passed
Test: partial migration shard access (challenge 2) ...
  ... Passed
PASS
ok  	6.824/shardkv	167.746s
第 3 轮测试
-------------------------------------
Test: static shards ...
  ... Passed
Test: join then leave ...
  ... Passed
Test: snapshots, join, and leave ...
  ... Passed
Test: servers miss configuration changes...
  ... Passed
Test: concurrent puts and configuration changes...
  ... Passed
Test: more concurrent puts and configuration changes...
  ... Passed
Test: concurrent configuration change and restart...
  ... Passed
Test: unreliable 1...
  ... Passed
Test: unreliable 2...
  ... Passed
Test: unreliable 3...
  ... Passed
Test: shard deletion (challenge 1) ...
  ... Passed
Test: unaffected shard access (challenge 2) ...
  ... Passed
Test: partial migration shard access (challenge 2) ...
  ... Passed
PASS
ok  	6.824/shardkv	142.541s
第 4 轮测试
-------------------------------------
Test: static shards ...
  ... Passed
Test: join then leave ...
  ... Passed
Test: snapshots, join, and leave ...
  ... Passed
Test: servers miss configuration changes...
  ... Passed
Test: concurrent puts and configuration changes...
  ... Passed
Test: more concurrent puts and configuration changes...
  ... Passed
Test: concurrent configuration change and restart...
  ... Passed
Test: unreliable 1...
  ... Passed
Test: unreliable 2...
  ... Passed
Test: unreliable 3...
  ... Passed
Test: shard deletion (challenge 1) ...
  ... Passed
Test: unaffected shard access (challenge 2) ...
  ... Passed
Test: partial migration shard access (challenge 2) ...
  ... Passed
PASS
ok  	6.824/shardkv	141.054s
第 5 轮测试
-------------------------------------
Test: static shards ...
  ... Passed
Test: join then leave ...
  ... Passed
Test: snapshots, join, and leave ...
  ... Passed
Test: servers miss configuration changes...
  ... Passed
Test: concurrent puts and configuration changes...
  ... Passed
Test: more concurrent puts and configuration changes...
  ... Passed
Test: concurrent configuration change and restart...
  ... Passed
Test: unreliable 1...
  ... Passed
Test: unreliable 2...
  ... Passed
Test: unreliable 3...
  ... Passed
Test: shard deletion (challenge 1) ...
  ... Passed
Test: unaffected shard access (challenge 2) ...
  ... Passed
Test: partial migration shard access (challenge 2) ...
  ... Passed
PASS
ok  	6.824/shardkv	131.223s
第 6 轮测试
-------------------------------------
Test: static shards ...
  ... Passed
Test: join then leave ...
  ... Passed
Test: snapshots, join, and leave ...
  ... Passed
Test: servers miss configuration changes...
  ... Passed
Test: concurrent puts and configuration changes...
  ... Passed
Test: more concurrent puts and configuration changes...
  ... Passed
Test: concurrent configuration change and restart...
  ... Passed
Test: unreliable 1...
  ... Passed
Test: unreliable 2...
  ... Passed
Test: unreliable 3...
  ... Passed
Test: shard deletion (challenge 1) ...
  ... Passed
Test: unaffected shard access (challenge 2) ...
  ... Passed
Test: partial migration shard access (challenge 2) ...
  ... Passed
PASS
ok  	6.824/shardkv	148.842s
第 7 轮测试
-------------------------------------
Test: static shards ...
  ... Passed
Test: join then leave ...
  ... Passed
Test: snapshots, join, and leave ...
  ... Passed
Test: servers miss configuration changes...
  ... Passed
Test: concurrent puts and configuration changes...
  ... Passed
Test: more concurrent puts and configuration changes...
  ... Passed
Test: concurrent configuration change and restart...
  ... Passed
Test: unreliable 1...
  ... Passed
Test: unreliable 2...
  ... Passed
Test: unreliable 3...
  ... Passed
Test: shard deletion (challenge 1) ...
  ... Passed
Test: unaffected shard access (challenge 2) ...
  ... Passed
Test: partial migration shard access (challenge 2) ...
  ... Passed
PASS
ok  	6.824/shardkv	149.075s
第 8 轮测试
-------------------------------------
Test: static shards ...
  ... Passed
Test: join then leave ...
  ... Passed
Test: snapshots, join, and leave ...
  ... Passed
Test: servers miss configuration changes...
  ... Passed
Test: concurrent puts and configuration changes...
  ... Passed
Test: more concurrent puts and configuration changes...
  ... Passed
Test: concurrent configuration change and restart...
  ... Passed
Test: unreliable 1...
  ... Passed
Test: unreliable 2...
  ... Passed
Test: unreliable 3...
  ... Passed
Test: shard deletion (challenge 1) ...
  ... Passed
Test: unaffected shard access (challenge 2) ...
  ... Passed
Test: partial migration shard access (challenge 2) ...
  ... Passed
PASS
ok  	6.824/shardkv	177.022s
第 9 轮测试
-------------------------------------
Test: static shards ...
  ... Passed
Test: join then leave ...
  ... Passed
Test: snapshots, join, and leave ...
  ... Passed
Test: servers miss configuration changes...
  ... Passed
Test: concurrent puts and configuration changes...
  ... Passed
Test: more concurrent puts and configuration changes...
  ... Passed
Test: concurrent configuration change and restart...
  ... Passed
Test: unreliable 1...
  ... Passed
Test: unreliable 2...
  ... Passed
Test: unreliable 3...
  ... Passed
Test: shard deletion (challenge 1) ...
  ... Passed
Test: unaffected shard access (challenge 2) ...
  ... Passed
Test: partial migration shard access (challenge 2) ...
  ... Passed
PASS
ok  	6.824/shardkv	168.123s
第 10 轮测试
-------------------------------------
Test: static shards ...
  ... Passed
Test: join then leave ...
  ... Passed
Test: snapshots, join, and leave ...
  ... Passed
Test: servers miss configuration changes...
  ... Passed
Test: concurrent puts and configuration changes...
  ... Passed
Test: more concurrent puts and configuration changes...
  ... Passed
Test: concurrent configuration change and restart...
  ... Passed
Test: unreliable 1...
  ... Passed
Test: unreliable 2...
  ... Passed
Test: unreliable 3...
  ... Passed
Test: shard deletion (challenge 1) ...
  ... Passed
Test: unaffected shard access (challenge 2) ...
  ... Passed
Test: partial migration shard access (challenge 2) ...
  ... Passed
PASS
ok  	6.824/shardkv	167.040s
第 11 轮测试
-------------------------------------
Test: static shards ...
  ... Passed
Test: join then leave ...
  ... Passed
Test: snapshots, join, and leave ...
  ... Passed
Test: servers miss configuration changes...
  ... Passed
Test: concurrent puts and configuration changes...
  ... Passed
Test: more concurrent puts and configuration changes...
  ... Passed
Test: concurrent configuration change and restart...
  ... Passed
Test: unreliable 1...
  ... Passed
Test: unreliable 2...
--- FAIL: TestUnreliable2 (7.27s)
    test_test.go:19: Get(8): expected:
        dm0jdHe_gIH0OtGK_07qCsi7a1bMHm5Y9Ph4WnyhRdh_QELWmWJvgNHuIDZ8
        received:
        dm0jdH0OtGK_07qCsi7a1bMHm5Y9Ph4WnyhRdh_QELWmWJvgNHuIDZ8
Test: unreliable 3...
  ... Passed
Test: shard deletion (challenge 1) ...
  ... Passed
Test: unaffected shard access (challenge 2) ...
  ... Passed
Test: partial migration shard access (challenge 2) ...
  ... Passed
FAIL
exit status 1
FAIL	6.824/shardkv	142.806s
第 12 轮测试
-------------------------------------
Test: static shards ...
  ... Passed
Test: join then leave ...
  ... Passed
Test: snapshots, join, and leave ...
  ... Passed
Test: servers miss configuration changes...
  ... Passed
Test: concurrent puts and configuration changes...
  ... Passed
Test: more concurrent puts and configuration changes...
  ... Passed
Test: concurrent configuration change and restart...
  ... Passed
Test: unreliable 1...
  ... Passed
Test: unreliable 2...
  ... Passed
Test: unreliable 3...
  ... Passed
Test: shard deletion (challenge 1) ...
  ... Passed
Test: unaffected shard access (challenge 2) ...
  ... Passed
Test: partial migration shard access (challenge 2) ...
  ... Passed
PASS
ok  	6.824/shardkv	203.881s
第 13 轮测试
-------------------------------------
Test: static shards ...
  ... Passed
Test: join then leave ...
  ... Passed
Test: snapshots, join, and leave ...
  ... Passed
Test: servers miss configuration changes...
  ... Passed
Test: concurrent puts and configuration changes...
  ... Passed
Test: more concurrent puts and configuration changes...
  ... Passed
Test: concurrent configuration change and restart...
  ... Passed
Test: unreliable 1...
  ... Passed
Test: unreliable 2...
  ... Passed
Test: unreliable 3...
  ... Passed
Test: shard deletion (challenge 1) ...
  ... Passed
Test: unaffected shard access (challenge 2) ...
  ... Passed
Test: partial migration shard access (challenge 2) ...
  ... Passed
PASS
ok  	6.824/shardkv	131.990s
第 14 轮测试
-------------------------------------
Test: static shards ...
  ... Passed
Test: join then leave ...
  ... Passed
Test: snapshots, join, and leave ...
  ... Passed
Test: servers miss configuration changes...
  ... Passed
Test: concurrent puts and configuration changes...
  ... Passed
Test: more concurrent puts and configuration changes...
  ... Passed
Test: concurrent configuration change and restart...
  ... Passed
Test: unreliable 1...
  ... Passed
Test: unreliable 2...
  ... Passed
Test: unreliable 3...
  ... Passed
Test: shard deletion (challenge 1) ...
  ... Passed
Test: unaffected shard access (challenge 2) ...
  ... Passed
Test: partial migration shard access (challenge 2) ...
  ... Passed
PASS
ok  	6.824/shardkv	175.926s
第 15 轮测试
-------------------------------------
Test: static shards ...
  ... Passed
Test: join then leave ...
  ... Passed
Test: snapshots, join, and leave ...
  ... Passed
Test: servers miss configuration changes...
  ... Passed
Test: concurrent puts and configuration changes...
  ... Passed
Test: more concurrent puts and configuration changes...
  ... Passed
Test: concurrent configuration change and restart...
  ... Passed
Test: unreliable 1...
  ... Passed
Test: unreliable 2...
  ... Passed
Test: unreliable 3...
  ... Passed
Test: shard deletion (challenge 1) ...
  ... Passed
Test: unaffected shard access (challenge 2) ...
  ... Passed
Test: partial migration shard access (challenge 2) ...
  ... Passed
PASS
ok  	6.824/shardkv	166.249s
第 16 轮测试
-------------------------------------
Test: static shards ...
  ... Passed
Test: join then leave ...
  ... Passed
Test: snapshots, join, and leave ...
  ... Passed
Test: servers miss configuration changes...
  ... Passed
Test: concurrent puts and configuration changes...
  ... Passed
Test: more concurrent puts and configuration changes...
  ... Passed
Test: concurrent configuration change and restart...
  ... Passed
Test: unreliable 1...
  ... Passed
Test: unreliable 2...
  ... Passed
Test: unreliable 3...
  ... Passed
Test: shard deletion (challenge 1) ...
  ... Passed
Test: unaffected shard access (challenge 2) ...
  ... Passed
Test: partial migration shard access (challenge 2) ...
  ... Passed
PASS
ok  	6.824/shardkv	204.726s
第 17 轮测试
-------------------------------------
Test: static shards ...
  ... Passed
Test: join then leave ...
  ... Passed
Test: snapshots, join, and leave ...
  ... Passed
Test: servers miss configuration changes...
  ... Passed
Test: concurrent puts and configuration changes...
  ... Passed
Test: more concurrent puts and configuration changes...
  ... Passed
Test: concurrent configuration change and restart...
  ... Passed
Test: unreliable 1...
  ... Passed
Test: unreliable 2...
  ... Passed
Test: unreliable 3...
  ... Passed
Test: shard deletion (challenge 1) ...
  ... Passed
Test: unaffected shard access (challenge 2) ...
  ... Passed
Test: partial migration shard access (challenge 2) ...
  ... Passed
PASS
ok  	6.824/shardkv	145.327s
第 18 轮测试
-------------------------------------
Test: static shards ...
  ... Passed
Test: join then leave ...
  ... Passed
Test: snapshots, join, and leave ...
  ... Passed
Test: servers miss configuration changes...
  ... Passed
Test: concurrent puts and configuration changes...
  ... Passed
Test: more concurrent puts and configuration changes...
  ... Passed
Test: concurrent configuration change and restart...
  ... Passed
Test: unreliable 1...
  ... Passed
Test: unreliable 2...
--- FAIL: TestUnreliable2 (9.26s)
    test_test.go:19: Get(4): expected:
        v1h3yyBUaqmKmacX6p4_vllD8hkReRSGQzIFoaCF-60JXtj-hmnAwKT
        received:
        v1h3yyBUaqmKmacvllD8hkReRSGQzIFoaCF-60JXtj-hmnAwKT
Test: unreliable 3...
  ... Passed
Test: shard deletion (challenge 1) ...
  ... Passed
Test: unaffected shard access (challenge 2) ...
  ... Passed
Test: partial migration shard access (challenge 2) ...
  ... Passed
FAIL
exit status 1
FAIL	6.824/shardkv	153.728s
第 19 轮测试
-------------------------------------
Test: static shards ...
  ... Passed
Test: join then leave ...
  ... Passed
Test: snapshots, join, and leave ...
  ... Passed
Test: servers miss configuration changes...
  ... Passed
Test: concurrent puts and configuration changes...
  ... Passed
Test: more concurrent puts and configuration changes...
  ... Passed
Test: concurrent configuration change and restart...
  ... Passed
Test: unreliable 1...
  ... Passed
Test: unreliable 2...
  ... Passed
Test: unreliable 3...
  ... Passed
Test: shard deletion (challenge 1) ...
  ... Passed
Test: unaffected shard access (challenge 2) ...
  ... Passed
Test: partial migration shard access (challenge 2) ...
  ... Passed
PASS
ok  	6.824/shardkv	145.921s
第 20 轮测试
-------------------------------------
Test: static shards ...
  ... Passed
Test: join then leave ...
  ... Passed
Test: snapshots, join, and leave ...
  ... Passed
Test: servers miss configuration changes...
  ... Passed
Test: concurrent puts and configuration changes...
  ... Passed
Test: more concurrent puts and configuration changes...
  ... Passed
Test: concurrent configuration change and restart...
  ... Passed
Test: unreliable 1...
  ... Passed
Test: unreliable 2...
--- FAIL: TestUnreliable2 (10.54s)
    test_test.go:19: Get(9): expected:
        HM6-CAQ2NBasGliAK_HGin4wHrCLdircdwGObtqixFMVbtQ14m
        received:
        HM6-CAQ2NBasGliAK_HGin4wHrCLdiObtqixFMVbtQ14m
Test: unreliable 3...
  ... Passed
Test: shard deletion (challenge 1) ...
  ... Passed
Test: unaffected shard access (challenge 2) ...
  ... Passed
Test: partial migration shard access (challenge 2) ...
  ... Passed
FAIL
exit status 1
FAIL	6.824/shardkv	173.347s
第 21 轮测试
-------------------------------------
Test: static shards ...
  ... Passed
Test: join then leave ...
  ... Passed
Test: snapshots, join, and leave ...
  ... Passed
Test: servers miss configuration changes...
  ... Passed
Test: concurrent puts and configuration changes...
  ... Passed
Test: more concurrent puts and configuration changes...
  ... Passed
Test: concurrent configuration change and restart...
  ... Passed
Test: unreliable 1...
  ... Passed
Test: unreliable 2...
  ... Passed
Test: unreliable 3...
  ... Passed
Test: shard deletion (challenge 1) ...
  ... Passed
Test: unaffected shard access (challenge 2) ...
  ... Passed
Test: partial migration shard access (challenge 2) ...
  ... Passed
PASS
ok  	6.824/shardkv	132.461s
第 22 轮测试
-------------------------------------
Test: static shards ...
  ... Passed
Test: join then leave ...
  ... Passed
Test: snapshots, join, and leave ...
  ... Passed
Test: servers miss configuration changes...
  ... Passed
Test: concurrent puts and configuration changes...
  ... Passed
Test: more concurrent puts and configuration changes...
  ... Passed
Test: concurrent configuration change and restart...
  ... Passed
Test: unreliable 1...
  ... Passed
Test: unreliable 2...
  ... Passed
Test: unreliable 3...
  ... Passed
Test: shard deletion (challenge 1) ...
  ... Passed
Test: unaffected shard access (challenge 2) ...
  ... Passed
Test: partial migration shard access (challenge 2) ...
  ... Passed
PASS
ok  	6.824/shardkv	141.352s
第 23 轮测试
-------------------------------------
Test: static shards ...
  ... Passed
Test: join then leave ...
  ... Passed
Test: snapshots, join, and leave ...
  ... Passed
Test: servers miss configuration changes...
  ... Passed
Test: concurrent puts and configuration changes...
  ... Passed
Test: more concurrent puts and configuration changes...
  ... Passed
Test: concurrent configuration change and restart...
  ... Passed
Test: unreliable 1...
  ... Passed
Test: unreliable 2...
  ... Passed
Test: unreliable 3...
  ... Passed
Test: shard deletion (challenge 1) ...
  ... Passed
Test: unaffected shard access (challenge 2) ...
  ... Passed
Test: partial migration shard access (challenge 2) ...
  ... Passed
PASS
ok  	6.824/shardkv	131.471s
第 24 轮测试
-------------------------------------
Test: static shards ...
  ... Passed
Test: join then leave ...
  ... Passed
Test: snapshots, join, and leave ...
  ... Passed
Test: servers miss configuration changes...
  ... Passed
Test: concurrent puts and configuration changes...
  ... Passed
Test: more concurrent puts and configuration changes...
  ... Passed
Test: concurrent configuration change and restart...
  ... Passed
Test: unreliable 1...
  ... Passed
Test: unreliable 2...
  ... Passed
Test: unreliable 3...
  ... Passed
Test: shard deletion (challenge 1) ...
  ... Passed
Test: unaffected shard access (challenge 2) ...
  ... Passed
Test: partial migration shard access (challenge 2) ...
  ... Passed
PASS
ok  	6.824/shardkv	137.122s
第 25 轮测试
-------------------------------------
Test: static shards ...
  ... Passed
Test: join then leave ...
  ... Passed
Test: snapshots, join, and leave ...
  ... Passed
Test: servers miss configuration changes...
  ... Passed
Test: concurrent puts and configuration changes...
  ... Passed
Test: more concurrent puts and configuration changes...
  ... Passed
Test: concurrent configuration change and restart...
  ... Passed
Test: unreliable 1...
  ... Passed
Test: unreliable 2...
  ... Passed
Test: unreliable 3...
  ... Passed
Test: shard deletion (challenge 1) ...
  ... Passed
Test: unaffected shard access (challenge 2) ...
  ... Passed
Test: partial migration shard access (challenge 2) ...
  ... Passed
PASS
ok  	6.824/shardkv	160.494s
第 26 轮测试
-------------------------------------
Test: static shards ...
  ... Passed
Test: join then leave ...
  ... Passed
Test: snapshots, join, and leave ...
  ... Passed
Test: servers miss configuration changes...
  ... Passed
Test: concurrent puts and configuration changes...
  ... Passed
Test: more concurrent puts and configuration changes...
  ... Passed
Test: concurrent configuration change and restart...
  ... Passed
Test: unreliable 1...
  ... Passed
Test: unreliable 2...
  ... Passed
Test: unreliable 3...
  ... Passed
Test: shard deletion (challenge 1) ...
  ... Passed
Test: unaffected shard access (challenge 2) ...
  ... Passed
Test: partial migration shard access (challenge 2) ...
  ... Passed
PASS
ok  	6.824/shardkv	139.332s
第 27 轮测试
-------------------------------------
Test: static shards ...
  ... Passed
Test: join then leave ...
  ... Passed
Test: snapshots, join, and leave ...
  ... Passed
Test: servers miss configuration changes...
  ... Passed
Test: concurrent puts and configuration changes...
  ... Passed
Test: more concurrent puts and configuration changes...
  ... Passed
Test: concurrent configuration change and restart...
  ... Passed
Test: unreliable 1...
  ... Passed
Test: unreliable 2...
  ... Passed
Test: unreliable 3...
  ... Passed
Test: shard deletion (challenge 1) ...
  ... Passed
Test: unaffected shard access (challenge 2) ...
  ... Passed
Test: partial migration shard access (challenge 2) ...
  ... Passed
PASS
ok  	6.824/shardkv	155.799s
第 28 轮测试
-------------------------------------
Test: static shards ...
  ... Passed
Test: join then leave ...
  ... Passed
Test: snapshots, join, and leave ...
  ... Passed
Test: servers miss configuration changes...
  ... Passed
Test: concurrent puts and configuration changes...
  ... Passed
Test: more concurrent puts and configuration changes...
  ... Passed
Test: concurrent configuration change and restart...
  ... Passed
Test: unreliable 1...
  ... Passed
Test: unreliable 2...
  ... Passed
Test: unreliable 3...
  ... Passed
Test: shard deletion (challenge 1) ...
--- FAIL: TestChallenge1Delete (22.67s)
    test_test.go:19: Get(18): expected:
        tMe4PknzpAHF-vjJ4y_-tQl4V3XACUXJVmC-2RW4j9M3N6jka2nZAdK0Uzn5e8LyGOa0r3rQjipw-j_TvJSOpHHOL_TuFlP3E4AW1dWv0XcwHFplZaitVybOJbE4FAzn5v4bGvqI5rxHOmdRdNT0sMZBVWVukiZMIDSHwtsnoMi96uiWfFV5xm83U4yWDE5AiNxSCa8CnA5QOQZ-4VswYf4mYyGPX8SighTRtgMnJBXzCxeLmq2l9Vsd2GKo6BgEkpgbAfSMtTyz3YjpQarwzujZKURmgsLjjoC_Fd6duoYg7hLtpfG2FRbm_C-ABpajYVglfB9xClbpuMHKgjLoI8Dnu5XmurHZqrogEt_3Q8CoQOP1V1ItjYOsudwDAM0IuyUpl8nnYnOAObKvIx78nZeR6jh1h9U9e7WoYAyCjFNf-WGnoUtYIEnAtgvJERcLY2dQJ5ofG58Vm4Pb23PRq15rwLPKfGqu3IeaAeNV9iVynLg6k79di2iD4g4-9706x8pBPf1VrpjZyK_1e8fQWq4Bi0ejMp-cvafY-SkzwTaM3mmtQ28ZvhCSguuYi064zFpIUprLf0DIH9se4YY5h5IIggZhJ3qK8foPLQduqqwl62AVRAfJt6TBj2f7MEwrslNxWrfOsjovNV383U3PO3dNuBg_Mkh3tUvw4uYGnETbAYso_O4BtNHhrMMWMCy9tn5j-B5FTcZOg0owxzV4va8d572msHkNI7Pt9MV2bKNh1jNxo9wGxvfSCfakYQIgZtT_6ruJy0idDib2RRV6xbjt1joXbatQXCINpI85HsjxqBC0dh_y5wH3sFTQ98Im5iYIEXj9GaAaS4FxrUFD0f-02T_ub5kP6nOvkGtwxulHzwUuA-wKP479sJjD7MD63Bbae97YmuXUwDd0wN2d6Bc4m1DSyWqAaFPT5g6An0hcCl3hwLeYlkydo-MAKSR2cyTVIJTR0fZ-Yx25Y2sGhlc8e4NYomqb9tHzK_wx
        received:
Test: unaffected shard access (challenge 2) ...
  ... Passed
Test: partial migration shard access (challenge 2) ...
  ... Passed
FAIL
exit status 1
FAIL	6.824/shardkv	168.560s
第 29 轮测试
-------------------------------------
Test: static shards ...
  ... Passed
Test: join then leave ...
  ... Passed
Test: snapshots, join, and leave ...
  ... Passed
Test: servers miss configuration changes...
  ... Passed
Test: concurrent puts and configuration changes...
  ... Passed
Test: more concurrent puts and configuration changes...
  ... Passed
Test: concurrent configuration change and restart...
  ... Passed
Test: unreliable 1...
  ... Passed
Test: unreliable 2...
  ... Passed
Test: unreliable 3...
  ... Passed
Test: shard deletion (challenge 1) ...
  ... Passed
Test: unaffected shard access (challenge 2) ...
  ... Passed
Test: partial migration shard access (challenge 2) ...
  ... Passed
PASS
ok  	6.824/shardkv	159.182s
第 30 轮测试
-------------------------------------
Test: static shards ...
  ... Passed
Test: join then leave ...
  ... Passed
Test: snapshots, join, and leave ...
  ... Passed
Test: servers miss configuration changes...
  ... Passed
Test: concurrent puts and configuration changes...
  ... Passed
Test: more concurrent puts and configuration changes...
  ... Passed
Test: concurrent configuration change and restart...
  ... Passed
Test: unreliable 1...
  ... Passed
Test: unreliable 2...
  ... Passed
Test: unreliable 3...
  ... Passed
Test: shard deletion (challenge 1) ...
  ... Passed
Test: unaffected shard access (challenge 2) ...
  ... Passed
Test: partial migration shard access (challenge 2) ...
  ... Passed
PASS
ok  	6.824/shardkv	130.455s
第 31 轮测试
-------------------------------------
Test: static shards ...
  ... Passed
Test: join then leave ...
  ... Passed
Test: snapshots, join, and leave ...
  ... Passed
Test: servers miss configuration changes...
  ... Passed
Test: concurrent puts and configuration changes...
  ... Passed
Test: more concurrent puts and configuration changes...
  ... Passed
Test: concurrent configuration change and restart...
  ... Passed
Test: unreliable 1...
  ... Passed
Test: unreliable 2...
  ... Passed
Test: unreliable 3...
  ... Passed
Test: shard deletion (challenge 1) ...
  ... Passed
Test: unaffected shard access (challenge 2) ...
  ... Passed
Test: partial migration shard access (challenge 2) ...
  ... Passed
PASS
ok  	6.824/shardkv	140.290s
第 32 轮测试
-------------------------------------
Test: static shards ...
  ... Passed
Test: join then leave ...
  ... Passed
Test: snapshots, join, and leave ...
  ... Passed
Test: servers miss configuration changes...
  ... Passed
Test: concurrent puts and configuration changes...
  ... Passed
Test: more concurrent puts and configuration changes...
  ... Passed
Test: concurrent configuration change and restart...
  ... Passed
Test: unreliable 1...
  ... Passed
Test: unreliable 2...
--- FAIL: TestUnreliable2 (10.63s)
    test_test.go:19: Get(3): expected:
        flxi-FuVBIhM3wZkj3ad
        received:
        flxi-FuVBIkj3ad
Test: unreliable 3...
  ... Passed
Test: shard deletion (challenge 1) ...
  ... Passed
Test: unaffected shard access (challenge 2) ...
  ... Passed
Test: partial migration shard access (challenge 2) ...
  ... Passed
FAIL
exit status 1
FAIL	6.824/shardkv	161.647s
第 33 轮测试
-------------------------------------
Test: static shards ...
  ... Passed
Test: join then leave ...
  ... Passed
Test: snapshots, join, and leave ...
  ... Passed
Test: servers miss configuration changes...
  ... Passed
Test: concurrent puts and configuration changes...
  ... Passed
Test: more concurrent puts and configuration changes...
  ... Passed
Test: concurrent configuration change and restart...
  ... Passed
Test: unreliable 1...
  ... Passed
Test: unreliable 2...
  ... Passed
Test: unreliable 3...
  ... Passed
Test: shard deletion (challenge 1) ...
  ... Passed
Test: unaffected shard access (challenge 2) ...
  ... Passed
Test: partial migration shard access (challenge 2) ...
  ... Passed
PASS
ok  	6.824/shardkv	154.681s
第 34 轮测试
-------------------------------------
Test: static shards ...
  ... Passed
Test: join then leave ...
  ... Passed
Test: snapshots, join, and leave ...
  ... Passed
Test: servers miss configuration changes...
  ... Passed
Test: concurrent puts and configuration changes...
  ... Passed
Test: more concurrent puts and configuration changes...
  ... Passed
Test: concurrent configuration change and restart...
--- FAIL: TestConcurrent3 (23.40s)
    test_test.go:19: Get(3): expected:
        SJLCPKDySR-jrKTCX7erxbjFY
        received:
        SJLCPKDyS-jrKTCX7erxbjFY
Test: unreliable 1...
  ... Passed
Test: unreliable 2...
  ... Passed
Test: unreliable 3...
  ... Passed
Test: shard deletion (challenge 1) ...
  ... Passed
Test: unaffected shard access (challenge 2) ...
  ... Passed
Test: partial migration shard access (challenge 2) ...
  ... Passed
FAIL
exit status 1
FAIL	6.824/shardkv	159.906s
第 35 轮测试
-------------------------------------
Test: static shards ...
  ... Passed
Test: join then leave ...
  ... Passed
Test: snapshots, join, and leave ...
  ... Passed
Test: servers miss configuration changes...
  ... Passed
Test: concurrent puts and configuration changes...
  ... Passed
Test: more concurrent puts and configuration changes...
  ... Passed
Test: concurrent configuration change and restart...
  ... Passed
Test: unreliable 1...
  ... Passed
Test: unreliable 2...
  ... Passed
Test: unreliable 3...
  ... Passed
Test: shard deletion (challenge 1) ...
  ... Passed
Test: unaffected shard access (challenge 2) ...
  ... Passed
Test: partial migration shard access (challenge 2) ...
  ... Passed
PASS
ok  	6.824/shardkv	163.665s
第 36 轮测试
-------------------------------------
Test: static shards ...
  ... Passed
Test: join then leave ...
  ... Passed
Test: snapshots, join, and leave ...
  ... Passed
Test: servers miss configuration changes...
  ... Passed
Test: concurrent puts and configuration changes...
  ... Passed
Test: more concurrent puts and configuration changes...
  ... Passed
Test: concurrent configuration change and restart...
  ... Passed
Test: unreliable 1...
  ... Passed
Test: unreliable 2...
  ... Passed
Test: unreliable 3...
  ... Passed
Test: shard deletion (challenge 1) ...
  ... Passed
Test: unaffected shard access (challenge 2) ...
  ... Passed
Test: partial migration shard access (challenge 2) ...
  ... Passed
PASS
ok  	6.824/shardkv	131.159s
第 37 轮测试
-------------------------------------
Test: static shards ...
  ... Passed
Test: join then leave ...
  ... Passed
Test: snapshots, join, and leave ...
  ... Passed
Test: servers miss configuration changes...
  ... Passed
Test: concurrent puts and configuration changes...
  ... Passed
Test: more concurrent puts and configuration changes...
  ... Passed
Test: concurrent configuration change and restart...
  ... Passed
Test: unreliable 1...
  ... Passed
Test: unreliable 2...
  ... Passed
Test: unreliable 3...
  ... Passed
Test: shard deletion (challenge 1) ...
  ... Passed
Test: unaffected shard access (challenge 2) ...
  ... Passed
Test: partial migration shard access (challenge 2) ...
  ... Passed
PASS
ok  	6.824/shardkv	149.208s
第 38 轮测试
-------------------------------------
Test: static shards ...
  ... Passed
Test: join then leave ...
  ... Passed
Test: snapshots, join, and leave ...
  ... Passed
Test: servers miss configuration changes...
  ... Passed
Test: concurrent puts and configuration changes...
  ... Passed
Test: more concurrent puts and configuration changes...
  ... Passed
Test: concurrent configuration change and restart...
  ... Passed
Test: unreliable 1...
  ... Passed
Test: unreliable 2...
  ... Passed
Test: unreliable 3...
  ... Passed
Test: shard deletion (challenge 1) ...
  ... Passed
Test: unaffected shard access (challenge 2) ...
  ... Passed
Test: partial migration shard access (challenge 2) ...
  ... Passed
PASS
ok  	6.824/shardkv	174.393s
第 39 轮测试
-------------------------------------
Test: static shards ...
  ... Passed
Test: join then leave ...
  ... Passed
Test: snapshots, join, and leave ...
  ... Passed
Test: servers miss configuration changes...
  ... Passed
Test: concurrent puts and configuration changes...
  ... Passed
Test: more concurrent puts and configuration changes...
  ... Passed
Test: concurrent configuration change and restart...
  ... Passed
Test: unreliable 1...
  ... Passed
Test: unreliable 2...
  ... Passed
Test: unreliable 3...
  ... Passed
Test: shard deletion (challenge 1) ...
  ... Passed
Test: unaffected shard access (challenge 2) ...
  ... Passed
Test: partial migration shard access (challenge 2) ...
  ... Passed
PASS
ok  	6.824/shardkv	133.610s
第 40 轮测试
-------------------------------------
Test: static shards ...
  ... Passed
Test: join then leave ...
  ... Passed
Test: snapshots, join, and leave ...
  ... Passed
Test: servers miss configuration changes...
  ... Passed
Test: concurrent puts and configuration changes...
  ... Passed
Test: more concurrent puts and configuration changes...
  ... Passed
Test: concurrent configuration change and restart...
  ... Passed
Test: unreliable 1...
  ... Passed
Test: unreliable 2...
  ... Passed
Test: unreliable 3...
  ... Passed
Test: shard deletion (challenge 1) ...
  ... Passed
Test: unaffected shard access (challenge 2) ...
  ... Passed
Test: partial migration shard access (challenge 2) ...
  ... Passed
PASS
ok  	6.824/shardkv	163.882s
第 41 轮测试
-------------------------------------
Test: static shards ...
  ... Passed
Test: join then leave ...
  ... Passed
Test: snapshots, join, and leave ...
  ... Passed
Test: servers miss configuration changes...
  ... Passed
Test: concurrent puts and configuration changes...
  ... Passed
Test: more concurrent puts and configuration changes...
  ... Passed
Test: concurrent configuration change and restart...
  ... Passed
Test: unreliable 1...
  ... Passed
Test: unreliable 2...
--- FAIL: TestUnreliable2 (8.40s)
    test_test.go:19: Get(2): expected:
        0lkxVvagKLEglSUjya0_jlimsQgi_VYRFBo
        received:
        0lkxVvagKLjya0_jlimsQgi_VYRFBo
Test: unreliable 3...
  ... Passed
Test: shard deletion (challenge 1) ...
  ... Passed
Test: unaffected shard access (challenge 2) ...
  ... Passed
Test: partial migration shard access (challenge 2) ...
  ... Passed
FAIL
exit status 1
FAIL	6.824/shardkv	152.559s
第 42 轮测试
-------------------------------------
Test: static shards ...
  ... Passed
Test: join then leave ...
  ... Passed
Test: snapshots, join, and leave ...
  ... Passed
Test: servers miss configuration changes...
  ... Passed
Test: concurrent puts and configuration changes...
  ... Passed
Test: more concurrent puts and configuration changes...
  ... Passed
Test: concurrent configuration change and restart...
  ... Passed
Test: unreliable 1...
  ... Passed
Test: unreliable 2...
  ... Passed
Test: unreliable 3...
  ... Passed
Test: shard deletion (challenge 1) ...
  ... Passed
Test: unaffected shard access (challenge 2) ...
  ... Passed
Test: partial migration shard access (challenge 2) ...
  ... Passed
PASS
ok  	6.824/shardkv	140.368s
第 43 轮测试
-------------------------------------
Test: static shards ...
  ... Passed
Test: join then leave ...
  ... Passed
Test: snapshots, join, and leave ...
  ... Passed
Test: servers miss configuration changes...
  ... Passed
Test: concurrent puts and configuration changes...
  ... Passed
Test: more concurrent puts and configuration changes...
  ... Passed
Test: concurrent configuration change and restart...
  ... Passed
Test: unreliable 1...
  ... Passed
Test: unreliable 2...
  ... Passed
Test: unreliable 3...
  ... Passed
Test: shard deletion (challenge 1) ...
  ... Passed
Test: unaffected shard access (challenge 2) ...
  ... Passed
Test: partial migration shard access (challenge 2) ...
  ... Passed
PASS
ok  	6.824/shardkv	150.700s
第 44 轮测试
-------------------------------------
Test: static shards ...
  ... Passed
Test: join then leave ...
  ... Passed
Test: snapshots, join, and leave ...
  ... Passed
Test: servers miss configuration changes...
  ... Passed
Test: concurrent puts and configuration changes...
  ... Passed
Test: more concurrent puts and configuration changes...
  ... Passed
Test: concurrent configuration change and restart...
  ... Passed
Test: unreliable 1...
  ... Passed
Test: unreliable 2...
  ... Passed
Test: unreliable 3...
  ... Passed
Test: shard deletion (challenge 1) ...
  ... Passed
Test: unaffected shard access (challenge 2) ...
  ... Passed
Test: partial migration shard access (challenge 2) ...
  ... Passed
PASS
ok  	6.824/shardkv	148.171s
第 45 轮测试
-------------------------------------
Test: static shards ...
  ... Passed
Test: join then leave ...
  ... Passed
Test: snapshots, join, and leave ...
  ... Passed
Test: servers miss configuration changes...
  ... Passed
Test: concurrent puts and configuration changes...
  ... Passed
Test: more concurrent puts and configuration changes...
  ... Passed
Test: concurrent configuration change and restart...
  ... Passed
Test: unreliable 1...
  ... Passed
Test: unreliable 2...
  ... Passed
Test: unreliable 3...
  ... Passed
Test: shard deletion (challenge 1) ...
  ... Passed
Test: unaffected shard access (challenge 2) ...
  ... Passed
Test: partial migration shard access (challenge 2) ...
  ... Passed
PASS
ok  	6.824/shardkv	133.502s
第 46 轮测试
-------------------------------------
Test: static shards ...
  ... Passed
Test: join then leave ...
  ... Passed
Test: snapshots, join, and leave ...
  ... Passed
Test: servers miss configuration changes...
  ... Passed
Test: concurrent puts and configuration changes...
  ... Passed
Test: more concurrent puts and configuration changes...
  ... Passed
Test: concurrent configuration change and restart...
  ... Passed
Test: unreliable 1...
  ... Passed
Test: unreliable 2...
  ... Passed
Test: unreliable 3...
  ... Passed
Test: shard deletion (challenge 1) ...
  ... Passed
Test: unaffected shard access (challenge 2) ...
  ... Passed
Test: partial migration shard access (challenge 2) ...
  ... Passed
PASS
ok  	6.824/shardkv	154.320s
第 47 轮测试
-------------------------------------
Test: static shards ...
  ... Passed
Test: join then leave ...
  ... Passed
Test: snapshots, join, and leave ...
  ... Passed
Test: servers miss configuration changes...
  ... Passed
Test: concurrent puts and configuration changes...
  ... Passed
Test: more concurrent puts and configuration changes...
  ... Passed
Test: concurrent configuration change and restart...
  ... Passed
Test: unreliable 1...
  ... Passed
Test: unreliable 2...
  ... Passed
Test: unreliable 3...
  ... Passed
Test: shard deletion (challenge 1) ...
  ... Passed
Test: unaffected shard access (challenge 2) ...
  ... Passed
Test: partial migration shard access (challenge 2) ...
  ... Passed
PASS
ok  	6.824/shardkv	163.854s
第 48 轮测试
-------------------------------------
Test: static shards ...
  ... Passed
Test: join then leave ...
  ... Passed
Test: snapshots, join, and leave ...
  ... Passed
Test: servers miss configuration changes...
  ... Passed
Test: concurrent puts and configuration changes...
  ... Passed
Test: more concurrent puts and configuration changes...
  ... Passed
Test: concurrent configuration change and restart...
  ... Passed
Test: unreliable 1...
  ... Passed
Test: unreliable 2...
  ... Passed
Test: unreliable 3...
  ... Passed
Test: shard deletion (challenge 1) ...
  ... Passed
Test: unaffected shard access (challenge 2) ...
  ... Passed
Test: partial migration shard access (challenge 2) ...
  ... Passed
PASS
ok  	6.824/shardkv	142.942s
第 49 轮测试
-------------------------------------
Test: static shards ...
  ... Passed
Test: join then leave ...
  ... Passed
Test: snapshots, join, and leave ...
  ... Passed
Test: servers miss configuration changes...
  ... Passed
Test: concurrent puts and configuration changes...
  ... Passed
Test: more concurrent puts and configuration changes...
  ... Passed
Test: concurrent configuration change and restart...
  ... Passed
Test: unreliable 1...
  ... Passed
Test: unreliable 2...
  ... Passed
Test: unreliable 3...
  ... Passed
Test: shard deletion (challenge 1) ...
  ... Passed
Test: unaffected shard access (challenge 2) ...
  ... Passed
Test: partial migration shard access (challenge 2) ...
  ... Passed
PASS
ok  	6.824/shardkv	131.694s
第 50 轮测试
-------------------------------------
Test: static shards ...
  ... Passed
Test: join then leave ...
  ... Passed
Test: snapshots, join, and leave ...
  ... Passed
Test: servers miss configuration changes...
  ... Passed
Test: concurrent puts and configuration changes...
  ... Passed
Test: more concurrent puts and configuration changes...
  ... Passed
Test: concurrent configuration change and restart...
  ... Passed
Test: unreliable 1...
  ... Passed
Test: unreliable 2...
  ... Passed
Test: unreliable 3...
  ... Passed
Test: shard deletion (challenge 1) ...
  ... Passed
Test: unaffected shard access (challenge 2) ...
  ... Passed
Test: partial migration shard access (challenge 2) ...
  ... Passed
PASS
ok  	6.824/shardkv	155.895s
第 51 轮测试
-------------------------------------
Test: static shards ...
  ... Passed
Test: join then leave ...
  ... Passed
Test: snapshots, join, and leave ...
  ... Passed
Test: servers miss configuration changes...
  ... Passed
Test: concurrent puts and configuration changes...
  ... Passed
Test: more concurrent puts and configuration changes...
  ... Passed
Test: concurrent configuration change and restart...
  ... Passed
Test: unreliable 1...
  ... Passed
Test: unreliable 2...
  ... Passed
Test: unreliable 3...
  ... Passed
Test: shard deletion (challenge 1) ...
  ... Passed
Test: unaffected shard access (challenge 2) ...
  ... Passed
Test: partial migration shard access (challenge 2) ...
  ... Passed
PASS
ok  	6.824/shardkv	144.399s
第 52 轮测试
-------------------------------------
Test: static shards ...
  ... Passed
Test: join then leave ...
  ... Passed
Test: snapshots, join, and leave ...
  ... Passed
Test: servers miss configuration changes...
  ... Passed
Test: concurrent puts and configuration changes...
  ... Passed
Test: more concurrent puts and configuration changes...
  ... Passed
Test: concurrent configuration change and restart...
  ... Passed
Test: unreliable 1...
  ... Passed
Test: unreliable 2...
  ... Passed
Test: unreliable 3...
  ... Passed
Test: shard deletion (challenge 1) ...
  ... Passed
Test: unaffected shard access (challenge 2) ...
  ... Passed
Test: partial migration shard access (challenge 2) ...
  ... Passed
PASS
ok  	6.824/shardkv	152.277s
第 53 轮测试
-------------------------------------
Test: static shards ...
  ... Passed
Test: join then leave ...
  ... Passed
Test: snapshots, join, and leave ...
  ... Passed
Test: servers miss configuration changes...
  ... Passed
Test: concurrent puts and configuration changes...
  ... Passed
Test: more concurrent puts and configuration changes...
  ... Passed
Test: concurrent configuration change and restart...
  ... Passed
Test: unreliable 1...
  ... Passed
Test: unreliable 2...
  ... Passed
Test: unreliable 3...
  ... Passed
Test: shard deletion (challenge 1) ...
  ... Passed
Test: unaffected shard access (challenge 2) ...
  ... Passed
Test: partial migration shard access (challenge 2) ...
  ... Passed
PASS
ok  	6.824/shardkv	149.380s
第 54 轮测试
-------------------------------------
Test: static shards ...
  ... Passed
Test: join then leave ...
  ... Passed
Test: snapshots, join, and leave ...
  ... Passed
Test: servers miss configuration changes...
  ... Passed
Test: concurrent puts and configuration changes...
  ... Passed
Test: more concurrent puts and configuration changes...
  ... Passed
Test: concurrent configuration change and restart...
  ... Passed
Test: unreliable 1...
  ... Passed
Test: unreliable 2...
  ... Passed
Test: unreliable 3...
  ... Passed
Test: shard deletion (challenge 1) ...
  ... Passed
Test: unaffected shard access (challenge 2) ...
  ... Passed
Test: partial migration shard access (challenge 2) ...
  ... Passed
PASS
ok  	6.824/shardkv	146.628s
第 55 轮测试
-------------------------------------
Test: static shards ...
  ... Passed
Test: join then leave ...
  ... Passed
Test: snapshots, join, and leave ...
  ... Passed
Test: servers miss configuration changes...
  ... Passed
Test: concurrent puts and configuration changes...
  ... Passed
Test: more concurrent puts and configuration changes...
  ... Passed
Test: concurrent configuration change and restart...
  ... Passed
Test: unreliable 1...
  ... Passed
Test: unreliable 2...
  ... Passed
Test: unreliable 3...
  ... Passed
Test: shard deletion (challenge 1) ...
  ... Passed
Test: unaffected shard access (challenge 2) ...
  ... Passed
Test: partial migration shard access (challenge 2) ...
  ... Passed
PASS
ok  	6.824/shardkv	152.751s
第 56 轮测试
-------------------------------------
Test: static shards ...
  ... Passed
Test: join then leave ...
  ... Passed
Test: snapshots, join, and leave ...
  ... Passed
Test: servers miss configuration changes...
  ... Passed
Test: concurrent puts and configuration changes...
  ... Passed
Test: more concurrent puts and configuration changes...
  ... Passed
Test: concurrent configuration change and restart...
  ... Passed
Test: unreliable 1...
  ... Passed
Test: unreliable 2...
  ... Passed
Test: unreliable 3...
  ... Passed
Test: shard deletion (challenge 1) ...
  ... Passed
Test: unaffected shard access (challenge 2) ...
  ... Passed
Test: partial migration shard access (challenge 2) ...
  ... Passed
PASS
ok  	6.824/shardkv	148.508s
第 57 轮测试
-------------------------------------
Test: static shards ...
  ... Passed
Test: join then leave ...
  ... Passed
Test: snapshots, join, and leave ...
  ... Passed
Test: servers miss configuration changes...
  ... Passed
Test: concurrent puts and configuration changes...
  ... Passed
Test: more concurrent puts and configuration changes...
  ... Passed
Test: concurrent configuration change and restart...
  ... Passed
Test: unreliable 1...
  ... Passed
Test: unreliable 2...
  ... Passed
Test: unreliable 3...
  ... Passed
Test: shard deletion (challenge 1) ...
  ... Passed
Test: unaffected shard access (challenge 2) ...
  ... Passed
Test: partial migration shard access (challenge 2) ...
  ... Passed
PASS
ok  	6.824/shardkv	127.148s
第 58 轮测试
-------------------------------------
Test: static shards ...
  ... Passed
Test: join then leave ...
  ... Passed
Test: snapshots, join, and leave ...
  ... Passed
Test: servers miss configuration changes...
  ... Passed
Test: concurrent puts and configuration changes...
  ... Passed
Test: more concurrent puts and configuration changes...
  ... Passed
Test: concurrent configuration change and restart...
  ... Passed
Test: unreliable 1...
  ... Passed
Test: unreliable 2...
  ... Passed
Test: unreliable 3...
  ... Passed
Test: shard deletion (challenge 1) ...
  ... Passed
Test: unaffected shard access (challenge 2) ...
  ... Passed
Test: partial migration shard access (challenge 2) ...
  ... Passed
PASS
ok  	6.824/shardkv	174.843s
第 59 轮测试
-------------------------------------
Test: static shards ...
  ... Passed
Test: join then leave ...
  ... Passed
Test: snapshots, join, and leave ...
  ... Passed
Test: servers miss configuration changes...
  ... Passed
Test: concurrent puts and configuration changes...
  ... Passed
Test: more concurrent puts and configuration changes...
  ... Passed
Test: concurrent configuration change and restart...
  ... Passed
Test: unreliable 1...
  ... Passed
Test: unreliable 2...
  ... Passed
Test: unreliable 3...
  ... Passed
Test: shard deletion (challenge 1) ...
  ... Passed
Test: unaffected shard access (challenge 2) ...
  ... Passed
Test: partial migration shard access (challenge 2) ...
  ... Passed
PASS
ok  	6.824/shardkv	130.255s
第 60 轮测试
-------------------------------------
Test: static shards ...
  ... Passed
Test: join then leave ...
  ... Passed
Test: snapshots, join, and leave ...
  ... Passed
Test: servers miss configuration changes...
  ... Passed
Test: concurrent puts and configuration changes...
  ... Passed
Test: more concurrent puts and configuration changes...
  ... Passed
Test: concurrent configuration change and restart...
  ... Passed
Test: unreliable 1...
  ... Passed
Test: unreliable 2...
  ... Passed
Test: unreliable 3...
  ... Passed
Test: shard deletion (challenge 1) ...
  ... Passed
Test: unaffected shard access (challenge 2) ...
  ... Passed
Test: partial migration shard access (challenge 2) ...
  ... Passed
PASS
ok  	6.824/shardkv	177.465s
第 61 轮测试
-------------------------------------
Test: static shards ...
  ... Passed
Test: join then leave ...
  ... Passed
Test: snapshots, join, and leave ...
  ... Passed
Test: servers miss configuration changes...
  ... Passed
Test: concurrent puts and configuration changes...
  ... Passed
Test: more concurrent puts and configuration changes...
  ... Passed
Test: concurrent configuration change and restart...
  ... Passed
Test: unreliable 1...
  ... Passed
Test: unreliable 2...
  ... Passed
Test: unreliable 3...
  ... Passed
Test: shard deletion (challenge 1) ...
  ... Passed
Test: unaffected shard access (challenge 2) ...
  ... Passed
Test: partial migration shard access (challenge 2) ...
  ... Passed
PASS
ok  	6.824/shardkv	129.734s
第 62 轮测试
-------------------------------------
Test: static shards ...
  ... Passed
Test: join then leave ...
  ... Passed
Test: snapshots, join, and leave ...
  ... Passed
Test: servers miss configuration changes...
  ... Passed
Test: concurrent puts and configuration changes...
  ... Passed
Test: more concurrent puts and configuration changes...
  ... Passed
Test: concurrent configuration change and restart...
  ... Passed
Test: unreliable 1...
  ... Passed
Test: unreliable 2...
  ... Passed
Test: unreliable 3...
  ... Passed
Test: shard deletion (challenge 1) ...
  ... Passed
Test: unaffected shard access (challenge 2) ...
  ... Passed
Test: partial migration shard access (challenge 2) ...
  ... Passed
PASS
ok  	6.824/shardkv	123.230s
第 63 轮测试
-------------------------------------
Test: static shards ...
  ... Passed
Test: join then leave ...
  ... Passed
Test: snapshots, join, and leave ...
  ... Passed
Test: servers miss configuration changes...
  ... Passed
Test: concurrent puts and configuration changes...
  ... Passed
Test: more concurrent puts and configuration changes...
  ... Passed
Test: concurrent configuration change and restart...
  ... Passed
Test: unreliable 1...
  ... Passed
Test: unreliable 2...
  ... Passed
Test: unreliable 3...
  ... Passed
Test: shard deletion (challenge 1) ...
  ... Passed
Test: unaffected shard access (challenge 2) ...
  ... Passed
Test: partial migration shard access (challenge 2) ...
  ... Passed
PASS
ok  	6.824/shardkv	151.873s
第 64 轮测试
-------------------------------------
Test: static shards ...
  ... Passed
Test: join then leave ...
  ... Passed
Test: snapshots, join, and leave ...
  ... Passed
Test: servers miss configuration changes...
  ... Passed
Test: concurrent puts and configuration changes...
  ... Passed
Test: more concurrent puts and configuration changes...
  ... Passed
Test: concurrent configuration change and restart...
  ... Passed
Test: unreliable 1...
  ... Passed
Test: unreliable 2...
  ... Passed
Test: unreliable 3...
  ... Passed
Test: shard deletion (challenge 1) ...
  ... Passed
Test: unaffected shard access (challenge 2) ...
  ... Passed
Test: partial migration shard access (challenge 2) ...
  ... Passed
PASS
ok  	6.824/shardkv	164.479s
第 65 轮测试
-------------------------------------
Test: static shards ...
  ... Passed
Test: join then leave ...
  ... Passed
Test: snapshots, join, and leave ...
  ... Passed
Test: servers miss configuration changes...
  ... Passed
Test: concurrent puts and configuration changes...
  ... Passed
Test: more concurrent puts and configuration changes...
  ... Passed
Test: concurrent configuration change and restart...
  ... Passed
Test: unreliable 1...
  ... Passed
Test: unreliable 2...
  ... Passed
Test: unreliable 3...
  ... Passed
Test: shard deletion (challenge 1) ...
  ... Passed
Test: unaffected shard access (challenge 2) ...
  ... Passed
Test: partial migration shard access (challenge 2) ...
  ... Passed
PASS
ok  	6.824/shardkv	160.169s
第 66 轮测试
-------------------------------------
Test: static shards ...
  ... Passed
Test: join then leave ...
  ... Passed
Test: snapshots, join, and leave ...
  ... Passed
Test: servers miss configuration changes...
  ... Passed
Test: concurrent puts and configuration changes...
  ... Passed
Test: more concurrent puts and configuration changes...
  ... Passed
Test: concurrent configuration change and restart...
  ... Passed
Test: unreliable 1...
  ... Passed
Test: unreliable 2...
  ... Passed
Test: unreliable 3...
  ... Passed
Test: shard deletion (challenge 1) ...
  ... Passed
Test: unaffected shard access (challenge 2) ...
  ... Passed
Test: partial migration shard access (challenge 2) ...
  ... Passed
PASS
ok  	6.824/shardkv	142.464s
第 67 轮测试
-------------------------------------
Test: static shards ...
  ... Passed
Test: join then leave ...
  ... Passed
Test: snapshots, join, and leave ...
  ... Passed
Test: servers miss configuration changes...
  ... Passed
Test: concurrent puts and configuration changes...
  ... Passed
Test: more concurrent puts and configuration changes...
  ... Passed
Test: concurrent configuration change and restart...
  ... Passed
Test: unreliable 1...
  ... Passed
Test: unreliable 2...
  ... Passed
Test: unreliable 3...
  ... Passed
Test: shard deletion (challenge 1) ...
  ... Passed
Test: unaffected shard access (challenge 2) ...
  ... Passed
Test: partial migration shard access (challenge 2) ...
  ... Passed
PASS
ok  	6.824/shardkv	164.308s
第 68 轮测试
-------------------------------------
Test: static shards ...
  ... Passed
Test: join then leave ...
  ... Passed
Test: snapshots, join, and leave ...
  ... Passed
Test: servers miss configuration changes...
  ... Passed
Test: concurrent puts and configuration changes...
  ... Passed
Test: more concurrent puts and configuration changes...
  ... Passed
Test: concurrent configuration change and restart...
  ... Passed
Test: unreliable 1...
  ... Passed
Test: unreliable 2...
  ... Passed
Test: unreliable 3...
  ... Passed
Test: shard deletion (challenge 1) ...
  ... Passed
Test: unaffected shard access (challenge 2) ...
  ... Passed
Test: partial migration shard access (challenge 2) ...
  ... Passed
PASS
ok  	6.824/shardkv	130.714s
第 69 轮测试
-------------------------------------
Test: static shards ...
  ... Passed
Test: join then leave ...
  ... Passed
Test: snapshots, join, and leave ...
  ... Passed
Test: servers miss configuration changes...
  ... Passed
Test: concurrent puts and configuration changes...
  ... Passed
Test: more concurrent puts and configuration changes...
  ... Passed
Test: concurrent configuration change and restart...
  ... Passed
Test: unreliable 1...
  ... Passed
Test: unreliable 2...
  ... Passed
Test: unreliable 3...
  ... Passed
Test: shard deletion (challenge 1) ...
  ... Passed
Test: unaffected shard access (challenge 2) ...
  ... Passed
Test: partial migration shard access (challenge 2) ...
  ... Passed
PASS
ok  	6.824/shardkv	184.371s
第 70 轮测试
-------------------------------------
Test: static shards ...
  ... Passed
Test: join then leave ...
  ... Passed
Test: snapshots, join, and leave ...
  ... Passed
Test: servers miss configuration changes...
  ... Passed
Test: concurrent puts and configuration changes...
  ... Passed
Test: more concurrent puts and configuration changes...
  ... Passed
Test: concurrent configuration change and restart...
  ... Passed
Test: unreliable 1...
  ... Passed
Test: unreliable 2...
  ... Passed
Test: unreliable 3...
  ... Passed
Test: shard deletion (challenge 1) ...
  ... Passed
Test: unaffected shard access (challenge 2) ...
  ... Passed
Test: partial migration shard access (challenge 2) ...
  ... Passed
PASS
ok  	6.824/shardkv	135.795s
第 71 轮测试
-------------------------------------
Test: static shards ...
  ... Passed
Test: join then leave ...
  ... Passed
Test: snapshots, join, and leave ...
  ... Passed
Test: servers miss configuration changes...
  ... Passed
Test: concurrent puts and configuration changes...
  ... Passed
Test: more concurrent puts and configuration changes...
  ... Passed
Test: concurrent configuration change and restart...
  ... Passed
Test: unreliable 1...
  ... Passed
Test: unreliable 2...
  ... Passed
Test: unreliable 3...
  ... Passed
Test: shard deletion (challenge 1) ...
  ... Passed
Test: unaffected shard access (challenge 2) ...
  ... Passed
Test: partial migration shard access (challenge 2) ...
  ... Passed
PASS
ok  	6.824/shardkv	126.614s
第 72 轮测试
-------------------------------------
Test: static shards ...
  ... Passed
Test: join then leave ...
  ... Passed
Test: snapshots, join, and leave ...
  ... Passed
Test: servers miss configuration changes...
  ... Passed
Test: concurrent puts and configuration changes...
  ... Passed
Test: more concurrent puts and configuration changes...
  ... Passed
Test: concurrent configuration change and restart...
  ... Passed
Test: unreliable 1...
  ... Passed
Test: unreliable 2...
  ... Passed
Test: unreliable 3...
  ... Passed
Test: shard deletion (challenge 1) ...
  ... Passed
Test: unaffected shard access (challenge 2) ...
  ... Passed
Test: partial migration shard access (challenge 2) ...
  ... Passed
PASS
ok  	6.824/shardkv	128.777s
第 73 轮测试
-------------------------------------
Test: static shards ...
  ... Passed
Test: join then leave ...
  ... Passed
Test: snapshots, join, and leave ...
  ... Passed
Test: servers miss configuration changes...
  ... Passed
Test: concurrent puts and configuration changes...
  ... Passed
Test: more concurrent puts and configuration changes...
  ... Passed
Test: concurrent configuration change and restart...
  ... Passed
Test: unreliable 1...
  ... Passed
Test: unreliable 2...
  ... Passed
Test: unreliable 3...
  ... Passed
Test: shard deletion (challenge 1) ...
  ... Passed
Test: unaffected shard access (challenge 2) ...
  ... Passed
Test: partial migration shard access (challenge 2) ...
  ... Passed
PASS
ok  	6.824/shardkv	130.439s
第 74 轮测试
-------------------------------------
Test: static shards ...
  ... Passed
Test: join then leave ...
  ... Passed
Test: snapshots, join, and leave ...
  ... Passed
Test: servers miss configuration changes...
  ... Passed
Test: concurrent puts and configuration changes...
  ... Passed
Test: more concurrent puts and configuration changes...
  ... Passed
Test: concurrent configuration change and restart...
  ... Passed
Test: unreliable 1...
  ... Passed
Test: unreliable 2...
  ... Passed
Test: unreliable 3...
  ... Passed
Test: shard deletion (challenge 1) ...
  ... Passed
Test: unaffected shard access (challenge 2) ...
  ... Passed
Test: partial migration shard access (challenge 2) ...
  ... Passed
PASS
ok  	6.824/shardkv	134.051s
第 75 轮测试
-------------------------------------
Test: static shards ...
  ... Passed
Test: join then leave ...
  ... Passed
Test: snapshots, join, and leave ...
  ... Passed
Test: servers miss configuration changes...
  ... Passed
Test: concurrent puts and configuration changes...
  ... Passed
Test: more concurrent puts and configuration changes...
  ... Passed
Test: concurrent configuration change and restart...
  ... Passed
Test: unreliable 1...
  ... Passed
Test: unreliable 2...
--- FAIL: TestUnreliable2 (12.43s)
    test_test.go:19: Get(0): expected:
        8Y0lbYweJHlGVucbN_OqTS46ZVqCx_wWAenPI8rIuXRUfLHr6E6Omih0qfbSSxJXXLPAWczG5juU0N9tjNv_fr-d9X
        received:
        8Y0lbYweJHlGVucbN_OqTS46ZVqCx_wWAenPI8rIuXRUfLHr6E6Omih0qfbSSxJXXLPAWczG5juU0N9tr-d9X
Test: unreliable 3...
  ... Passed
Test: shard deletion (challenge 1) ...
  ... Passed
Test: unaffected shard access (challenge 2) ...
  ... Passed
Test: partial migration shard access (challenge 2) ...
  ... Passed
FAIL
exit status 1
FAIL	6.824/shardkv	139.234s
第 76 轮测试
-------------------------------------
Test: static shards ...
  ... Passed
Test: join then leave ...
  ... Passed
Test: snapshots, join, and leave ...
  ... Passed
Test: servers miss configuration changes...
  ... Passed
Test: concurrent puts and configuration changes...
  ... Passed
Test: more concurrent puts and configuration changes...
  ... Passed
Test: concurrent configuration change and restart...
  ... Passed
Test: unreliable 1...
  ... Passed
Test: unreliable 2...
  ... Passed
Test: unreliable 3...
  ... Passed
Test: shard deletion (challenge 1) ...
  ... Passed
Test: unaffected shard access (challenge 2) ...
  ... Passed
Test: partial migration shard access (challenge 2) ...
  ... Passed
PASS
ok  	6.824/shardkv	132.939s
第 77 轮测试
-------------------------------------
Test: static shards ...
  ... Passed
Test: join then leave ...
  ... Passed
Test: snapshots, join, and leave ...
  ... Passed
Test: servers miss configuration changes...
  ... Passed
Test: concurrent puts and configuration changes...
  ... Passed
Test: more concurrent puts and configuration changes...
  ... Passed
Test: concurrent configuration change and restart...
  ... Passed
Test: unreliable 1...
  ... Passed
Test: unreliable 2...
  ... Passed
Test: unreliable 3...
  ... Passed
Test: shard deletion (challenge 1) ...
  ... Passed
Test: unaffected shard access (challenge 2) ...
  ... Passed
Test: partial migration shard access (challenge 2) ...
  ... Passed
PASS
ok  	6.824/shardkv	129.600s
第 78 轮测试
-------------------------------------
Test: static shards ...
  ... Passed
Test: join then leave ...
  ... Passed
Test: snapshots, join, and leave ...
  ... Passed
Test: servers miss configuration changes...
  ... Passed
Test: concurrent puts and configuration changes...
  ... Passed
Test: more concurrent puts and configuration changes...
  ... Passed
Test: concurrent configuration change and restart...
  ... Passed
Test: unreliable 1...
  ... Passed
Test: unreliable 2...
  ... Passed
Test: unreliable 3...
  ... Passed
Test: shard deletion (challenge 1) ...
  ... Passed
Test: unaffected shard access (challenge 2) ...
  ... Passed
Test: partial migration shard access (challenge 2) ...
  ... Passed
PASS
ok  	6.824/shardkv	140.106s
第 79 轮测试
-------------------------------------
Test: static shards ...
  ... Passed
Test: join then leave ...
  ... Passed
Test: snapshots, join, and leave ...
  ... Passed
Test: servers miss configuration changes...
  ... Passed
Test: concurrent puts and configuration changes...
  ... Passed
Test: more concurrent puts and configuration changes...
  ... Passed
Test: concurrent configuration change and restart...
  ... Passed
Test: unreliable 1...
  ... Passed
Test: unreliable 2...
  ... Passed
Test: unreliable 3...
  ... Passed
Test: shard deletion (challenge 1) ...
  ... Passed
Test: unaffected shard access (challenge 2) ...
  ... Passed
Test: partial migration shard access (challenge 2) ...
  ... Passed
PASS
ok  	6.824/shardkv	132.738s
第 80 轮测试
-------------------------------------
Test: static shards ...
  ... Passed
Test: join then leave ...
  ... Passed
Test: snapshots, join, and leave ...
  ... Passed
Test: servers miss configuration changes...
  ... Passed
Test: concurrent puts and configuration changes...
  ... Passed
Test: more concurrent puts and configuration changes...
  ... Passed
Test: concurrent configuration change and restart...
  ... Passed
Test: unreliable 1...
  ... Passed
Test: unreliable 2...
  ... Passed
Test: unreliable 3...
  ... Passed
Test: shard deletion (challenge 1) ...
  ... Passed
Test: unaffected shard access (challenge 2) ...
  ... Passed
Test: partial migration shard access (challenge 2) ...
  ... Passed
PASS
ok  	6.824/shardkv	138.975s
第 81 轮测试
-------------------------------------
Test: static shards ...
  ... Passed
Test: join then leave ...
  ... Passed
Test: snapshots, join, and leave ...
  ... Passed
Test: servers miss configuration changes...
  ... Passed
Test: concurrent puts and configuration changes...
  ... Passed
Test: more concurrent puts and configuration changes...
  ... Passed
Test: concurrent configuration change and restart...
  ... Passed
Test: unreliable 1...
  ... Passed
Test: unreliable 2...
  ... Passed
Test: unreliable 3...
  ... Passed
Test: shard deletion (challenge 1) ...
  ... Passed
Test: unaffected shard access (challenge 2) ...
  ... Passed
Test: partial migration shard access (challenge 2) ...
  ... Passed
PASS
ok  	6.824/shardkv	130.723s
第 82 轮测试
-------------------------------------
Test: static shards ...
  ... Passed
Test: join then leave ...
  ... Passed
Test: snapshots, join, and leave ...
  ... Passed
Test: servers miss configuration changes...
  ... Passed
Test: concurrent puts and configuration changes...
  ... Passed
Test: more concurrent puts and configuration changes...
  ... Passed
Test: concurrent configuration change and restart...
  ... Passed
Test: unreliable 1...
  ... Passed
Test: unreliable 2...
  ... Passed
Test: unreliable 3...
  ... Passed
Test: shard deletion (challenge 1) ...
  ... Passed
Test: unaffected shard access (challenge 2) ...
  ... Passed
Test: partial migration shard access (challenge 2) ...
  ... Passed
PASS
ok  	6.824/shardkv	144.511s
第 83 轮测试
-------------------------------------
Test: static shards ...
  ... Passed
Test: join then leave ...
  ... Passed
Test: snapshots, join, and leave ...
  ... Passed
Test: servers miss configuration changes...
  ... Passed
Test: concurrent puts and configuration changes...
  ... Passed
Test: more concurrent puts and configuration changes...
  ... Passed
Test: concurrent configuration change and restart...
  ... Passed
Test: unreliable 1...
  ... Passed
Test: unreliable 2...
  ... Passed
Test: unreliable 3...
  ... Passed
Test: shard deletion (challenge 1) ...
  ... Passed
Test: unaffected shard access (challenge 2) ...
  ... Passed
Test: partial migration shard access (challenge 2) ...
  ... Passed
PASS
ok  	6.824/shardkv	142.126s
第 84 轮测试
-------------------------------------
Test: static shards ...
  ... Passed
Test: join then leave ...
  ... Passed
Test: snapshots, join, and leave ...
  ... Passed
Test: servers miss configuration changes...
  ... Passed
Test: concurrent puts and configuration changes...
  ... Passed
Test: more concurrent puts and configuration changes...
  ... Passed
Test: concurrent configuration change and restart...
--- FAIL: TestConcurrent3 (27.47s)
    test_test.go:19: Get(4): expected:
        cP9MZ1jDQU1DGM3LB-pMGP7M-modVSOEuwfkp0KKxE2oJfY7UyRwpioF4Z8LkBhhXJxxcXKfJbQrNUDtr_q91WGkRy
        received:
        cP9MZ1jDQU1DGM3B-pMGP7M-modVSOEuwfkp0KKxE2oJfY7UyRwpioF4Z8LkBhhXJxxcXKfJbQrNUDtr_q91WGkRy
Test: unreliable 1...
  ... Passed
Test: unreliable 2...
--- FAIL: TestUnreliable2 (7.98s)
    test_test.go:19: Get(2): expected:
        KDzyrAWrP7NgFJNI3L3xnSrQGicPi4bJSZTeSKtBP0NMlD-CRvqI-6x0YClin3pw8Eimbf1uz-322akC11xuLNqC08
        received:
        KDzyrAWrP7NgFJNI3L3xnSrQGicPi4bJSZTeSKtBP0NMlD-CRvqI-6x0YClin3pw8Eimbf1uz-322akCNqC08
Test: unreliable 3...
  ... Passed
Test: shard deletion (challenge 1) ...
  ... Passed
Test: unaffected shard access (challenge 2) ...
  ... Passed
Test: partial migration shard access (challenge 2) ...
  ... Passed
FAIL
exit status 1
FAIL	6.824/shardkv	140.773s
第 85 轮测试
-------------------------------------
Test: static shards ...
  ... Passed
Test: join then leave ...
  ... Passed
Test: snapshots, join, and leave ...
  ... Passed
Test: servers miss configuration changes...
  ... Passed
Test: concurrent puts and configuration changes...
  ... Passed
Test: more concurrent puts and configuration changes...
  ... Passed
Test: concurrent configuration change and restart...
  ... Passed
Test: unreliable 1...
  ... Passed
Test: unreliable 2...
  ... Passed
Test: unreliable 3...
  ... Passed
Test: shard deletion (challenge 1) ...
  ... Passed
Test: unaffected shard access (challenge 2) ...
  ... Passed
Test: partial migration shard access (challenge 2) ...
  ... Passed
PASS
ok  	6.824/shardkv	137.044s
第 86 轮测试
-------------------------------------
Test: static shards ...
  ... Passed
Test: join then leave ...
  ... Passed
Test: snapshots, join, and leave ...
  ... Passed
Test: servers miss configuration changes...
  ... Passed
Test: concurrent puts and configuration changes...
  ... Passed
Test: more concurrent puts and configuration changes...
  ... Passed
Test: concurrent configuration change and restart...
  ... Passed
Test: unreliable 1...
  ... Passed
Test: unreliable 2...
  ... Passed
Test: unreliable 3...
  ... Passed
Test: shard deletion (challenge 1) ...
  ... Passed
Test: unaffected shard access (challenge 2) ...
  ... Passed
Test: partial migration shard access (challenge 2) ...
  ... Passed
PASS
ok  	6.824/shardkv	167.534s
第 87 轮测试
-------------------------------------
Test: static shards ...
  ... Passed
Test: join then leave ...
  ... Passed
Test: snapshots, join, and leave ...
  ... Passed
Test: servers miss configuration changes...
  ... Passed
Test: concurrent puts and configuration changes...
  ... Passed
Test: more concurrent puts and configuration changes...
  ... Passed
Test: concurrent configuration change and restart...
  ... Passed
Test: unreliable 1...
  ... Passed
Test: unreliable 2...
  ... Passed
Test: unreliable 3...
  ... Passed
Test: shard deletion (challenge 1) ...
  ... Passed
Test: unaffected shard access (challenge 2) ...
  ... Passed
Test: partial migration shard access (challenge 2) ...
  ... Passed
PASS
ok  	6.824/shardkv	144.008s
第 88 轮测试
-------------------------------------
Test: static shards ...
  ... Passed
Test: join then leave ...
  ... Passed
Test: snapshots, join, and leave ...
  ... Passed
Test: servers miss configuration changes...
  ... Passed
Test: concurrent puts and configuration changes...
  ... Passed
Test: more concurrent puts and configuration changes...
  ... Passed
Test: concurrent configuration change and restart...
  ... Passed
Test: unreliable 1...
  ... Passed
Test: unreliable 2...
  ... Passed
Test: unreliable 3...
  ... Passed
Test: shard deletion (challenge 1) ...
  ... Passed
Test: unaffected shard access (challenge 2) ...
  ... Passed
Test: partial migration shard access (challenge 2) ...
  ... Passed
PASS
ok  	6.824/shardkv	153.935s
第 89 轮测试
-------------------------------------
Test: static shards ...
  ... Passed
Test: join then leave ...
  ... Passed
Test: snapshots, join, and leave ...
  ... Passed
Test: servers miss configuration changes...
  ... Passed
Test: concurrent puts and configuration changes...
  ... Passed
Test: more concurrent puts and configuration changes...
  ... Passed
Test: concurrent configuration change and restart...
  ... Passed
Test: unreliable 1...
  ... Passed
Test: unreliable 2...
  ... Passed
Test: unreliable 3...
  ... Passed
Test: shard deletion (challenge 1) ...
  ... Passed
Test: unaffected shard access (challenge 2) ...
  ... Passed
Test: partial migration shard access (challenge 2) ...
  ... Passed
PASS
ok  	6.824/shardkv	137.092s
第 90 轮测试
-------------------------------------
Test: static shards ...
  ... Passed
Test: join then leave ...
  ... Passed
Test: snapshots, join, and leave ...
  ... Passed
Test: servers miss configuration changes...
  ... Passed
Test: concurrent puts and configuration changes...
  ... Passed
Test: more concurrent puts and configuration changes...
  ... Passed
Test: concurrent configuration change and restart...
  ... Passed
Test: unreliable 1...
  ... Passed
Test: unreliable 2...
  ... Passed
Test: unreliable 3...
  ... Passed
Test: shard deletion (challenge 1) ...
  ... Passed
Test: unaffected shard access (challenge 2) ...
  ... Passed
Test: partial migration shard access (challenge 2) ...
  ... Passed
PASS
ok  	6.824/shardkv	130.434s
第 91 轮测试
-------------------------------------
Test: static shards ...
  ... Passed
Test: join then leave ...
  ... Passed
Test: snapshots, join, and leave ...
  ... Passed
Test: servers miss configuration changes...
  ... Passed
Test: concurrent puts and configuration changes...
  ... Passed
Test: more concurrent puts and configuration changes...
  ... Passed
Test: concurrent configuration change and restart...
  ... Passed
Test: unreliable 1...
  ... Passed
Test: unreliable 2...
  ... Passed
Test: unreliable 3...
  ... Passed
Test: shard deletion (challenge 1) ...
  ... Passed
Test: unaffected shard access (challenge 2) ...
  ... Passed
Test: partial migration shard access (challenge 2) ...
  ... Passed
PASS
ok  	6.824/shardkv	163.126s
第 92 轮测试
-------------------------------------
Test: static shards ...
  ... Passed
Test: join then leave ...
  ... Passed
Test: snapshots, join, and leave ...
  ... Passed
Test: servers miss configuration changes...
  ... Passed
Test: concurrent puts and configuration changes...
  ... Passed
Test: more concurrent puts and configuration changes...
  ... Passed
Test: concurrent configuration change and restart...
  ... Passed
Test: unreliable 1...
  ... Passed
Test: unreliable 2...
  ... Passed
Test: unreliable 3...
  ... Passed
Test: shard deletion (challenge 1) ...
  ... Passed
Test: unaffected shard access (challenge 2) ...
  ... Passed
Test: partial migration shard access (challenge 2) ...
  ... Passed
PASS
ok  	6.824/shardkv	146.793s
第 93 轮测试
-------------------------------------
Test: static shards ...
  ... Passed
Test: join then leave ...
  ... Passed
Test: snapshots, join, and leave ...
  ... Passed
Test: servers miss configuration changes...
  ... Passed
Test: concurrent puts and configuration changes...
  ... Passed
Test: more concurrent puts and configuration changes...
  ... Passed
Test: concurrent configuration change and restart...
  ... Passed
Test: unreliable 1...
  ... Passed
Test: unreliable 2...
  ... Passed
Test: unreliable 3...
  ... Passed
Test: shard deletion (challenge 1) ...
  ... Passed
Test: unaffected shard access (challenge 2) ...
  ... Passed
Test: partial migration shard access (challenge 2) ...
  ... Passed
PASS
ok  	6.824/shardkv	183.509s
第 94 轮测试
-------------------------------------
Test: static shards ...
  ... Passed
Test: join then leave ...
  ... Passed
Test: snapshots, join, and leave ...
  ... Passed
Test: servers miss configuration changes...
  ... Passed
Test: concurrent puts and configuration changes...
  ... Passed
Test: more concurrent puts and configuration changes...
  ... Passed
Test: concurrent configuration change and restart...
  ... Passed
Test: unreliable 1...
  ... Passed
Test: unreliable 2...
  ... Passed
Test: unreliable 3...
  ... Passed
Test: shard deletion (challenge 1) ...
  ... Passed
Test: unaffected shard access (challenge 2) ...
  ... Passed
Test: partial migration shard access (challenge 2) ...
  ... Passed
PASS
ok  	6.824/shardkv	166.953s
第 95 轮测试
-------------------------------------
Test: static shards ...
  ... Passed
Test: join then leave ...
  ... Passed
Test: snapshots, join, and leave ...
  ... Passed
Test: servers miss configuration changes...
  ... Passed
Test: concurrent puts and configuration changes...
  ... Passed
Test: more concurrent puts and configuration changes...
  ... Passed
Test: concurrent configuration change and restart...
  ... Passed
Test: unreliable 1...
  ... Passed
Test: unreliable 2...
  ... Passed
Test: unreliable 3...
  ... Passed
Test: shard deletion (challenge 1) ...
  ... Passed
Test: unaffected shard access (challenge 2) ...
  ... Passed
Test: partial migration shard access (challenge 2) ...
  ... Passed
PASS
ok  	6.824/shardkv	152.956s
第 96 轮测试
-------------------------------------
Test: static shards ...
  ... Passed
Test: join then leave ...
  ... Passed
Test: snapshots, join, and leave ...
  ... Passed
Test: servers miss configuration changes...
  ... Passed
Test: concurrent puts and configuration changes...
  ... Passed
Test: more concurrent puts and configuration changes...
  ... Passed
Test: concurrent configuration change and restart...
  ... Passed
Test: unreliable 1...
  ... Passed
Test: unreliable 2...
  ... Passed
Test: unreliable 3...
  ... Passed
Test: shard deletion (challenge 1) ...
  ... Passed
Test: unaffected shard access (challenge 2) ...
  ... Passed
Test: partial migration shard access (challenge 2) ...
  ... Passed
PASS
ok  	6.824/shardkv	162.203s
第 97 轮测试
-------------------------------------
Test: static shards ...
  ... Passed
Test: join then leave ...
  ... Passed
Test: snapshots, join, and leave ...
  ... Passed
Test: servers miss configuration changes...
  ... Passed
Test: concurrent puts and configuration changes...
  ... Passed
Test: more concurrent puts and configuration changes...
  ... Passed
Test: concurrent configuration change and restart...
  ... Passed
Test: unreliable 1...
  ... Passed
Test: unreliable 2...
  ... Passed
Test: unreliable 3...
  ... Passed
Test: shard deletion (challenge 1) ...
  ... Passed
Test: unaffected shard access (challenge 2) ...
  ... Passed
Test: partial migration shard access (challenge 2) ...
  ... Passed
PASS
ok  	6.824/shardkv	162.587s
第 98 轮测试
-------------------------------------
Test: static shards ...
  ... Passed
Test: join then leave ...
  ... Passed
Test: snapshots, join, and leave ...
  ... Passed
Test: servers miss configuration changes...
  ... Passed
Test: concurrent puts and configuration changes...
  ... Passed
Test: more concurrent puts and configuration changes...
  ... Passed
Test: concurrent configuration change and restart...
  ... Passed
Test: unreliable 1...
  ... Passed
Test: unreliable 2...
  ... Passed
Test: unreliable 3...
  ... Passed
Test: shard deletion (challenge 1) ...
  ... Passed
Test: unaffected shard access (challenge 2) ...
  ... Passed
Test: partial migration shard access (challenge 2) ...
  ... Passed
PASS
ok  	6.824/shardkv	145.665s
第 99 轮测试
-------------------------------------
Test: static shards ...
  ... Passed
Test: join then leave ...
  ... Passed
Test: snapshots, join, and leave ...
  ... Passed
Test: servers miss configuration changes...
  ... Passed
Test: concurrent puts and configuration changes...
  ... Passed
Test: more concurrent puts and configuration changes...
  ... Passed
Test: concurrent configuration change and restart...
  ... Passed
Test: unreliable 1...
  ... Passed
Test: unreliable 2...
  ... Passed
Test: unreliable 3...
  ... Passed
Test: shard deletion (challenge 1) ...
  ... Passed
Test: unaffected shard access (challenge 2) ...
  ... Passed
Test: partial migration shard access (challenge 2) ...
  ... Passed
PASS
ok  	6.824/shardkv	148.359s
第 100 轮测试
-------------------------------------
Test: static shards ...
  ... Passed
Test: join then leave ...
  ... Passed
Test: snapshots, join, and leave ...
  ... Passed
Test: servers miss configuration changes...
  ... Passed
Test: concurrent puts and configuration changes...
  ... Passed
Test: more concurrent puts and configuration changes...
  ... Passed
Test: concurrent configuration change and restart...
  ... Passed
Test: unreliable 1...
  ... Passed
Test: unreliable 2...
  ... Passed
Test: unreliable 3...
  ... Passed
Test: shard deletion (challenge 1) ...
  ... Passed
Test: unaffected shard access (challenge 2) ...
  ... Passed
Test: partial migration shard access (challenge 2) ...
  ... Passed
PASS
ok  	6.824/shardkv	140.965s
